SA_STEP        SA_TEMP      FINAL_AVE          ERROR     ACCEPTANCE
      1              3      -0.142016     0.00498211        0.49116
      2            1.5      -0.141109     0.00531565        0.49137
      3              1        1.46317      0.0287928        0.54214
      4           0.75        1.27039      0.0502785        0.78645
      5            0.6      -0.334312     0.00834573        0.75915
      6            0.5      -0.245916     0.00432432        0.65007
      7       0.428571      -0.170424      0.0160098        0.70798
      8          0.375      0.0280661     0.00635201        0.56373
      9       0.333333      -0.239243      0.0115606        0.67949
     10            0.3       -0.24416     0.00833566        0.67016
     11       0.272727      -0.247698     0.00731907        0.66623
     12           0.25      -0.179144       0.014793        0.70938
     13       0.230769       0.516832       0.056489        0.75553
     14       0.214286       0.426062      0.0443939        0.75302
     15            0.2      0.0456289      0.0266148        0.73297
     16         0.1875     -0.0493675      0.0212546        0.73049
     17       0.176471       0.097284      0.0298478        0.73695
     18       0.166667       0.128884      0.0269371        0.74288
     19       0.157895     -0.0846305      0.0197622        0.72311
     20           0.15      -0.244156     0.00950489        0.67981
     21       0.142857      -0.256849     0.00703643        0.67972
     22       0.136364      -0.258586     0.00618859        0.66509
     23       0.130435      -0.258149     0.00772594        0.67278
     24          0.125      -0.254866     0.00595048        0.66233
     25           0.12      -0.260996     0.00507847        0.65885
     26       0.115385      -0.296636     0.00536216        0.67823
     27       0.111111      -0.267468      0.0112763        0.71263
     28       0.107143      -0.293153     0.00847484        0.71152
     29       0.103448      -0.291404     0.00477536        0.67775
     30            0.1      -0.367987     0.00327383        0.70798
     31      0.0967742      -0.333065     0.00545701        0.70137
     32        0.09375      -0.257718      0.0111049        0.72508
     33      0.0909091      -0.194625       0.012752        0.74528
     34      0.0882353      -0.227097      0.0156872        0.73397
     35      0.0857143      -0.132798      0.0153737        0.75283
     36      0.0833333      -0.283539     0.00901246        0.74672
     37      0.0810811      -0.263026      0.0112767        0.74253
     38      0.0789474      -0.279046      0.0106908        0.74553
     39      0.0769231      -0.335599     0.00656058        0.71533
     40          0.075       -0.32897     0.00624567         0.7184
     41      0.0731707      -0.327407     0.00775426        0.71447
     42      0.0714286      -0.307105     0.00693451        0.69667
     43      0.0697674      -0.298956     0.00576682        0.68933
     44      0.0681818      -0.287549     0.00647379        0.68648
     45      0.0666667      -0.283174       0.005285        0.67206
     46      0.0652174       -0.28518     0.00560968         0.6719
     47      0.0638298      -0.319472     0.00486388        0.69157
     48         0.0625      -0.340002     0.00405373        0.69461
     49      0.0612245      -0.339788     0.00393921        0.69674
     50           0.06       -0.32769     0.00484021        0.69891
     51      0.0588235      -0.324145      0.0069141        0.69979
     52      0.0576923       -0.31265     0.00569107        0.70271
     53      0.0566038      -0.312501     0.00961166        0.71505
     54      0.0555556      -0.333228     0.00765409        0.73194
     55      0.0545455      -0.303264      0.0089341        0.73565
     56      0.0535714      -0.304235     0.00865021        0.74078
     57      0.0526316      -0.322799     0.00895816        0.75383
     58      0.0517241      -0.305739     0.00951895        0.75355
     59      0.0508475      -0.320854     0.00894681        0.74986
     60           0.05      -0.343727     0.00791642        0.74168
     61      0.0491803      -0.290285      0.0101576        0.73719
     62      0.0483871      -0.315261     0.00797094        0.73535
     63       0.047619      -0.252743      0.0109262        0.74803
     64       0.046875      -0.263951      0.0121117        0.74788
     65      0.0461538      -0.271638      0.0101951         0.7375
     66      0.0454545      -0.287655      0.0110626        0.73799
     67      0.0447761        -0.2513      0.0136356        0.74668
     68      0.0441176      -0.290185     0.00950102        0.74632
     69      0.0434783      -0.283353       0.010399        0.74802
     70      0.0428571      -0.303383      0.0089038        0.74637
     71      0.0422535       -0.32862     0.00878637        0.75166
     72      0.0416667      -0.330244     0.00778539        0.74876
     73      0.0410959      -0.320145     0.00801048        0.75072
     74      0.0405405      -0.336384     0.00798782        0.74276
     75           0.04      -0.366748     0.00694589         0.7456
     76      0.0394737        -0.3831      0.0037131        0.72861
     77       0.038961      -0.384933      0.0039955        0.73004
     78      0.0384615      -0.381497     0.00499047        0.74252
     79      0.0379747      -0.380453     0.00532156        0.72836
     80         0.0375      -0.391795     0.00290892        0.72831
     81       0.037037      -0.404634     0.00253316        0.73096
     82      0.0365854      -0.397193     0.00355221        0.73246
     83      0.0361446      -0.411188     0.00308151        0.74518
     84      0.0357143      -0.412562     0.00298563        0.74272
     85      0.0352941       -0.41202     0.00230968        0.73629
     86      0.0348837      -0.406224     0.00410247        0.74758
     87      0.0344828      -0.408845     0.00509424        0.74782
     88      0.0340909      -0.401574     0.00389565        0.74593
     89      0.0337079      -0.397719     0.00519884        0.75155
     90      0.0333333      -0.361653     0.00982005        0.75912
     91       0.032967      -0.368838     0.00672625        0.75873
     92      0.0326087      -0.374396     0.00599517        0.74821
     93      0.0322581      -0.381314     0.00700511        0.76024
     94      0.0319149      -0.399617     0.00608018        0.76297
     95      0.0315789      -0.421712     0.00354964        0.75746
     96        0.03125      -0.397067     0.00604816        0.75443
     97      0.0309278      -0.415373     0.00318909        0.74924
     98      0.0306122      -0.406447     0.00421545        0.75505
     99       0.030303      -0.406843     0.00344316        0.74414
    100           0.03      -0.415794     0.00287812        0.74619
    101       0.029703      -0.404635     0.00266705        0.73945
    102      0.0294118      -0.424394     0.00246103        0.74181
    103      0.0291262      -0.426901     0.00256888        0.74055
    104      0.0288462      -0.427447     0.00245302        0.74184
    105      0.0285714      -0.421358     0.00244204        0.73965
    106      0.0283019      -0.409159     0.00332735        0.74089
    107      0.0280374      -0.407382     0.00426137        0.74998
    108      0.0277778      -0.400578     0.00316616        0.73637
    109      0.0275229      -0.390757     0.00458966        0.73759
    110      0.0272727      -0.371345     0.00604084        0.74152
    111       0.027027      -0.369067     0.00484731        0.73453
    112      0.0267857      -0.368282     0.00496096         0.7326
    113      0.0265487      -0.381342     0.00586865        0.73749
    114      0.0263158      -0.395752     0.00422896         0.7393
    115       0.026087      -0.391303     0.00358737        0.73244
    116      0.0258621       -0.40616     0.00355708        0.74762
    117       0.025641      -0.402016      0.0038569        0.74699
    118      0.0254237      -0.377728     0.00636179        0.74199
    119      0.0252101      -0.368164     0.00684608        0.74785
    120          0.025      -0.376902     0.00556377        0.74499
    121      0.0247934      -0.378431     0.00486638        0.74199
    122      0.0245902      -0.404491     0.00491011        0.74957
    123      0.0243902       -0.42299     0.00375224        0.75754
    124      0.0241935      -0.412477      0.0042778        0.75626
    125          0.024      -0.419316     0.00423629        0.76006
    126      0.0238095      -0.397582      0.0079838        0.75647
    127       0.023622      -0.406459     0.00486264        0.76447
    128      0.0234375      -0.385417     0.00671252        0.76174
    129      0.0232558      -0.408035     0.00473754        0.75767
    130      0.0230769      -0.408066     0.00443874        0.75837
    131      0.0229008      -0.413595       0.003786        0.75738
    132      0.0227273        -0.4177     0.00435081         0.7545
    133      0.0225564      -0.436238     0.00311345        0.75319
    134      0.0223881      -0.433412     0.00334247        0.74755
    135      0.0222222      -0.436434     0.00276325        0.75124
    136      0.0220588      -0.439459     0.00269396        0.74459
    137      0.0218978      -0.428523     0.00280707        0.74408
    138      0.0217391      -0.436996     0.00247806        0.74265
    139      0.0215827      -0.442834     0.00247002        0.74481
    140      0.0214286      -0.447509       0.002186        0.72953
    141      0.0212766      -0.443431      0.0026715        0.71944
    142      0.0211268      -0.441125     0.00231532        0.70203
    143       0.020979      -0.424635     0.00244715        0.67146
    144      0.0208333      -0.427739      0.0028441        0.68466
    145      0.0206897      -0.441791     0.00231945        0.71086
    146      0.0205479      -0.437313     0.00240343        0.70169
    147      0.0204082      -0.436989     0.00296508        0.70819
    148      0.0202703       -0.43066     0.00307799         0.6961
    149      0.0201342      -0.438352     0.00272335        0.69796
    150           0.02      -0.439792     0.00291187        0.70568
    151      0.0198675      -0.439989     0.00241667        0.69513
    152      0.0197368       -0.43815     0.00320837        0.70063
    153      0.0196078      -0.429898     0.00279231        0.69286
    154      0.0194805      -0.428697     0.00354091        0.70869
    155      0.0193548      -0.431482     0.00335819        0.71046
    156      0.0192308      -0.434182     0.00295397        0.71283
    157      0.0191083      -0.419772     0.00434265        0.71759
    158      0.0189873      -0.413785     0.00427095        0.71815
    159      0.0188679      -0.414511     0.00403031        0.70555
    160        0.01875      -0.409641     0.00455615        0.70524
    161      0.0186335      -0.393585     0.00504718        0.71452
    162      0.0185185      -0.404194     0.00446908        0.70022
    163      0.0184049       -0.41493     0.00374504        0.68733
    164      0.0182927      -0.417374      0.0034192        0.67655
    165      0.0181818      -0.420878     0.00354035        0.69254
    166      0.0180723      -0.421159     0.00295803        0.67318
    167      0.0179641      -0.423347     0.00370974        0.68077
    168      0.0178571      -0.422018     0.00310171        0.68928
    169      0.0177515      -0.418926     0.00362873        0.68802
    170      0.0176471      -0.414944     0.00404631        0.69785
    171      0.0175439      -0.426774     0.00364438        0.69741
    172      0.0174419      -0.415587     0.00437652        0.69921
    173       0.017341      -0.416723     0.00408065        0.69853
    174      0.0172414      -0.423452       0.003791        0.69759
    175      0.0171429       -0.42736     0.00323537        0.69324
    176      0.0170455      -0.428389     0.00312497        0.69592
    177      0.0169492      -0.420501       0.003104        0.67139
    178      0.0168539      -0.410034     0.00321922        0.66247
    179      0.0167598      -0.424337     0.00283742        0.68008
    180      0.0166667      -0.415073     0.00356139        0.67926
    181      0.0165746      -0.419301     0.00369831        0.68636
    182      0.0164835      -0.422126     0.00339641        0.68998
    183      0.0163934      -0.426425     0.00301058        0.68813
    184      0.0163043      -0.415837       0.003966          0.687
    185      0.0162162       -0.42747      0.0033189        0.69798
    186       0.016129      -0.418777     0.00427703        0.69315
    187      0.0160428      -0.429135      0.0037549        0.69605
    188      0.0159574      -0.423442     0.00371875         0.6933
    189       0.015873      -0.415989      0.0037469        0.68878
    190      0.0157895      -0.417448     0.00327902        0.68903
    191      0.0157068       -0.41435     0.00380062        0.68753
    192       0.015625      -0.414273     0.00401302        0.68744
    193       0.015544      -0.415004     0.00419105        0.68979
    194      0.0154639      -0.422791     0.00358797        0.69896
    195      0.0153846      -0.402484     0.00498485        0.70476
    196      0.0153061      -0.398254     0.00528383        0.71588
    197      0.0152284      -0.408053     0.00477333        0.71009
    198      0.0151515      -0.416429     0.00421283        0.70776
    199      0.0150754      -0.411508     0.00428991        0.70752
    200          0.015      -0.417358     0.00405517        0.69831
    201      0.0149254      -0.414292     0.00413118        0.70039
    202      0.0148515      -0.423427     0.00344213        0.68924
    203      0.0147783      -0.423588     0.00336074        0.69333
    204      0.0147059      -0.432901     0.00299404        0.69094
    205      0.0146341      -0.429001      0.0029808        0.68153
    206      0.0145631      -0.435427     0.00237253        0.69067
    207      0.0144928      -0.439969     0.00284582        0.70545
    208      0.0144231      -0.431082     0.00347285        0.70711
    209      0.0143541      -0.437483     0.00308967        0.70346
    210      0.0142857      -0.444513     0.00262011        0.71547
    211       0.014218      -0.437932     0.00308148        0.71433
    212      0.0141509       -0.44319     0.00268224        0.71492
    213      0.0140845       -0.44029     0.00248249         0.7126
    214      0.0140187      -0.441604     0.00261223        0.71081
    215      0.0139535      -0.436698     0.00286408        0.72215
    216      0.0138889      -0.431313     0.00379568        0.72876
    217      0.0138249      -0.436323     0.00291345         0.7263
    218      0.0137615      -0.433258     0.00352491        0.73777
    219      0.0136986      -0.432568     0.00364149        0.73437
    220      0.0136364      -0.441392     0.00303695        0.73483
    221      0.0135747       -0.41945     0.00454643        0.74112
    222      0.0135135      -0.421403     0.00442007        0.74142
    223      0.0134529      -0.414161     0.00457703        0.74892
    224      0.0133929        -0.4234     0.00425313          0.756
    225      0.0133333      -0.413735     0.00542804        0.75103
    226      0.0132743      -0.429206     0.00412684         0.7449
    227      0.0132159      -0.436097     0.00418878        0.74383
    228      0.0131579      -0.432736     0.00494597        0.74102
    229      0.0131004      -0.434387     0.00411158        0.73765
    230      0.0130435      -0.433836     0.00405085        0.73765
    231       0.012987      -0.435031     0.00350964         0.7453
    232       0.012931      -0.435622      0.0035733        0.74255
    233      0.0128755       -0.43945     0.00298431        0.73984
    234      0.0128205      -0.438489     0.00337741          0.737
    235       0.012766      -0.441835     0.00358158        0.72998
    236      0.0127119      -0.445738     0.00239505        0.72787
    237      0.0126582      -0.443834     0.00305777        0.72944
    238       0.012605      -0.444768     0.00264146        0.72377
    239      0.0125523      -0.444939     0.00257017        0.72741
    240         0.0125      -0.444113     0.00277183        0.71865
    241      0.0124481      -0.445359     0.00260925        0.72521
    242      0.0123967      -0.440503     0.00302351        0.72836
    243      0.0123457      -0.445295     0.00263296        0.72906
    244      0.0122951      -0.436254     0.00368282        0.72846
    245      0.0122449      -0.435939     0.00320246        0.73063
    246      0.0121951      -0.439379     0.00274935        0.72963
    247      0.0121457      -0.441836      0.0029756        0.72631
    248      0.0120968      -0.438063     0.00337933        0.72791
    249      0.0120482      -0.443495      0.0031515        0.72916
    250          0.012      -0.446614     0.00283052        0.71634
    251      0.0119522      -0.444405     0.00220512        0.71831
    252      0.0119048      -0.440237     0.00250608        0.70891
    253      0.0118577      -0.445635     0.00219676        0.71222
    254       0.011811      -0.444416     0.00197465        0.70925
    255      0.0117647      -0.443412     0.00234926        0.71804
    256      0.0117188      -0.442538     0.00251784        0.72159
    257      0.0116732      -0.444097     0.00242101        0.71949
    258      0.0116279      -0.442814     0.00260473        0.71946
    259       0.011583      -0.445408     0.00246295        0.72027
    260      0.0115385      -0.441168        0.00262        0.71658
    261      0.0114943      -0.438475     0.00323772         0.7262
    262      0.0114504      -0.442368     0.00258902        0.72834
    263      0.0114068       -0.44104      0.0029767        0.72288
    264      0.0113636      -0.445065     0.00250146        0.72512
    265      0.0113208      -0.438689     0.00292145        0.72314
    266      0.0112782      -0.446454     0.00244161        0.72024
    267       0.011236      -0.443607     0.00234162        0.71653
    268       0.011194      -0.445209     0.00197437        0.71414
    269      0.0111524      -0.447181     0.00211188        0.71944
    270      0.0111111      -0.447377     0.00222313        0.71348
    271      0.0110701      -0.443698     0.00249912        0.71954
    272      0.0110294      -0.444905     0.00236911        0.72311
    273       0.010989      -0.434208     0.00504283        0.72532
    274      0.0109489      -0.442127     0.00276932        0.72133
    275      0.0109091       -0.43851     0.00295771        0.72907
    276      0.0108696      -0.434392       0.003611        0.72396
    277      0.0108303      -0.441135     0.00287674         0.7325
    278      0.0107914      -0.443917     0.00298929          0.729
    279      0.0107527       -0.43939     0.00305844        0.72226
    280      0.0107143      -0.443348     0.00261665        0.72255
    281      0.0106762      -0.443698     0.00234244        0.71952
    282      0.0106383      -0.440326     0.00284523        0.71364
    283      0.0106007      -0.441899     0.00249532        0.71407
    284      0.0105634      -0.447096     0.00207667        0.71768
    285      0.0105263      -0.442027     0.00259836        0.72106
    286      0.0104895      -0.446886     0.00229813        0.72587
    287       0.010453      -0.447609     0.00204409        0.71473
    288      0.0104167       -0.44175     0.00236398        0.71461
    289      0.0103806      -0.445859     0.00193902        0.71944
    290      0.0103448      -0.437992     0.00233207        0.70905
    291      0.0103093      -0.441346     0.00198653        0.71336
    292       0.010274      -0.441079     0.00209644        0.70498
    293      0.0102389      -0.438033     0.00216392        0.70063
    294      0.0102041      -0.434136     0.00217951        0.69268
    295      0.0101695      -0.436719     0.00242624        0.69561
    296      0.0101351      -0.439063     0.00223239        0.70008
    297       0.010101      -0.430818     0.00246138        0.68993
    298      0.0100671      -0.437815     0.00212445        0.69191
    299      0.0100334       -0.43447     0.00269603        0.69003
    300           0.01      -0.435282     0.00205795        0.68696
