1            0.5
1            0.5
1.38854       0.638477
1.18188        0.90052
0.782582       0.771269
0.517195        0.67839
0.421662        1.05587
0.106636       0.717577
0.134255        1.03339
0.0409423        1.00629
0.255899        0.95208
0.342813        1.09371
0.418817        1.33812
0.391669        1.32017
0.389716        1.20911
0.573709        1.08091
0.413511        1.20538
0.481449        1.20722
0.469136         1.1067
0.332844       0.979263
0.332844       0.979263
0.269433        0.94757
0.378353       0.930566
0.382535       0.885319
0.482153       0.791785
0.566982       0.760434
0.640797       0.858098
0.640797       0.858098
0.559406        0.77193
0.653512       0.692389
0.620272        0.78415
0.6988       0.854122
0.746721       0.884296
0.71166       0.874195
0.766442       0.909225
0.765523       0.835314
0.745295       0.836124
0.745295       0.836124
0.670412       0.791271
0.670412       0.791271
0.670412       0.791271
0.615787       0.806625
0.563213       0.835226
0.563213       0.835226
0.523738       0.808719
0.537873       0.780244
0.599788       0.775578
0.619622       0.737893
0.619622       0.737893
0.626814       0.765004
0.622245       0.786585
0.614041       0.805643
0.667941       0.784144
0.713734       0.786323
0.730542       0.820362
0.738706       0.807868
0.773985       0.795779
0.773985       0.795779
0.76377       0.793714
0.740776       0.775554
0.721633       0.816207
0.721633       0.816207
0.763385       0.848152
0.763385       0.848152
0.722579       0.841564
0.738177       0.818474
0.75639       0.831744
0.756889       0.815896
0.756889       0.815896
0.756889       0.815896
0.761339       0.783824
0.761339       0.783824
0.761339       0.783824
0.738611       0.753667
0.738611       0.753667
0.698903        0.71526
0.698903        0.71526
0.724771       0.731202
0.699517       0.697404
0.68883       0.677132
0.692673        0.65751
0.699585       0.686985
0.723997       0.669522
0.723997       0.669522
0.705863       0.649017
0.734734        0.68397
0.734734        0.68397
0.732004       0.694523
0.750977       0.721193
0.773581       0.743512
0.778628       0.738748
0.753772       0.741134
0.782059        0.71734
0.793243       0.700921
0.778025        0.68231
0.762774       0.696056
0.743889       0.675701
0.756873       0.690377
0.726798       0.685404
0.72761       0.666797
0.711826       0.654004
0.729169       0.642626
0.729169       0.642626
0.742552       0.635434
0.72509       0.648724
0.719287       0.674704
0.74064       0.681408
0.712625       0.705979
0.71905        0.70512
0.725236       0.727421
0.70864       0.738122
0.70864       0.738122
0.71311       0.721153
0.712183       0.695039
0.707383       0.702937
0.733077       0.703376
0.734518        0.70349
0.734485       0.726289
0.747785       0.748628
0.735782       0.733872
0.728638       0.726113
0.744171       0.701901
0.767426       0.679662
0.763683       0.686117
0.786959       0.688345
0.786959       0.688345
0.781693       0.710246
0.781693       0.710246
0.779884       0.689342
0.778251       0.687703
0.775211       0.681788
0.767369       0.679728
0.780867       0.665651
0.778454       0.646305
0.775924       0.653124
0.762017       0.637908
0.740909       0.643968
0.761703       0.641043
0.78292       0.643896
0.797162       0.623522
0.806835       0.612077
0.816194       0.595446
0.82927       0.575637
0.848395       0.595946
0.829042        0.61284
0.829585       0.603075
0.848901       0.621945
0.845691       0.609529
0.851488       0.612623
0.832519       0.608854
0.841325       0.606077
0.84889       0.610612
0.857767       0.609305
0.858109       0.627036
0.844423       0.621535
0.850106       0.629131
0.868195       0.641587
0.878129       0.648876
0.88651       0.636537
0.88651       0.636537
0.898558       0.653131
0.901314       0.636855
0.895453       0.623463
0.890128       0.608382
0.878456       0.619481
0.876979       0.601849
0.868662       0.598801
0.881856       0.615807
0.881856       0.615807
0.875772       0.623268
0.875772       0.623268
0.875772       0.623268
0.875772       0.623268
0.875772       0.623268
0.859357       0.612986
0.859357       0.612986
0.87235       0.597221
0.886437       0.596865
0.871565       0.603359
0.878926        0.60505
0.880164       0.614353
0.871842       0.609252
0.878729       0.615199
0.878729       0.615199
0.869042        0.62012
0.873324       0.620317
0.862869       0.614452
0.874407       0.619833
0.882685       0.615333
0.883056        0.61729
0.888207       0.619449
0.888207       0.619449
0.888207       0.619449
0.877899       0.623967
0.891812       0.638515
0.891168        0.65068
0.896002       0.643772
0.88303       0.637681
0.88303       0.637681
0.872767       0.625726
0.872767       0.625726
0.871361       0.613784
0.871361       0.613784
0.861331         0.6079
0.854778       0.597396
0.851148       0.601124
0.838816       0.612426
0.839919       0.613497
0.844262        0.61128
0.831147       0.620323
0.831147       0.620323
0.831147       0.620323
0.826783       0.611949
0.820358       0.615231
0.828356       0.624554
0.832326       0.634478
0.8347       0.638694
0.831575        0.65216
0.831336       0.644532
0.831336       0.644532
0.835914       0.656232
0.840794       0.660572
0.831895       0.673122
0.827724       0.683293
0.837272       0.674237
0.826417        0.66183
0.813752       0.649602
0.813752       0.649602
0.813752       0.649602
0.819155       0.646202
0.816765       0.655836
0.804717        0.65101
0.814582       0.641845
0.817347       0.643282
0.81925       0.630486
0.812995       0.630255
0.812995       0.630255
0.817742        0.61915
0.825091       0.630932
0.827193       0.621141
0.815786        0.62525
0.812975       0.630024
0.817329       0.630985
0.823544       0.632923
0.824522       0.636463
0.824522       0.636463
0.823413       0.633193
0.823413       0.633193
0.814829       0.628244
0.821783       0.617252
0.809841       0.613075
0.804231       0.602718
0.804231       0.602718
0.805685       0.600584
0.797907         0.6093
0.809053       0.616898
0.817681       0.617909
0.817681       0.617909
0.817681       0.617909
0.817681       0.617909
0.811412       0.626531
0.813664       0.631325
0.82358       0.626245
0.82358       0.626245
0.818966        0.62276
0.808871       0.616096
0.806933       0.609967
0.799459       0.604122
0.799482       0.613023
0.81049       0.609357
0.806567       0.615012
0.812831       0.620315
0.823611       0.630094
0.822014       0.624086
0.820985       0.633505
0.828475       0.635029
0.82066       0.639108
0.825839        0.63649
0.821312       0.627318
0.814839       0.621056
0.811286       0.614893
0.81272       0.606501
0.811665       0.609971
0.804982       0.613497
0.803206       0.615576
0.805744       0.619846
0.813582       0.612036
0.805495       0.604174
0.795403       0.602638
0.796686       0.596481
0.787827       0.600798
0.795438       0.591909
0.802801       0.589486
0.806569       0.579968
0.809812       0.588713
0.809812       0.588713
0.804611       0.580116
0.812279       0.589378
0.819822       0.588603
0.816845       0.582923
