# BLOCK   OBS_AVE          ERROR     ACCEPTANCE
      0   1.58999              0         0.5814
      1   1.57818      0.0118109         0.5658
      2   1.51754      0.0610285         0.5632
      3   1.52091      0.0432857         0.5722
      4     1.535      0.0363693         0.5822
      5   1.53285      0.0297738         0.5812
      6   1.52021      0.0281577         0.5698
      7   1.52341      0.0245946          0.575
      8   1.53508      0.0246285         0.5714
      9   1.53485      0.0220296         0.5548
     10   1.52661      0.0215647         0.5746
     11   1.53572      0.0216922          0.593
     12   1.53046       0.020635         0.5666
     13    1.5268      0.0194525         0.5692
     14   1.53091        0.01857         0.5808
     15   1.53297      0.0174927         0.5748
     16    1.5331       0.016432         0.5756
     17   1.52775      0.0163894         0.5758
     18   1.52521      0.0157091         0.5688
     19   1.52303      0.0150617          0.574
     20   1.52225      0.0143477          0.568
     21   1.52049      0.0137935          0.589
     22   1.51694      0.0136501          0.561
     23   1.51781      0.0130984         0.5838
     24   1.51863      0.0125902         0.5884
     25   1.51359      0.0131053          0.559
     26   1.51069      0.0129394          0.581
     27   1.50779      0.0128011         0.5644
     28   1.50762       0.012353         0.5664
     29   1.50394      0.0124888         0.5628
     30   1.50249      0.0121659          0.576
     31   1.50293      0.0117877         0.5812
     32   1.50088      0.0116072         0.5748
     33   1.49849      0.0115104         0.5708
     34   1.49823      0.0111798          0.568
     35   1.49765      0.0108803         0.5672
     36    1.4973      0.0105878         0.5718
     37   1.49564      0.0104384          0.565
     38   1.49643      0.0101976         0.5784
     39   1.49638     0.00993947          0.567
     40   1.49505     0.00978566         0.5634
     41   1.49642     0.00964828         0.5794
     42   1.49952     0.00991697         0.5806
     43   1.49985     0.00969471         0.5644
     44   1.49763     0.00973373         0.5666
     45    1.4961     0.00964184         0.5682
     46   1.49781     0.00958755          0.571
     47   1.49963     0.00956123         0.5796
     48   1.50026       0.009385         0.5674
     49   1.49936     0.00923891          0.576
     50   1.50231     0.00952251         0.5956
     51   1.50071     0.00947315          0.573
     52   1.49987     0.00933077          0.576
     53   1.50021     0.00916269         0.5874
     54   1.50037     0.00899593         0.5834
     55   1.50116     0.00886896         0.5812
     56   1.50149     0.00871855         0.5724
     57   1.50305     0.00870652         0.5826
     58   1.50267     0.00856608         0.5644
     59   1.50182     0.00846499         0.5668
     60   1.50116     0.00835104         0.5704
     61   1.50201     0.00825906         0.5768
     62   1.50229     0.00813188           0.57
     63   1.50308      0.0080421         0.5682
     64   1.50255     0.00793467         0.5648
     65   1.50295     0.00782343           0.58
     66   1.50313     0.00770787           0.58
     67   1.50279       0.007601         0.5718
     68   1.50103     0.00769395         0.5624
     69   1.50348     0.00796734         0.5818
     70   1.50234     0.00793583         0.5654
     71   1.50314     0.00786519         0.5776
     72   1.50278     0.00776489          0.568
     73   1.50296     0.00766139          0.567
     74   1.50189     0.00763407          0.565
     75   1.50056     0.00764925         0.5596
     76   1.50158     0.00761745         0.5628
     77   1.50302     0.00765514         0.5822
     78   1.50187      0.0076449         0.5934
     79   1.50075     0.00763039         0.5666
     80    1.5007      0.0075358         0.5656
     81   1.50155     0.00749173         0.5826
     82   1.50176     0.00740391         0.5776
     83   1.50224     0.00733088          0.584
     84   1.50219      0.0072443         0.5658
     85   1.50126     0.00721987         0.5742
     86   1.50146     0.00713946         0.6026
     87   1.50098     0.00707413         0.5648
     88   1.50013     0.00704627          0.565
     89   1.50037     0.00697169          0.575
     90   1.49977     0.00692049         0.5604
     91   1.50029     0.00686445         0.5796
     92   1.49977     0.00681045          0.568
     93   1.49973     0.00673774         0.5684
     94   1.49977     0.00666657         0.5646
     95   1.50043     0.00663029         0.5794
     96   1.50095     0.00658177         0.5832
     97    1.5014     0.00652993         0.5716
     98   1.50167     0.00646946         0.5742
     99   1.50186     0.00640719         0.5746
    100   1.50189     0.00634349         0.5622
    101   1.50147     0.00629524         0.5736
    102   1.50119     0.00624007         0.5706
    103   1.50157     0.00619184          0.588
    104   1.50146     0.00613361           0.58
    105   1.50159      0.0060768         0.5812
    106   1.50095     0.00605368           0.56
    107   1.50022      0.0060419          0.574
    108    1.4999     0.00599434         0.5742
    109   1.50032     0.00595386         0.5798
    110   1.50202     0.00613968          0.583
    111   1.50199     0.00608468          0.579
    112   1.50205     0.00603093         0.5642
    113   1.50187     0.00598068          0.569
    114   1.50262     0.00597584         0.5756
    115   1.50263     0.00592412         0.5826
    116   1.50304     0.00588788         0.5846
    117   1.50311     0.00583811         0.5662
    118   1.50461     0.00598065          0.594
    119   1.50541     0.00598498         0.5682
    120   1.50531     0.00593625         0.5708
    121   1.50454     0.00593685         0.5564
    122   1.50463     0.00588909         0.5686
    123   1.50452     0.00584247         0.5826
    124   1.50385     0.00583456          0.565
    125   1.50432     0.00580712         0.5786
    126   1.50419     0.00576276          0.578
    127   1.50398     0.00572116         0.5754
    128   1.50453     0.00570269         0.5808
    129   1.50384     0.00570054         0.5584
    130   1.50403      0.0056602         0.5664
    131   1.50345     0.00564725           0.57
    132   1.50342     0.00560472         0.5812
    133   1.50286     0.00559114         0.5716
    134   1.50352     0.00558892         0.5826
    135   1.50303     0.00556932         0.5526
    136   1.50295     0.00552903         0.5774
    137   1.50321     0.00549483         0.5692
    138   1.50378     0.00548535         0.5674
    139    1.5035     0.00545315         0.5698
    140   1.50317     0.00542478         0.5758
    141   1.50264      0.0054123          0.555
    142   1.50236     0.00538152         0.5792
    143   1.50162     0.00539485         0.5564
    144   1.50133     0.00536568         0.5678
    145   1.50103     0.00533706         0.5666
    146   1.50071     0.00531025         0.5778
    147   1.50028      0.0052914         0.5668
    148   1.50024     0.00525592         0.5772
    149   1.49963     0.00525676         0.5636
    150   1.49931     0.00523173         0.5726
    151   1.49926     0.00519739         0.5782
    152    1.4998      0.0051911         0.5856
    153   1.49935     0.00517704         0.5716
    154   1.49971     0.00515584         0.5796
    155   1.49988     0.00512582         0.5784
    156   1.49981     0.00509361         0.5602
    157   1.49995      0.0050632          0.579
    158   1.50008     0.00503298         0.5696
    159   1.49987     0.00500574          0.584
    160   1.49955     0.00498526         0.5794
    161   1.49939     0.00495699          0.571
    162   1.50023     0.00499871           0.57
    163   1.50031     0.00496873         0.5776
    164   1.50042     0.00493987         0.5864
    165   1.50033     0.00491089         0.5684
    166   1.49977     0.00491351         0.5526
    167   1.49986     0.00488496          0.572
    168   1.50027      0.0048737          0.572
    169   1.50024     0.00484505         0.5814
    170   1.50059     0.00482872         0.5692
    171   1.50011      0.0048244         0.5486
    172   1.50009     0.00479645         0.5744
    173   1.50031     0.00477384         0.5852
    174   1.50018     0.00474825         0.5602
    175       1.5     0.00472456         0.5706
    176   1.49987      0.0046998          0.563
    177   1.50011     0.00467962          0.584
    178   1.50039     0.00466212         0.5892
    179   1.50034     0.00463651         0.5772
    180   1.50058     0.00461744          0.583
    181   1.50007     0.00462026         0.5502
    182    1.5001     0.00459503         0.5704
    183   1.50023     0.00457164         0.5762
    184   1.50021     0.00454688          0.585
    185   1.50072     0.00455106         0.5734
    186   1.49996     0.00459016         0.5616
    187   1.49979     0.00456896         0.5704
    188   1.49954     0.00455123         0.5614
    189   1.49944      0.0045285         0.5762
    190   1.49937     0.00450528         0.5706
    191   1.49927     0.00448267         0.5652
    192   1.49982     0.00449285         0.5786
    193   1.49918     0.00451558          0.558
    194   1.49953     0.00450633         0.5778
    195   1.49954     0.00448328          0.581
    196   1.49992     0.00447664         0.5826
    197   1.49971     0.00445881          0.586
    198    1.4997     0.00443638         0.5784
    199   1.49978     0.00441488         0.5712
