       -0.325323        -1.27381     -0.00561368
         1.23184        -0.15814    -0.000157813
         1.01314        -1.28582       -0.709449
        -1.00771       -0.260711        0.342416
         -0.6209        0.803082       -0.823415
        -0.44605        0.816172      -0.0709442
        0.473821       0.0910668       -0.147662
      -0.0474535         1.53309       -0.878925
        0.359618     -0.00905673         1.37387
        0.505063       -0.771164         0.29647
         1.90072        0.686245        -0.66174
        -2.27964        0.177118         1.13256
        -0.29971       -0.577744        0.496028
       -0.123773        0.259763       -0.781676
        -1.05868      -0.0307216       -0.106016
       -0.569842        0.628691       -0.672602
        0.369197        0.288538       -0.510623
       -0.201132       -0.535663         1.15978
        0.983241        0.468823        -1.93778
      -0.0382608        0.105341       -0.469012
      -0.0781023       -0.348573      -0.0779273
        0.749413        0.781842         1.84176
       -0.379805        0.482641        0.314246
         1.10267        0.620063       -0.540115
         1.23113       0.0373168       0.0957756
       0.0900863         0.39819        0.572762
        -1.59249       -0.513785        0.817699
       -0.654442        0.275041        -0.37398
       -0.692272        0.284031       -0.215047
       0.0656466        -1.27933         2.30137
        0.531061        0.810312       -0.304125
       -0.324344       -0.833649      -0.0166277
       0.0341934        -2.09928       -0.104104
        0.193695        0.532824        0.421113
         1.79825       -0.341274        0.993382
       -0.665403         1.70408        0.324262
       -0.515547         2.59955       -0.538496
         2.12456        0.801968       0.0462828
       -0.318696       -0.810471       -0.202819
       -0.981045        -1.41141        -0.55248
       -0.392636        -1.09299        0.597057
       -0.544149        -1.20077       -0.833271
       -0.991992        0.600705        -1.50556
       -0.251942       -0.499587        0.505797
       -0.538519       0.0122614      -0.0465071
        0.856536        0.579021         0.29653
        0.248299       -0.885219         1.51045
        -0.60988       -0.178661       -0.647709
       -0.906179        0.694428        0.189509
        0.315722       -0.329474       -0.843437
        0.219812         1.67814        -1.03663
        0.409901        0.436353       -0.523495
        0.511699        0.642298        -1.63173
        -2.19758        0.268686     0.000818507
      -0.0141124       -0.939029    -0.000436921
       -0.205895        0.626771        0.394913
        0.105392       -0.588044        0.222079
       -0.148619      -0.0427597         1.00764
        -2.15746        0.105845       -0.412874
         0.79054        0.402999       -0.296555
         1.00657       -0.157732       -0.275379
         2.28273       -0.872253       -0.413878
        -1.36384        0.182163         2.49757
       -0.340733     -0.00404501         1.26819
       -0.251436        0.330227         1.26267
       0.0294845         1.07783        -2.65696
        0.560253        -0.34067        -0.38255
        0.992896       -0.207623        -0.12347
       -0.767967       -0.735627        -2.28503
        -1.18108        -1.05315       -0.393377
       -0.825518        0.875663        -1.15358
      0.00613549         0.76178        -0.97623
        0.199286       0.0772433       0.0816485
        0.514089        -1.40096         0.14919
        -1.52601       0.0554536        0.166211
        -0.73554        -0.59463       -0.258882
        -1.34751        0.535443       -0.131409
        -1.45351       -0.395011        0.213624
         0.59478       -0.184119        0.329379
         1.31331        0.248262       0.0137878
       -0.917273        -1.77874        0.327699
        0.774734        0.432867        0.753445
        -1.14819       -0.391229         1.02641
        -1.25953        0.393289       -0.134405
        0.285916        0.241326       -0.615925
         1.35058      -0.0760654        0.483726
       -0.761297        -1.07302         -1.5457
         0.54886        0.151884      -0.0263061
         1.06781       -0.632505        -0.29969
         1.63913      -0.0586323        0.991586
        0.464944        0.192857       -0.374423
        0.185401        0.252601       -0.120749
       -0.152105        -1.61369        0.889251
        -1.22345       -0.589888         1.25975
       -0.973456        0.149957       -0.166161
         2.34354        -1.02102       -0.268438
        0.744837        0.642069        -1.37296
        0.703541        -1.19934        0.290252
      0.00627196         1.02585        0.263824
       -0.623543        0.739907         1.20848
         1.03217       -0.995182       -0.352782
        -0.75108        0.183207        0.130399
        0.733143        -1.28696       -0.418935
        0.616178         1.37047         1.04407
        0.236228         1.95722       -0.508773
         1.90658        0.390544        0.886629
        0.321689        0.705464        0.669975
       -0.893731        0.752369        0.273247
