13.9401   0.0524366
13.2604    0.680409
13.8217    0.739278
14.3747    0.796106
15.1934     1.04537
14.6192     1.05371
14.7614    0.923551
15.0169    0.853624
15.1676    0.778247
15.1934    0.704423
15.3983    0.674891
15.6658    0.676004
15.4201    0.672353
15.2593    0.646261
15.3094    0.606593
15.1407    0.594248
15.1254    0.560471
14.9817    0.549282
14.8643    0.534144
14.9864    0.522532
14.8907    0.507335
15.0721    0.517626
15.0208    0.498235
14.8652    0.502581
14.9188    0.485825
15.0149    0.477268
14.9928    0.460441
15.0853    0.453805
15.0489     0.43992
14.9948    0.428919
15.0172    0.415902
14.9694    0.405919
14.8816    0.403479
14.8849    0.391795
14.9182    0.382214
14.849    0.378143
14.7608    0.378461
14.7355    0.369501
14.75    0.360438
14.7461    0.351558
14.8431    0.356535
14.9152    0.355528
14.8902    0.348248
14.9005    0.340576
14.9183    0.333568
14.9127    0.326442
14.8867    0.320623
14.8669     0.31464
14.8702    0.308301
14.8982    0.303495
14.9096    0.297817
14.8756     0.29411
14.8939    0.289189
14.9221    0.285276
14.934    0.280392
15.0058    0.284635
15.0274    0.280517
15.0355    0.275839
15.0312    0.271236
15.0754    0.270383
15.064    0.266229
15.0192    0.265775
15.0137    0.261649
15.0374    0.258683
15.0284    0.254892
15.07    0.254471
15.0993    0.252416
15.0935    0.248799
15.1418    0.249918
15.1491    0.246482
15.112    0.245846
15.0699    0.246085
15.0706    0.242738
15.0725    0.239487
15.0753    0.236331
15.0789    0.233269
15.0682    0.230507
15.0751    0.227676
15.1259    0.230472
15.1354     0.22781
15.0966    0.228341
15.0637    0.227965
15.0676    0.225268
15.0833    0.223157
15.0707    0.220903
15.0588    0.218678
15.0786    0.217091
15.137    0.222435
15.1375    0.219951
15.0916    0.222325
15.1048    0.220293
15.0557    0.223369
15.0345    0.222002
15.0422    0.219787
15.0449    0.217503
15.0188    0.216821
14.9881    0.216779
14.9788    0.214782
14.9812    0.212637
