6.0791    0.216391
6.22522    0.192251
5.93309    0.322212
5.75242    0.308114
5.68231    0.261161
5.74995    0.230854
5.75011    0.199926
5.56613    0.254828
5.69843    0.263541
5.62696    0.248868
5.69711    0.237768
5.72131     0.22005
5.72485    0.203758
5.679    0.195151
5.64952    0.184911
5.61887    0.176378
5.63135    0.166759
5.62068    0.158099
5.64915    0.152665
5.67665    0.147794
5.6193    0.152141
5.68528    0.159649
5.64243    0.158746
5.63429    0.152481
5.69066    0.156971
5.65766    0.154607
5.6661    0.149222
5.67198    0.144104
5.72889    0.150402
5.75856    0.148464
5.69369    0.157706
5.66969    0.154725
5.68126     0.15055
5.67745    0.146235
5.66706    0.142495
5.66002    0.138769
5.61513    0.142332
5.59916    0.139551
5.57761    0.137714
5.57642    0.134319
5.56154    0.131923
5.53873    0.130824
5.53686     0.12783
5.53407    0.124988
5.52314    0.122728
5.52407    0.120092
5.50809    0.118644
5.5056    0.116224
5.49585    0.114293
5.47628    0.113727
5.47706    0.111521
5.4685    0.109731
5.44899    0.109433
5.48696    0.113938
5.47806    0.112238
5.47347    0.110347
5.46781    0.108575
5.48451    0.108019
5.48658    0.106223
5.47591    0.105011
5.4421    0.108696
5.4252    0.108283
5.41243    0.107339
5.40538     0.10591
5.39405    0.104908
5.40008    0.103506
5.40682    0.102195
5.41258    0.100868
5.39266    0.101393
5.3945   0.0999713
5.38497   0.0990323
5.38792   0.0977106
5.41355   0.0997323
5.43197    0.100103
5.43188   0.0987772
5.43576   0.0975634
5.43289   0.0963471
5.42204   0.0957375
5.40775   0.0956062
5.4128   0.0945534
5.4101   0.0934324
5.41451   0.0924051
5.40812   0.0915214
5.41704   0.0908767
5.42802   0.0904826
5.42942   0.0894475
5.45058   0.0909227
5.4565     0.09009
5.45943   0.0891315
5.4559   0.0882173
5.45719   0.0872628
5.45025   0.0865982
5.4399   0.0862953
5.4555   0.0867955
5.45866   0.0859447
5.46457    0.085259
5.46269   0.0844055
5.46503   0.0835815
5.46138   0.0828219
