6.08577    0.735352
5.70852    0.567948
6.01759    0.506758
5.7613    0.468791
5.86858    0.397516
5.83538      0.3376
5.96975    0.321771
6.02586     0.28927
5.98011    0.262746
5.81265    0.290734
5.61697    0.329737
5.53351    0.314587
5.45036     0.30289
5.38442    0.289581
5.37279    0.271128
5.45166    0.266614
5.45697    0.251422
5.36145    0.256288
5.29911    0.250999
5.29434    0.238795
5.2795    0.228165
5.2776    0.218028
5.28085    0.208771
5.23798    0.204784
5.20156    0.200091
5.21948     0.19337
5.19101    0.188498
5.14829    0.186832
5.15477    0.180613
5.1601    0.174771
5.20693    0.175583
5.15867     0.17689
5.13716    0.172952
5.11903    0.168913
5.15487    0.168021
5.16043    0.163511
5.17386    0.159716
5.13742    0.159778
5.14084     0.15577
5.12446    0.152805
5.14434    0.150442
5.14922    0.146982
5.16705    0.144706
5.20554    0.146597
5.21714    0.143843
5.24154    0.142848
5.2566    0.140649
5.29457    0.142887
5.29012     0.14007
5.27483    0.138145
5.27726    0.135484
5.27202    0.133007
5.2844    0.131106
5.31491    0.132268
5.32078    0.130017
5.3219    0.127721
5.32021    0.125511
5.32183    0.123376
5.32364    0.121316
5.31058    0.120024
5.32581    0.119051
5.35143    0.119916
5.37225    0.119849
5.38285    0.118466
5.41643    0.121393
5.42425    0.119823
5.43759    0.118798
5.43719    0.117065
5.43059    0.115569
5.42399    0.114121
5.42134    0.112556
5.42046    0.111007
5.4056      0.1105
5.40255     0.10906
5.40751    0.107729
5.40533    0.106343
5.43675    0.109572
5.44304    0.108359
5.44371    0.106998
5.45405    0.106173
5.44754    0.105073
5.43717    0.104316
5.43847    0.103074
5.44436    0.102025
5.45533    0.101427
5.45801     0.10029
5.45054   0.0994238
5.46912     0.10004
5.46283   0.0991223
5.45437   0.0983912
5.44715   0.0975834
5.46305   0.0978282
5.45926    0.096856
5.44857   0.0964249
5.45023   0.0954295
5.44823   0.0944617
5.44847   0.0934932
5.43574   0.0934151
5.43621   0.0924774
