       -0.331895       -0.776201        0.275358
        0.901582       -0.437615       -0.922857
         1.03658       0.0785839        0.509819
         1.60477       -0.991249        0.238229
        0.687673       -0.405655        0.243566
        0.602145        -1.39875      -0.0530154
        0.512717         1.00521       -0.388631
         -1.6916        0.147586         1.17514
        0.125371        0.488529      -0.0649542
       -0.971881        0.134647       -0.367788
       -0.107893        -1.31942        0.985166
        0.344944       -0.392318        0.561136
       -0.170718        0.404516        -2.12073
        -2.50464        0.610541         1.08511
        0.657215        -2.29656         0.71745
       -0.128946        0.153488         1.43969
        0.856381       -0.124506       -0.426487
       -0.148406       -0.361507        0.521082
       -0.291643        0.658562       -0.301537
        -2.03112        -1.62289        -1.29871
        0.839292        0.791107         1.20703
        0.555188         2.73954       -0.697357
        0.129688         1.39125        0.871706
        -1.22258        -1.38323         1.37009
         1.62999         2.37172       -0.279253
        0.188469       -0.938192        -1.72455
        0.952681        0.374143        -1.20656
         -1.7352         1.16326         2.08334
        0.800364         1.02885         -1.5474
        0.987257        -1.41766         1.42305
       0.0355057        0.939931       -0.219455
       -0.546021       -0.599136        0.661327
       -0.318574        0.891757        -1.18348
         1.54375          1.3658       -0.258262
        0.227553         2.20826       -0.333327
         1.56259      -0.0548621        -1.45424
        -1.18037        0.898327       0.0208258
        0.993478        0.433224        0.632665
         1.59481       0.0297065        0.307179
        0.234963       -0.980734        0.349791
        0.452259          1.5098        -1.00086
        -0.20056      0.00823649         2.51041
       -0.508971        0.439542       0.0695683
       -0.513459       -0.327816       -0.883312
         1.44667        0.757955        -1.96983
         1.01827        0.127401       0.0084728
       -0.378245       -0.351111        0.752507
        0.389677      -0.0682145       -0.942275
         1.20978        0.167598         1.07322
         1.18952       -0.583434        0.583943
         1.82958       -0.722514        0.748918
        -0.25686        0.945956        0.829298
       -0.781645        0.797436         1.19045
        -0.86982        0.926734       -0.168708
        0.482036       -0.810633        0.767862
         1.45236        0.563627        0.544709
         1.40015         1.16094        -2.01512
      -0.0690584        -1.46401       -0.823189
        -1.72022        -2.86428       -0.160384
         1.09897        0.577893      -0.0741099
         1.65609       0.0683278         1.04001
       -0.556441         2.67557       -0.208794
        -1.68942       -0.295768        -1.50822
        -1.23761        0.598256         1.26204
       -0.150949       -0.409249       -0.107235
        -0.96858         1.90502         2.38396
       -0.786121        -0.47797        -1.24977
        -2.24862        0.500654        0.483856
       -0.809238       -0.627036       -0.761862
       -0.356961        -2.15649        0.370267
        -1.38037        -1.03915        0.455266
       -0.762506         -1.7359         1.63524
        0.182134         1.68037       -0.208438
        -1.99705         2.12085        0.458268
         1.30715        0.387908       -0.113815
        0.284281         -1.4525        0.743026
        0.297948         -1.4945       -0.481066
       -0.801495       -0.952996       0.0487848
       -0.427389       -0.848047        -0.95987
        -1.07795        0.430268       -0.314337
         1.93752        0.359241        -3.39099
       -0.274287        0.239791         -0.2113
        -1.31157         0.12461       -0.731852
        0.176554        -1.43018       -0.137259
        0.019518       -0.705917        0.546074
       -0.876643        0.304491       -0.895437
        0.946117        0.346832        -1.18638
       -0.518239       -0.569674       0.0773856
         1.23818       -0.665651        0.436681
        -2.15555        -1.00944         1.12015
        -1.64594       0.0242287        -1.49834
      -0.0204011        -1.80098        0.253146
        0.131514        0.166451       -0.561058
        0.754796       -0.272544        0.153445
         -1.5682       -0.890224       -0.919239
        -1.76524      -0.0751318       -0.154181
        0.186497       -0.637878        0.586598
         1.11887       -0.796735       -0.140365
         0.45939        0.253294        0.801011
         1.17904        0.194539        -1.25506
         0.85411         -2.1543        0.219538
       -0.907282       -0.209632       -0.438059
        -2.60229         0.39363       -0.146599
        0.600782       0.0804411       -0.182327
        0.339407        0.968946        0.895281
       -0.649891         2.35378      -0.0045017
         1.98944       -0.103507         1.53084
        0.992986         1.03471       -0.606225
