        0.753918        0.705544          0.2526
         1.31009        0.170424        -1.04812
       -0.478403         2.71964        -0.40437
       -0.376434       -0.653193      -0.0603544
       -0.710543       -0.440279        0.652821
        0.980693         2.60108        0.380051
        0.680575        0.606556        0.149771
        -1.09989         1.09821        0.194221
        -1.34909       -0.668746        0.214946
         1.11257         1.36646         1.25681
       0.0257671       0.0285343        -1.76858
        0.838393         0.09319        0.656709
       -0.476204        -1.15665        0.419836
         0.71015         2.66524        0.537714
         1.17207       -0.122628       -0.722991
       -0.141955        -1.19556         1.30287
       -0.786723         1.06849        -1.91216
       -0.370169       -0.363472       -0.476072
        0.951252       -0.920023       -0.640841
       -0.997849       -0.848139       0.0370027
        0.827588         0.87062        0.913807
        0.299101        0.115657        0.280056
        -1.39853        0.810057       -0.622895
        -1.32905          1.3955        0.928268
        0.732352         1.19426          1.6115
        -2.92279        0.887075        0.188617
       -0.378231        0.148421       -0.597605
       -0.252209        -2.10756        0.532942
       -0.230922        -2.21124        0.207147
        0.525827        0.315676       -0.415946
         1.51706        0.975471       -0.932065
        0.320041        -1.54358         1.30147
         1.06493        -1.53282       -0.266812
       -0.126024        0.235801        -2.14002
        -1.35726       -0.101697       -0.755267
        -0.81814        0.897723        0.539289
        -1.80434        0.608871         2.02272
        0.695281        -1.00231       -0.567465
        0.802473         1.70129         2.05931
        -1.59178       -0.355908        0.392596
       -0.152707        0.234554        0.347615
       -0.123493         1.63705        -1.71105
        0.591786        0.782889        -1.12146
        0.824439       -0.541157        -2.04016
       -0.173676        0.213425        0.438761
        0.447715        0.207404       -0.251811
       -0.377588            2.07        0.639607
         -2.2246        0.692332         1.10584
       -0.332583      -0.0538571        -0.66646
         1.30005        -0.24443        0.425367
       0.0861542         1.01205         1.65483
        0.646402        0.294985        0.712075
        0.298814      -0.0166697        0.486978
        0.254455        -1.65251         1.06248
       -0.928269        0.385189        0.234913
        0.455855        -1.63049       -0.276766
        -1.24365        0.184998       -0.188403
         2.39371       -0.206004           1.045
       -0.196705       -0.661456       -0.798958
         3.24117       -0.643072        0.829704
         1.41874        0.127407      -0.0432224
        -1.02022         1.96976        -1.48828
        0.239255        -1.07652        0.989621
        -1.05968        -0.86959         1.93332
         1.42917        -1.74151        0.765523
       -0.505658       -0.470977       0.0853188
       -0.587616        0.280994       0.0136846
        -1.95037      -0.0299017         1.76258
         -1.5001        -1.35127        0.248283
         1.34414       -0.695457       -0.552189
         2.41453        0.985891       -0.661183
        0.955741       -0.219002       -0.967091
         1.09511          1.1025       -0.289411
       -0.327204        -1.91129       -0.577722
       -0.630853        -1.56335       -0.837114
        -0.61205        -0.46987       -0.958762
        -1.24619         2.17415        0.948292
        0.473899       0.0817076        0.934705
         1.02881        0.761782        0.570567
       0.0499698        0.149828        -3.05883
         1.05064       -0.413748         2.25503
         1.03839       -0.469088        -1.00635
        0.580666       -0.819231        0.745422
       -0.464761        0.740648        -1.21482
       -0.450445         -0.5722       -0.401322
         1.87191       -0.260288         1.09019
         1.09517       -0.484152      -0.0994311
         1.14246         2.04004       -0.327412
       -0.491859        0.600973        -1.94486
        -1.05944        -1.04237         0.37659
       -0.768139        0.231976        0.140624
       -0.544375        -1.33299        -1.78885
       -0.841208        0.542306       -0.869338
        0.346015       -0.284594       -0.417987
       -0.387351       -0.482378        0.382943
       -0.598894       -0.264868        0.330833
          -2.091        -1.67633       -0.611867
       -0.496285       0.0675146        0.713669
        0.243534        -1.50353         0.97761
       -0.586225         0.17618       -0.604361
        0.636261         1.06622       -0.898732
        0.786035       -0.781471        -0.62374
        0.113525       -0.137437        -1.78108
       -0.898295       -0.458777         1.12869
        0.583644        -1.71673       -0.698075
        -1.88743       -0.591313        -1.50712
       -0.275284         1.12491         1.52699
        0.232421       -0.655821        0.679062
