         1.19964       -0.511361       -0.222854
        -1.33566      -0.0481983         -2.0828
        -1.70419        0.553916        -1.59279
         1.10972       -0.813587        0.360558
      -0.0111875       -0.647891        0.196828
        -1.85114        0.920253         1.01805
       -0.963288       -0.906719       -0.794001
        0.543223         1.06036          2.2731
        0.976063        -1.33365       -0.401892
       -0.337235       -0.989688        0.346761
        -1.80737        0.524578       -0.531521
       -0.876887        0.794235       -0.135366
       -0.356735       -0.544819        -1.23051
       -0.481075       -0.101491       -0.585847
         1.46719       -0.235958       -0.139197
        0.194282         -1.1929        0.541384
        -1.04396        -1.11962        -1.23462
        0.236217       0.0287711       0.0781082
        0.137525        0.534468         1.84341
        0.744398       -0.192895        0.475865
         -0.8434         -1.8753       -0.464817
       -0.145537       0.0294687      0.00140434
       -0.901648       -0.991142       -0.265753
       -0.032539         1.65246        -0.12901
       -0.877588       -0.372781         1.33914
         1.34658        0.290929        0.227467
        -1.30487        0.890852       -0.211793
        0.372604        -1.40452        -1.00167
       -0.322774         1.53137        0.717154
       -0.274876          1.8812         -1.4525
        0.819266       -0.713744         2.56732
        0.253187         1.02636        -1.74587
        0.280192         1.01111        -0.75941
         2.14207        0.076915        0.840273
       -0.293409       -0.236201       -0.777432
         2.34965        0.127018        0.194772
       -0.713396         0.50856       -0.308953
        0.467056        0.387831        -1.64125
         0.40148        -1.22689       0.0816718
       -0.678143        0.288066        0.464696
        0.151233        0.844478       -0.457185
       -0.678237        -1.95489        0.493482
        0.640359        0.317519        0.238424
       -0.829262       0.0148646      -0.0891592
        -1.13896       -0.141298        -1.88122
       0.0852869       -0.569427       -0.122611
         1.12046         2.22049       -0.354835
        0.641501         0.12896        0.638849
         1.21385        0.887065         1.06001
        0.797633        0.202384       -0.317005
      -0.0562383       -0.963751         1.82467
        0.451644        0.414755       -0.598206
        0.533777        0.446924       -0.181289
        -0.58735       -0.170543        -1.23831
        0.624284        0.896213         2.67335
       -0.527892       -0.270348       -0.145616
         1.01478         1.03474       -0.401238
        0.385008        -1.47524        0.522621
        0.849872     -0.00520573         2.00741
        0.641096        0.245288          1.4316
         1.11902        -0.10879       -0.331837
       -0.121486        0.873456       -0.203206
        -1.58991        0.206957         1.88577
       -0.387651         1.53341      -0.0678124
       -0.577227       -0.923593        -1.52033
       -0.888987        -1.31748       -0.057551
       -0.217739        -1.43246        0.604886
        0.534907        -1.24601       -0.664343
         1.49507     -0.00207306        0.652107
      -0.0831903          1.2574        0.104849
       -0.355697         1.65089        0.421602
        0.754828       -0.754217        0.113238
         1.44926        0.658036         1.19142
       -0.246942        -1.06754       -0.431401
       -0.436208        -1.04727        0.131994
       0.0770769         1.70535         0.62604
        -2.55009       -0.142906         -1.8762
       -0.372742        0.495726       -0.569652
        -1.26024       -0.753232         1.26736
         1.59159        0.262393      -0.0346258
        0.295206        -1.70301          2.0042
        0.115978       -0.518074         1.46499
       -0.806868         1.09353        0.902515
         1.41151         2.19765        -1.97992
        -1.48512        0.443927       -0.467135
       -0.344168       -0.990105        0.013574
        -1.82887         1.01519        0.735221
        0.734644        -1.92406      -0.0673011
       -0.216093         2.08395        -1.07377
        -1.54699          1.6816      -0.0146644
       -0.205765       -0.980073        0.958553
        0.774274       -0.295603       -0.247322
       -0.536423      -0.0168544        0.653101
        0.473935       0.0402866        0.199738
         1.12142        -1.11805       0.0682623
       -0.549803        0.611331       -0.177857
       -0.414565       -0.426506        0.856163
       0.0877971        -0.61567          1.9789
         1.59079        0.478886        -1.35659
        0.534445       -0.734739        -2.52118
        -1.74277         1.07022        -1.38646
        -1.16821        0.489194       -0.586615
       -0.132637       -0.143497        -1.36417
        0.287342        0.317922         1.11239
         1.52598       -0.682831        -1.29244
        0.311318       -0.417303       -0.198073
       -0.317318       -0.480074        -1.23694
        0.881053        -1.08761        0.818704
