         0.44273         1.18683       -0.647474
       0.0100316       -0.338777        0.980966
         1.21431       -0.675007        0.709499
         1.25077        0.532381        0.867753
        -1.39386       -0.179954      -0.0242563
       -0.525744        0.186909       -0.482293
        -1.73732        -1.08389       -0.200948
       -0.885867         0.44899       -0.241258
       -0.707906        0.406243         1.64605
       -0.233767       -0.108523        -1.17822
         1.10643       -0.572715       -0.857464
        0.177916        -1.12156        0.541846
       -0.951432       0.0151278         1.14372
        0.838447        0.287945        -1.22236
       0.0599672        0.656461        -2.03013
        0.859151       -0.903412        0.997092
       -0.530577         1.19111       -0.838349
      0.00496116        -1.43576         0.30879
       -0.501919         0.40314        0.491582
      -0.0721708       -0.579393       -0.140813
      -0.0549637       -0.258373       -0.193927
        -1.49945       -0.651431       -0.411145
         1.78892        0.583253       -0.784466
       -0.330523       -0.981154        0.074033
        0.187361      -0.0540977       -0.697079
        0.649885        0.480771         1.95084
       -0.546261        0.741009       -0.618022
       -0.324702         2.66544        0.184384
     -0.00806227      -0.0949224        -1.14723
       -0.178497       -0.226669        0.169445
        -1.54942        0.164873       -0.364019
        0.638844       -0.860573         1.33311
       -0.226021        -1.63825        0.032993
        -1.62361       0.0460077         1.28602
        -1.71109       0.0488063         1.27349
        0.782509       -0.935833         0.04672
        0.276433         1.25613       -0.321802
        0.064582        -2.60573       -0.196935
        -1.85295         -1.3984        0.936329
        -1.93201       -0.396881       -0.720704
        0.891585       -0.306809         -0.9458
        0.327741         1.65892        0.818376
        0.475037        0.477391        0.260007
        0.103667         1.38174        -0.74835
         -2.1417        -1.14952        0.793516
       -0.464612        0.312457        0.935124
         1.57124      -0.0436601        0.204939
        0.199963       -0.969773        0.671314
        0.076721      -0.0996189         1.77534
        0.387636         0.15357         1.33957
        0.336634        0.559731        0.567501
         1.74647        -1.13337       -0.532441
        0.364964        0.140435       0.0609971
         1.13795         1.23179        -2.14199
        0.327378        -0.59409        -1.61266
       -0.286644         1.95554       -0.358385
         1.83667        -1.23568         1.21686
        0.904148        0.452918        0.896897
        0.653369       0.0993801        -1.36148
        0.501941       -0.219462        0.836707
        0.146843        0.781712     -0.00415894
       -0.507288        0.842191       -0.489889
       -0.451886        0.388455       -0.892222
       -0.675521         1.07521       -0.661162
       -0.454276        -1.31605        0.810694
        0.758522        0.607418        0.131725
        -0.13743       -0.788887         1.04343
        0.712682        0.488164       -0.126981
        0.596002       -0.111873        0.219458
       -0.981317       -0.375349       -0.203386
        -2.15088       -0.262828        0.842786
        0.619207        0.986519        -0.39749
        -1.40579        0.227357        0.946922
       -0.485648        0.525767       -0.193573
       -0.338317        -1.27112         1.39878
        0.620543        0.644653        0.194953
        -1.31388        -1.02544        0.704381
        0.484519         2.31506        0.205071
       0.0323511        -1.15686         1.09069
        0.785739       -0.861821        -1.50095
        0.889034        0.770569       -0.606683
       -0.187956       -0.788455         1.18665
         0.20255        0.687607        0.335933
       -0.630777        0.514495        0.226781
        0.310917         1.00473        0.252311
          1.8853        0.878772       -0.582208
       -0.891001        -0.45967        -1.83903
       -0.998977       -0.347508        0.293712
         1.11374       -0.394053        0.437345
        -0.67107         1.50133        -1.05152
       -0.606479        0.566309         0.04035
        0.557234       -0.299864       -0.317972
        0.264022       -0.872858        -1.78005
        0.564109       -0.325144       -0.279271
        0.646085        0.979011         -1.1079
       -0.875209        0.689178        -1.25487
         0.20762        0.184012       0.0800232
        0.765276        0.566575      0.00803111
        -1.17123        -1.65694          -1.376
         1.22925       -0.306586       -0.255864
        0.291911       -0.805557        0.164765
        -0.96273        0.914439       -0.350924
       -0.189399        0.197466        0.619167
        0.734397        0.129216       -0.343525
        0.167831        -2.63062        0.231295
       -0.754123      -0.0389834       -0.722721
        0.561115       -0.280885        -0.11189
          1.7691         1.03912        0.653173
