        -1.86945         -0.2838       -0.853991
        -1.21675        -0.45455        -0.21258
         1.00593       -0.174926        -1.03759
         1.60097        -1.20987        0.420832
        0.213022       -0.054708      -0.0306756
      -0.0355994        0.887587         2.96825
        0.240587          1.5364        -1.17071
       -0.553178         1.52528         1.04483
         1.52564        0.623586       -0.151078
       -0.337645       -0.461644       -0.767457
         1.31549         0.63602       -0.532993
        0.565315         0.30389        0.652279
         1.20606        -1.36077       -0.185916
       -0.610283        0.781326        -2.73181
         1.33565       -0.517501       -0.631144
         1.37527         1.02404          1.2302
      -0.0596718        0.309222       -0.183121
        0.948595         0.90827        0.813871
       0.0306285        -1.91953         -1.7076
        0.263766        0.436265       -0.787072
        0.185139         1.12695         1.91093
       -0.518781        -2.37778        0.416061
       -0.350922       -0.740264       -0.366914
       -0.922857      -0.0285777        0.853825
        0.157557        0.577408        -1.10673
        0.110834         1.51304       -0.642448
        -1.46251        -1.20238       -0.772177
       -0.109509         -1.0168        -1.34034
       -0.150237        -1.00135      -0.0925525
        -2.36624          1.3134        -2.36847
       -0.103904        -1.54132        0.200031
      -0.0530821        -0.65893         1.54422
       -0.823996        0.349442      -0.0351919
         1.03753        -1.23881         0.20987
        -2.26224        0.591147        0.830296
        0.250959          1.5766         1.17709
        0.245553        0.176171       -0.495881
        -0.64865         3.00357        0.104166
        -1.84475         1.50649       -0.505893
       -0.954631        0.767956        0.347438
         1.63139        0.487797        0.770413
       -0.664516        -0.14186       -0.596795
       -0.584931        0.550724         0.61727
        -1.63301        -1.41554         1.28062
       -0.032348         2.55618         1.18411
        0.655571       -0.707098       -0.778769
       0.0836434       -0.287437        -1.12002
        0.515181        -0.56365       -0.581987
        -1.37077        -1.68132        0.434566
         1.28863        0.382092       -0.614083
       -0.232056        0.528397       -0.581014
        -2.21656         1.03808        0.421732
        0.172287        -1.58288        -1.24212
         1.24207       -0.575888        -1.09558
        -1.32201        0.023386       -0.202279
     -0.00725283          1.3103        0.780549
        0.355085        0.218578      0.00823041
         1.22631       -0.996187        0.609713
         1.31032        0.715985         1.16106
        0.908109        -0.79447         1.47591
        -0.68077      -0.0197507        0.398334
         1.35041        -1.55878        0.945738
        0.789857        -0.78894         1.21251
       -0.469861        -1.70659          1.1677
        -1.57672        0.160002        0.141083
         0.30897         1.39233         1.47076
         1.68989       0.0678145      -0.0422849
        -1.28302        0.752683        0.794054
         0.71261       -0.504356        -1.91178
       -0.782776        0.644126        -1.38567
        0.585443          1.2923         0.41301
         1.85644        -1.72933         1.98525
        0.552091       -0.705397        -1.20062
       -0.268001       -0.449067         1.98824
       -0.801844         -1.1761        -1.65647
         1.24758       -0.849585       -0.609172
        0.286926         1.13211       -0.370886
       -0.325035        -1.72124       -0.434209
        0.422062       -0.572893         -1.1338
       -0.345275       -0.655694         1.03102
       -0.130922        -1.06291        -1.27575
         1.50033       -0.731879        -0.56301
          1.0703        0.613769          0.1633
         1.15877        -0.51719      -0.0790646
        0.612455       -0.202741       0.0793929
          -1.955        -1.53148         1.14936
        -1.16445       -0.651163          -1.122
       -0.399833       -0.261424        0.489298
      -0.0178459        0.268927        0.282521
        0.106648        0.537444        -1.47552
        0.748548       -0.951093        -1.41537
       -0.256414       0.0388794         1.37747
        -1.24177        0.778834       -0.704655
        -1.49537        0.146042        0.463999
        0.571607        0.109124        -1.27544
        -1.60324       -0.167414         1.14226
        -1.46904        0.231689       -0.146527
         0.95485        0.811911        -1.45046
        -1.23452         1.20782        0.326884
         1.06708        0.618123         1.18285
        0.181826        0.655501        0.849074
        -1.37966         1.09948       -0.878751
         1.90836        0.533711        0.159526
        0.355275       -0.365862       -0.998911
        0.407042         1.59045        0.709873
       -0.538473         0.35623          1.1312
         0.99252        -0.46511       -0.641742
        0.297238       0.0109933         1.77205
