        0.764175         2.62241        -1.36981
        -1.49802        0.168687        0.359012
        -1.52989       -0.817949         1.17672
        0.451512       -0.858214       -0.415282
        0.621294     -0.00944228      -0.0496493
       0.0405879         1.82923         1.30545
        0.846269       0.0190757       -0.020633
        -1.67457         1.19452        -1.03168
        0.219493        -1.12852      -0.0315784
         2.11789        0.900682         1.17677
          0.7647       -0.127495      -0.0906679
        0.462947        -0.29823         1.49774
       -0.951728         1.40039         1.61275
        0.579014           -1.11          1.2078
         1.15501         1.16881         1.14691
       -0.276743        0.362191        0.312215
        -1.16185        0.548431       0.0496279
       -0.448724        -3.44395         1.94598
        0.309825        -1.22961        0.213189
       0.0270034      -0.0794406       -0.737181
       -0.533722        -0.62257        -1.28369
        -1.31065         1.24569       0.0529628
         2.06622        -2.09332       0.0400851
        -1.81432         1.06015       -0.922615
        0.535389        0.706969       -0.909406
         1.89554        -0.44664        0.258443
       -0.981687        0.902936        0.839829
        -1.88889        -1.65444       -0.663988
         -1.9951        -1.43128        -1.10777
         -1.8385       -0.114375         2.16159
       0.0567409         1.09079       -0.921879
        0.236399          1.1464         1.05373
        0.181393        0.606974         1.44485
        0.457951        0.389642       -0.258839
        0.651426        -1.68969        0.531827
         1.82929        -1.97645       -0.509784
         1.28594        -0.40243        0.831836
        -1.34467         1.59412        0.457734
        0.651026       -0.178441         1.03785
        0.934406        0.682638        -1.31821
        0.712028       -0.171196       -0.386921
        -0.65187         2.35426       -0.747856
        -1.93537       -0.231507       -0.563664
       -0.329267         1.16173         1.74238
        0.135099        -2.01141         0.34065
       0.0675638        -2.36142       0.0294586
       -0.714909        0.477076       -0.576532
       -0.500193        0.754637       0.0584344
        0.821916       -0.343259        -1.69189
         1.93491          1.1614       -0.371176
        -1.46662      0.00691709       -0.759621
      -0.0754181        -1.26762        0.306275
       -0.526917        0.529982         1.09465
         2.60117         1.10901         1.86374
         1.43627        0.754014        0.870249
        0.203824       -0.835807        0.357746
       -0.938341        -1.34547       0.0802527
       -0.427078        -1.96401        -0.22057
        0.964155        -1.64452        -0.14982
       -0.274686        0.360372       -0.716544
       -0.505518        0.609371        -2.06583
        -1.00613       0.0949079        0.427356
       -0.357008        0.835754        0.107157
        -0.86435         1.05028         0.51107
       -0.697367        0.533126        -1.40222
        0.889349        0.116473       -0.589873
         1.27013       -0.207326        0.650324
        -1.32426         0.43838         1.03429
        -1.27965       -0.531089        0.247806
         2.50268         1.02079       -0.937551
        -1.25251        0.287621        0.114505
          1.6762        0.571447        -0.26614
        -1.41598        0.644054        0.314018
       -0.455675        0.912025        -2.95275
         1.83912       -0.416444       -0.366633
        -1.25056        0.491829        -1.53672
       -0.512461        0.272806       -0.648172
        -1.10911       -0.536269        0.818268
       -0.878669         1.07906       0.0532615
         1.29096        -0.25447        0.316406
       -0.261848        0.459766        -1.35572
       -0.807114        -1.13463         1.34788
        -1.79486        0.196439      -0.0241512
        0.316591        -1.56265        -1.19642
         0.78399        -1.01325        0.796682
        -1.23771       -0.636093         1.68382
        0.718333        -2.04436        0.463724
       -0.287896         1.28001        0.853283
       -0.011054        0.791844       -0.419569
         1.52015        -0.32731       0.0289001
        0.143941         1.73587        -1.07217
          1.2281         2.30088       -0.902516
      0.00165249       -0.829138        -3.46847
       -0.455067       -0.145194         -0.0556
       -0.317257        -1.17645      -0.0854002
         1.80427        0.910141         -1.5372
        0.935103        0.910117        0.111364
         0.12926        -1.22474         1.60114
       -0.119106         1.59066         3.19738
         1.02324        0.679342        0.327555
         2.16726        -1.81372        -1.40216
        0.443437         0.68888        0.307868
        0.172592         1.18887         1.40882
       -0.956684        -1.09616        -0.13029
       -0.868328       -0.368591        0.445343
       -0.741896        -1.45099        -1.11985
       -0.125041       -0.938658        0.448446
       -0.891854       -0.404735        -3.71279
