# STEPS 100000000
# BLOCKS 100
3.13566           0
3.14125  0.00558495
3.13994  0.00347823
3.13885  0.00269213
3.13842  0.00212932
3.1385   0.0017406
3.14003  0.00212445
3.1407  0.00195815
3.1405  0.00173852
3.1409  0.00160592
3.14131   0.0015094
3.14094  0.00142914
3.14126  0.00135526
3.14143  0.00126621
3.14147  0.00117937
3.14123  0.00112878
3.14132  0.00106371
3.14101  0.00104774
3.14094  0.00099371
3.14103 0.000946389
3.14076 0.000937679
3.14058 0.000913522
3.14048 0.000877616
3.14032 0.000856284
3.14023 0.000826055
3.14026 0.000794006
3.14044 0.000786174
3.14058 0.000769751
3.14048 0.000749294
3.14032 0.000739882
3.14045 0.000725854
3.14056 0.000711824
3.14046 0.000697145
3.14057 0.000685124
3.14069 0.000676784
3.14093 0.000697489
3.14074 0.000703227
3.14072 0.000684824
3.14094 0.000704402
3.141 0.000688531
3.14108  0.00067666
3.14119  0.00066931
3.14133 0.000669661
3.14154 0.000684731
3.1415  0.00067009
3.14152 0.000655441
3.14154 0.000641781
3.14153 0.000628284
3.14146 0.000620189
3.14142 0.000608576
3.14149   0.0006003
3.14142 0.000592472
3.14142 0.000581193
3.14143 0.000570372
3.14126 0.000585098
3.14139 0.000589186
3.14154 0.000598832
3.1415 0.000590126
3.14148 0.000580175
3.14141 0.000574702
3.14155 0.000581968
3.14162 0.000576629
3.14169 0.000571933
3.14158 0.000574094
3.14159 0.000565244
3.14158 0.000556671
3.14151 0.000553345
3.14143 0.000550178
3.14161 0.000572005
3.14158  0.00056462
3.14164 0.000559076
3.14179 0.000573418
3.14173 0.000568828
3.14169 0.000562629
3.14165  0.00055644
3.14155 0.000559301
3.1415 0.000554143
3.14163 0.000564029
3.14157 0.000560165
3.1416 0.000553663
3.14162 0.000547262
3.14154 0.000546521
3.14147 0.000544507
3.14148 0.000538159
3.14144 0.000533509
3.14148 0.000528442
3.14145 0.000522845
3.14143 0.000517345
3.14148 0.000513515
3.14148 0.000507854
3.14143 0.000505224
3.14144  0.00049991
3.1415 0.000497801
3.14145  0.00049469
3.14146 0.000489467
3.14146 0.000484343
3.14143 0.000479921
3.14151 0.000480758
3.14143 0.000482005
3.14145 0.000477675
