1.00192   0.0210208
0.989502   0.0173642
0.998534   0.0152426
0.998271   0.0118097
0.996956  0.00973198
0.998019  0.00829346
0.997774  0.00718652
1.00084  0.00703881
1.00287  0.00661597
1.00207  0.00603763
1.00322   0.0056298
1.00313  0.00517947
1.00329  0.00479791
1.00252  0.00453174
1.00396  0.00447559
1.00406  0.00420544
1.00347  0.00400864
1.0035  0.00379191
1.00252  0.00372847
1.00205  0.00357718
1.00169  0.00343039
1.00132  0.00329844
1.0015  0.00316313
1.002  0.00307465
1.00211  0.00295623
1.00256  0.00287989
1.00272  0.00277961
1.00298  0.00269447
1.00297   0.0026031
1.00263  0.00254056
1.00226  0.00248862
1.00286  0.00248626
1.00215  0.00251333
1.0019  0.00245413
1.00177  0.00238811
1.00223  0.00236754
1.00211  0.00230753
1.00207  0.00224789
1.0017  0.00222204
1.00174  0.00216744
1.00176   0.0021153
1.00177  0.00206554
1.00147  0.00203995
1.00138  0.00199602
1.00129  0.00195458
1.00114  0.00191833
1.00107  0.00187902
1.00118  0.00184355
1.00104   0.0018121
1.00111  0.00177753
1.00088  0.00175824
1.00105  0.00173404
1.00078  0.00172393
1.00062  0.00169942
1.00053  0.00167157
1.00077  0.00166018
1.00053  0.00164916
1.00036  0.00162942
1.00045   0.0016046
1.00002  0.00163767
1.00039  0.00165349
1.00039  0.00162703
1.00048  0.00160384
1.00063  0.00158596
1.00062  0.00156177
1.00104  0.00159471
1.00097  0.00157236
1.00115  0.00155999
1.00166  0.00161767
1.00175  0.00159735
1.00175  0.00157502
1.00185  0.00155629
1.00145  0.00158648
1.00145  0.00156519
1.00165  0.00155718
1.0014  0.00155798
1.00163  0.00155483
1.00181   0.0015457
1.00186  0.00152729
1.00218  0.00154076
1.00232  0.00152875
1.00221  0.00151462
1.00218  0.00149676
1.00191  0.00150301
1.0019  0.00148544
1.00185  0.00146935
1.00163  0.00146949
1.00152  0.00145652
1.00161  0.00144297
1.00124  0.00147534
1.00103  0.00147321
1.00091  0.00146269
1.0009  0.00144705
1.00072  0.00144365
1.00067  0.00142936
1.00072   0.0014153
1.00061  0.00140485
1.0005  0.00139522
1.00054  0.00138189
