1           0
1.41655  0.00420384
1.73499  0.00561925
2.00574  0.00650985
2.24442  0.00788729
2.45022  0.00843773
2.64371   0.0101108
2.83425   0.0106533
3.00606   0.0113474
3.17049   0.0122398
3.32635   0.0141264
3.48454   0.0143451
3.6282   0.0149711
3.76189   0.0154493
3.89048   0.0166456
4.02393    0.017121
4.14193   0.0175287
4.25972    0.017983
4.36935   0.0184332
4.47573    0.019846
4.58522   0.0205998
4.70272   0.0200644
4.81456   0.0206527
4.92173   0.0215727
5.01817   0.0218644
5.12064   0.0222344
5.20698   0.0224224
5.2946   0.0231232
5.37092   0.0240091
5.46584   0.0244046
5.56904    0.024282
5.64455   0.0238441
5.72054   0.0235854
5.80917   0.0245601
5.90239   0.0247734
5.97719   0.0263994
6.065   0.0277907
6.1524   0.0276221
6.23699   0.0283989
6.31367   0.0280015
6.37751   0.0273231
6.47032   0.0272313
6.55149   0.0280123
6.63271   0.0290024
6.7082   0.0278958
6.77637   0.0277237
6.86137   0.0286713
6.94043   0.0291798
7.02084   0.0293452
7.09336   0.0307781
7.15605    0.029471
7.22486   0.0290749
7.29311   0.0294331
7.37334   0.0292864
7.43055   0.0291165
7.50668   0.0289431
7.5783   0.0291363
7.65018   0.0286606
7.71502   0.0291195
7.787   0.0302449
7.85159    0.030336
7.91289   0.0314701
7.97532     0.03213
8.03784   0.0329781
8.0972    0.032987
8.16364   0.0327869
8.2235   0.0337874
8.28145   0.0338709
8.33095   0.0343449
8.39363   0.0355781
8.46033   0.0364163
8.52068   0.0365438
8.57788   0.0358889
8.63853   0.0357918
8.69479   0.0366823
8.7518   0.0369335
8.80711   0.0374948
8.86432   0.0377406
8.92398   0.0379198
8.98244   0.0380741
9.04289   0.0389341
9.10016   0.0394386
9.15119   0.0398849
9.20776   0.0395964
9.25421   0.0399128
9.30031   0.0397447
9.35969    0.040337
9.41401   0.0408206
9.4716   0.0408162
9.52668   0.0410226
9.58231   0.0413181
9.63532     0.04119
9.69461    0.040816
9.73757   0.0415191
9.79314    0.042878
9.8501   0.0433252
9.90581   0.0432135
9.94865   0.0437998
9.99235   0.0437743
10.0419   0.0441529
