1           0
1.40999  0.00407884
1.73039   0.0056151
2.00128  0.00712321
2.23615  0.00860839
2.44372  0.00913887
2.64298  0.00914955
2.82982   0.0100781
3.0069   0.0107041
3.16785    0.011607
3.31819   0.0134509
3.47664   0.0146653
3.62346   0.0158868
3.76424   0.0157615
3.8915   0.0159592
4.00936   0.0159635
4.12351   0.0162189
4.24796   0.0168963
4.35986   0.0184965
4.47666   0.0192691
4.58305    0.019543
4.69251   0.0199516
4.7952   0.0199669
4.90049   0.0201326
4.9901   0.0211848
5.07713   0.0209823
5.16911   0.0220954
5.26278   0.0218998
5.35443   0.0226384
5.44812   0.0237493
5.53432    0.024996
5.63041   0.0255669
5.71952   0.0262743
5.81225   0.0263389
5.90131   0.0254072
5.99498   0.0262387
6.06913   0.0261087
6.15409   0.0262746
6.23552   0.0260932
6.31497    0.025235
6.38572   0.0250028
6.47033   0.0252512
6.55011   0.0255299
6.62328   0.0270752
6.695   0.0267289
6.76789   0.0265202
6.83747   0.0265023
6.90269   0.0272246
6.96892   0.0271187
7.03941    0.026709
7.10564   0.0269763
7.16954   0.0273171
7.24592   0.0273582
7.3205   0.0264172
7.37893   0.0273376
7.45213   0.0280282
7.52333   0.0278392
7.58562   0.0270821
7.65986   0.0275676
7.72495    0.027956
7.79393   0.0287852
7.85418   0.0284544
7.92386   0.0292922
7.98926   0.0292448
8.05264    0.029419
8.12679   0.0296382
8.18312   0.0301762
8.24269   0.0307711
8.30473   0.0312713
8.36416   0.0310122
8.4221   0.0313026
8.47837   0.0313956
8.53814   0.0319893
8.59633   0.0325791
8.65196   0.0328181
8.71275   0.0326727
8.7646   0.0319165
8.82267   0.0324098
8.87395   0.0330262
8.92434   0.0336223
8.98828   0.0346753
9.05013   0.0348555
9.10836   0.0354171
9.15909   0.0363948
9.20416   0.0367925
9.25549   0.0358971
9.31509   0.0353197
9.36145   0.0350831
9.41895   0.0350267
9.46606   0.0351506
9.5289   0.0346172
9.58139   0.0348884
9.63633   0.0348694
9.69196   0.0354666
9.75279   0.0364951
9.79906   0.0366411
9.84171   0.0373464
9.8956   0.0373619
9.94265   0.0379891
9.9821   0.0385408
