          1.1726        0.846725        0.659078
         1.26931        -0.93001         2.15914
        0.111962       -0.465323       -0.650254
         1.84243          0.2661        0.308531
         1.39349        0.377213         1.31295
         2.15485       -0.204753       -0.814807
        -1.03582       -0.512584      -0.0690222
       -0.131641        0.437375        0.393251
         2.43776         -0.3894        0.240572
        -1.71682        0.676216        0.605618
       -0.280519        -1.88988        -1.11983
        -1.08529       -0.185037       -0.539013
       -0.944383      -0.0380366         1.17048
        0.650125       -0.634458       -0.816547
        0.563036         1.48461        0.921973
       -0.282485        -1.12792        0.837404
        0.675134        0.811358         0.74108
        0.396266        -2.22357       -0.819499
        -2.47149         1.16044       -0.404309
        0.354924      -0.0574032       0.0911726
       -0.662798      -0.0942287        0.218217
        -1.27071         1.47872         1.07351
        0.671258      -0.0056413         1.58441
         2.09691        0.166896        0.679768
          1.1387        -1.03919          1.2374
        -1.68752       -0.577221       -0.867483
       -0.125359        -1.35528       -0.456641
       -0.265552        0.532434       0.0118049
       -0.640666        0.562871         0.66819
        -1.33502        -1.10011        0.039027
        -1.02711         0.76702        -1.07919
        0.823686        0.311112         1.00682
       -0.962356       -0.906003          3.6959
        -1.59701       -0.980548        0.469702
       -0.664638        -0.42551       -0.100327
        -1.57747         1.53527        0.719699
         0.91537        -1.24637        0.674704
        0.283771        -1.42803        0.300257
       0.0660422        -2.01808       0.0407759
        -0.31106         1.34237        0.221318
       -0.863867        0.622082        0.363306
         0.39953         1.50052        -1.12152
       -0.719985          2.2132       -0.814441
          1.7584        0.357729        -1.34328
        -2.33797        0.590673       -0.493733
         2.25909        0.954343        0.665944
       0.0601397        0.705155        -1.27191
       -0.869034        0.409545         0.33537
        -1.25707         2.70391        0.465806
        0.873451         0.37236        -1.54576
        -1.45938       -0.250882        -1.92532
       -0.872005        0.751545        -1.76939
         1.09072         -3.2045        -3.30976
       -0.793686      -0.0636125        0.325976
        0.795449       -0.512293        0.416958
       0.0259859       -0.255606         1.26809
       -0.451566        -1.89164       -0.898062
        0.653531        0.371581       -0.335529
        -1.09679        -0.63447       -0.703403
        -1.00716        0.221395       -0.101944
        0.164347         1.09228         1.01564
        0.989041       -0.351341         -1.0564
        -2.05274        0.535242        -1.54054
      -0.0959175        -1.17269       -0.375621
       -0.345674       -0.874695         1.51929
        0.227333       -0.902683        -1.20321
        0.394441        -1.88266       -0.960685
        0.408783         1.12149         -1.4356
        0.684419         1.14696        -1.99735
        -1.27585        0.103583        0.144203
        -0.81138       -0.419536        0.616532
        -0.12907         1.75306      0.00610656
        0.484648        0.091193       0.0366931
       -0.276648        0.439736         1.36342
        0.295132         1.69537       -0.634062
       -0.471491         -1.0169        -0.50372
         1.67131        -1.42282         0.86506
       -0.135605        -1.44697        0.322633
         1.85868         2.31673        0.577276
        0.794304        0.646148       -0.534932
        -1.60576       -0.575796       -0.799278
        0.471819       -0.395675       -0.464628
        0.653288       -0.557688       -0.429908
       -0.234133       -0.653967        0.028729
      -0.0307538       -0.461668          0.8985
        -1.27686       -0.297862       -0.193188
        0.863134        0.487766        0.183706
       -0.995375         1.43684       -0.835244
         -1.1428         1.36333      -0.0957801
        -0.75546        -2.36424        0.646439
        0.294369        0.489576       -0.911112
        0.826116        0.394443         2.06716
        0.631446       -0.569234       -0.478293
       -0.560935         1.31559        -1.37923
         1.85232         1.04276        0.685096
      -0.0980073        0.339372        -1.27087
      -0.0660516        0.165821       -0.664447
      -0.0928225        0.974554        -0.18397
        0.999828       -0.453377          1.9574
         1.54309        0.215829        -1.29533
        0.523098       -0.829794         1.43487
      -0.0608246         1.61662       0.0770344
        0.701421       -0.214553         1.38463
       -0.800584       -0.219444         1.41569
         1.06852         0.55127        0.607566
        0.735762        -0.93074      0.00612611
       -0.275847        -1.60221       -0.394976
       -0.675766        0.397823       -0.774657
