GEN #         BEST_L         L_MEAN
1         4714.6        5007.45
2        4480.41        4719.97
3        4463.09         4578.9
4         4356.4        4468.92
5        4206.44        4386.99
6        4060.84        4258.59
7        3994.72         4121.4
8         3899.5        4020.94
9        3801.58         3928.8
10        3758.91        3833.94
11        3628.71        3771.91
12         3581.2        3686.51
13        3559.39        3621.36
14        3508.04        3583.57
15        3456.77        3532.53
16        3360.12        3482.46
17        3357.88        3446.37
18        3305.77         3383.9
19        3194.93        3344.78
20        3170.17        3290.07
21        3129.25        3233.99
22        3098.01        3185.21
23        3058.17        3140.15
24        3026.04        3096.65
25        3006.05        3054.99
26        2964.24        3030.77
27        2949.21        3013.84
28        2915.02        2982.24
29         2856.9        2952.36
30        2855.39        2913.24
31        2812.37        2872.24
32        2812.37        2857.45
33        2794.06         2839.5
34        2792.47        2824.54
35        2776.24        2811.93
36         2736.8        2809.07
37         2736.8        2792.04
38        2721.35        2778.85
39        2690.44        2759.69
40        2654.65        2730.97
41        2654.65        2705.48
42        2631.95        2689.21
43        2623.85         2657.6
44        2623.85         2646.9
45        2587.89        2637.24
46        2571.43        2620.66
47        2571.43        2603.01
48        2547.69        2590.19
49        2525.99        2590.88
50         2520.2        2570.99
51         2490.5         2557.3
52        2473.61        2538.71
53        2468.19        2528.66
54        2468.19        2512.19
55        2455.35        2509.25
56         2427.4         2484.5
57        2420.09        2466.21
58        2388.74        2445.03
59        2388.74        2435.11
60        2386.44        2419.51
61        2386.44        2427.92
62        2359.69        2405.05
63        2350.92        2389.48
64        2350.92        2392.33
65        2318.97        2375.21
66        2318.97        2364.66
67        2318.93        2366.28
68        2318.93        2347.93
69         2310.6        2344.68
70        2296.66        2330.25
71         2290.9        2322.57
72        2283.52        2306.84
73        2259.24        2297.18
74        2254.45        2291.15
75        2254.45        2295.22
76        2254.45        2281.91
77        2254.45        2281.27
78        2239.58        2272.29
79        2239.58        2271.78
80        2227.98        2258.46
81        2227.98        2254.85
82        2227.98        2257.18
83        2218.76        2256.02
84        2187.99        2242.97
85        2187.99        2238.28
86        2187.99        2232.46
87        2187.06        2216.59
88        2186.32        2212.39
89        2183.69        2203.22
90        2183.69        2213.05
91        2183.69        2214.86
92        2173.23        2204.12
93        2173.23        2207.07
94        2173.23        2203.16
95        2170.14        2194.52
96        2163.03        2204.15
97        2163.03        2189.74
98        2152.35        2190.47
99        2119.55        2174.08
100        2119.55         2180.6
101         2118.3        2166.71
102         2118.3        2165.79
103        2113.31        2146.33
104        2110.93        2139.98
105        2110.62        2135.46
106        2099.83         2125.8
107        2099.83        2130.41
108        2097.54        2132.07
109         2079.3        2131.16
110         2079.3         2119.4
111        2068.15        2106.54
112        2068.15        2102.27
113        2068.15        2100.48
114        2065.41        2099.21
115         2064.1        2079.12
116        2047.95         2089.5
117        2047.95        2094.98
118        2044.11        2077.49
119        2044.11        2064.98
120        2038.96        2065.05
121        2038.96         2068.7
122        2038.96        2058.83
123        2038.17        2060.58
124         2035.3        2065.73
125        2023.18        2049.25
126        2023.12         2058.9
127        2023.12        2051.92
128         2021.1        2041.77
129        2015.58        2036.98
130        2013.48        2049.94
131        2013.48        2039.36
132         1996.7        2035.14
133         1996.7        2031.22
134         1996.7        2026.63
135        1992.63        2029.92
136        1989.91        2027.64
137        1989.91        2019.26
138         1986.7        2009.45
139        1985.18        2012.52
140        1983.04        2007.29
141        1979.48        2003.17
142        1979.48        2012.69
143        1973.58        2001.32
144        1973.58        1998.72
145        1968.87        2017.96
146        1968.87        2000.63
147         1960.4        2000.46
148         1960.4        1992.85
149         1960.4        1984.44
150         1960.4        1990.23
151         1960.4        1984.76
152        1960.33        1979.43
153        1958.49        1986.89
154        1955.28        1979.17
155        1955.28        1985.44
156        1955.28        1990.06
157        1955.28        1979.73
158        1955.28        1974.38
159        1952.56        1980.38
160        1952.56        1978.15
161        1948.49        1972.07
162        1943.43        1966.07
163        1943.43        1977.58
164        1943.43        1967.54
165         1940.7        1979.07
166        1938.48        1966.23
167        1938.48        1971.36
168        1935.14        1962.96
169        1935.14        1966.73
170        1935.14        1967.42
171        1935.14        1962.06
172        1934.88         1978.4
173        1934.16        1957.05
174        1931.86        1967.77
175        1931.86         1968.5
176        1929.16         1953.5
177        1927.96        1956.16
178        1927.96        1954.07
179        1927.96        1961.81
180        1926.67        1942.21
181        1917.99        1945.58
182        1917.09        1943.59
183        1917.09        1951.62
184        1916.79        1941.71
185        1916.79        1950.71
186        1913.91        1939.78
187        1906.91        1931.55
188        1903.38        1936.87
189        1903.38         1933.6
190        1903.38        1932.33
191        1902.86        1926.18
192        1902.86        1931.06
193        1902.86        1922.44
194        1902.86        1924.21
195        1901.84        1923.58
196        1901.84        1932.72
197        1897.35        1916.43
198        1897.35        1927.81
199        1897.35        1921.77
200        1897.35        1922.14
201         1891.7        1918.75
202         1891.7        1918.55
203         1891.7        1913.44
204         1891.7        1909.92
205         1891.7        1924.93
206         1891.1        1924.95
207         1891.1        1921.75
208        1883.41        1916.65
209        1883.41        1911.31
210        1883.41        1924.71
211        1883.41        1917.89
212        1883.41        1920.07
213        1883.41        1914.66
214        1883.41        1910.82
215        1883.41        1907.46
216         1882.2        1908.79
217         1882.2        1904.59
218        1877.77        1908.79
219        1877.77        1915.73
220        1877.77        1907.53
221         1873.4        1915.43
222         1873.4         1912.2
223        1871.39        1901.19
224        1871.23        1891.69
225        1871.23         1896.8
226        1871.23        1889.27
227        1870.51        1895.58
228        1870.51        1896.46
229        1870.51        1898.88
230        1845.41        1897.55
231        1844.23           1891
232        1844.23        1889.03
233        1844.23        1890.68
234        1844.23        1868.73
235        1836.66        1881.24
236        1836.66        1861.62
237        1836.41         1869.2
238        1836.41         1857.7
239        1836.41        1862.33
240        1835.41         1858.3
241        1835.41        1877.02
242        1835.41        1858.13
243        1835.41        1867.82
244        1835.41        1862.74
245        1833.26        1852.37
246        1833.26        1869.09
247        1833.26        1860.71
248        1833.26        1858.18
249        1833.26         1858.4
250        1833.26        1861.11
251        1833.26        1858.23
252        1833.26        1873.59
253        1833.26         1856.8
254        1831.96        1864.36
255        1831.96        1857.88
256        1831.96        1857.75
257        1830.78         1865.7
258        1830.78        1859.27
259        1826.86        1852.84
260        1826.86        1862.48
261         1826.4         1859.8
262         1826.4        1844.22
263         1826.4        1857.03
264         1826.4        1844.76
265         1826.4        1858.97
266         1826.4         1857.8
267         1826.4        1853.39
268         1826.4        1862.92
269        1822.13        1860.31
270        1822.13        1852.72
271        1822.13         1852.7
272        1822.13         1851.7
273        1821.42        1846.17
274        1821.42        1861.39
275        1821.42        1869.78
276        1821.42        1843.82
277        1821.42        1859.36
278        1821.42        1843.36
279        1818.02        1845.33
280        1818.02        1854.56
281        1817.09        1841.46
282        1817.09        1843.35
283        1816.53        1856.03
284         1816.5        1843.67
285         1816.5        1841.21
286        1814.68        1838.27
287        1814.68        1842.92
288        1814.68        1844.02
289        1810.89        1832.83
290         1810.3        1835.68
291         1810.3        1839.27
292         1810.3        1834.02
293         1810.3        1835.82
294         1810.3        1860.58
295        1809.99        1839.03
296        1809.99        1836.86
297        1809.99        1842.32
298        1809.99        1828.12
299        1808.89        1828.54
300        1808.89        1849.87
301        1808.89        1836.38
302        1807.22        1837.98
303        1802.67        1830.72
304        1802.67        1830.84
305        1802.67        1836.52
306        1802.67        1832.16
307        1802.67        1837.97
308        1802.67        1831.01
309        1802.67         1821.8
310        1802.67        1826.21
311        1802.67        1820.67
312        1802.67        1827.59
313        1799.96        1831.85
314        1791.19        1821.83
315        1791.19        1824.81
316        1788.01         1821.7
317        1788.01        1812.17
318        1788.01        1811.23
319        1788.01        1831.56
320        1788.01        1821.07
321        1787.68        1813.75
322        1787.68        1814.26
323        1787.68        1807.55
324        1787.68        1809.21
325        1784.15        1806.62
326        1784.15        1806.11
327        1784.15        1815.17
328        1783.72        1816.34
329        1783.72        1832.67
330         1783.2        1808.13
331        1782.59        1807.13
332        1782.59        1809.22
333        1779.13         1808.3
334        1779.13        1815.66
335        1779.13        1816.93
336        1779.13        1800.46
337        1779.13        1803.36
338        1779.13        1809.38
339        1779.13         1821.8
340        1779.13        1798.77
341        1779.13        1808.19
342           1777        1804.84
343           1777        1801.78
344           1777        1805.25
345           1777        1796.67
346           1777        1807.39
347        1773.38        1795.84
348        1773.38        1798.09
349        1772.92        1800.58
350        1772.92        1798.09
351        1772.92        1806.75
352        1772.92        1799.15
353        1772.92         1793.1
354        1772.92        1815.05
355        1758.63           1788
356        1758.63        1799.56
357        1758.63        1795.35
358        1758.63        1800.07
359        1758.63        1787.42
360        1758.63        1785.62
361        1758.63         1796.7
362        1758.63        1787.29
363        1758.63        1779.27
364        1758.63        1787.82
365        1758.63        1786.42
366        1758.63        1781.44
367        1758.03        1785.55
368        1758.03         1778.6
369        1758.03        1785.06
370        1758.03        1777.86
371        1758.03        1775.67
372        1758.03        1778.47
373        1758.03        1770.69
374        1758.03        1785.03
375        1757.91        1797.54
376        1757.22        1780.06
377        1757.22        1770.88
378        1757.22         1784.3
379        1757.22        1793.47
380        1755.13        1784.23
381        1754.25         1776.4
382        1754.25        1783.24
383        1754.25        1786.48
384        1754.25        1771.37
385        1749.16        1776.93
386        1749.16        1780.05
387        1749.16        1783.34
388        1749.16        1784.93
389        1749.16        1778.53
390        1749.16        1777.88
391        1749.16        1776.84
392        1749.16        1787.22
393        1749.16        1773.41
394        1749.16        1779.41
395        1749.07        1769.54
396        1749.07        1773.44
397        1749.07           1786
398        1749.07        1775.06
399        1749.07        1770.59
400        1749.07         1769.9
401        1748.12        1766.19
402        1747.73        1770.07
403        1746.49           1767
404        1746.49        1769.78
405        1745.88        1764.01
406         1744.2        1780.34
407         1744.2        1776.59
408         1744.2        1767.73
409        1740.63        1763.57
410        1740.63        1766.25
411        1740.63        1766.83
412        1740.63        1766.45
413         1736.3         1757.3
414        1732.78        1764.51
415        1732.78        1770.87
416        1732.78        1774.33
417        1732.78        1760.77
418        1731.16        1754.43
419        1731.16        1755.59
420        1731.16        1751.06
421        1731.16        1748.64
422        1731.16        1761.94
423        1731.16        1752.89
424        1731.16        1761.95
425        1731.16        1776.22
426        1731.16        1762.51
427        1731.16        1760.35
428        1731.16        1747.29
429        1731.16        1771.26
430        1731.16         1757.5
431        1731.16        1758.47
432        1731.16        1760.07
433        1731.16         1753.4
434        1731.16        1752.67
435        1731.16        1756.16
436        1731.16        1765.67
437        1731.16        1747.89
438        1731.16        1752.13
439        1731.16        1750.39
440        1731.16         1755.7
441        1731.16        1773.42
442        1731.16        1755.51
443        1731.16        1757.45
444        1731.16        1755.05
445        1730.89        1759.47
446        1730.89         1749.9
447        1728.69        1751.24
448        1728.69        1753.12
449        1728.69        1769.11
450        1726.56        1742.58
451        1726.56        1761.34
452        1726.56        1757.57
453        1726.56         1749.9
454        1726.56        1752.89
455        1726.56        1757.52
456        1726.56        1760.82
457        1726.56        1756.24
458        1726.56        1739.51
459        1726.56        1750.47
460        1726.56        1771.48
461        1726.56        1749.15
462        1726.22        1744.98
463        1726.22        1746.38
464        1726.22        1755.41
465        1726.22        1754.01
466        1726.22        1747.78
467        1725.83        1759.77
468        1725.59        1748.68
469        1725.59        1757.78
470        1725.59         1751.1
471        1725.31        1764.01
472        1725.31        1758.53
473        1724.47        1755.69
474        1724.47        1757.02
475        1724.47        1741.39
476        1724.47        1747.47
477        1724.47        1755.94
478        1723.59        1743.54
479        1723.59        1751.36
480        1723.59        1752.69
481        1723.59        1739.76
482        1723.59        1752.53
483        1723.27        1750.35
484        1723.27        1748.25
485        1723.27        1752.91
486        1723.27        1754.49
487        1723.27        1750.58
488        1721.41        1748.05
489        1721.41        1752.76
490        1721.41        1746.51
491        1721.41        1756.13
492        1721.41        1743.33
493        1721.41        1752.15
494        1721.41        1741.95
495        1721.41        1741.97
496        1721.41        1753.75
497        1721.41        1744.16
498        1721.41        1748.25
499        1721.41        1752.06
500        1721.41        1739.93
