GEN #         BEST_L         L_MEAN
1        4480.46        4726.63
2        4199.89        4523.98
3        4175.53        4378.62
4        4106.45        4185.16
5        3972.41        4121.77
6        3952.74         4055.1
7        3905.12        3967.88
8        3811.53         3912.7
9        3794.78        3847.19
10        3668.22        3789.96
11        3643.93        3725.55
12        3588.13        3676.09
13        3490.95        3628.98
14        3401.71        3554.18
15         3376.8        3471.28
16        3351.29        3403.33
17         3316.8        3366.82
18        3253.63        3335.83
19        3205.28        3299.81
20        3195.65         3258.3
21        3116.81           3224
22        3070.31        3196.83
23         3056.6         3133.8
24        2996.84        3083.98
25        2988.99        3069.95
26        2970.65        3036.26
27        2955.53        3002.59
28        2912.87        2970.02
29        2869.95        2946.75
30        2856.38           2917
31        2821.43        2889.11
32        2810.66        2866.82
33        2787.72        2834.68
34        2773.59         2818.6
35        2756.07        2797.95
36        2750.89        2782.79
37        2705.21        2769.14
38        2705.21        2754.03
39        2688.35        2735.54
40        2664.79        2724.27
41        2651.92        2710.73
42        2637.78        2689.69
43        2621.23        2676.84
44        2621.23        2654.19
45        2612.18        2642.35
46        2599.67        2639.46
47        2575.91        2620.51
48        2571.94        2605.44
49        2536.88        2600.81
50         2523.1         2581.7
51        2493.11         2569.4
52        2481.79        2539.18
53        2477.52        2521.25
54        2477.52        2508.62
55        2453.05        2492.35
56        2453.05        2496.24
57        2436.85        2473.43
58        2434.53        2461.86
59        2405.74        2460.91
60        2405.74        2458.91
61        2402.82        2439.23
62        2377.53        2429.15
63        2375.58        2424.45
64        2375.25        2414.55
65        2360.42        2401.06
66        2357.82         2400.4
67        2355.41        2384.96
68        2346.75        2377.81
69        2346.75        2379.29
70        2328.28        2373.76
71        2328.28        2371.94
72        2315.07        2352.41
73         2305.6        2342.09
74        2302.16        2336.19
75        2300.79        2343.69
76        2298.84         2322.4
77        2286.57        2321.53
78        2284.26        2316.63
79        2275.33        2310.24
80        2267.23        2300.45
81        2263.17        2292.09
82           2260        2289.58
83        2259.46        2282.14
84        2251.06        2286.21
85         2249.9        2272.69
86        2249.57         2279.6
87        2241.79        2276.37
88        2241.79         2273.6
89        2225.43        2271.08
90        2221.17        2261.23
91        2221.17         2261.5
92        2194.26        2254.47
93        2188.63        2251.49
94        2188.63        2234.16
95        2187.51        2218.96
96        2180.66        2210.59
97        2180.66        2204.12
98        2158.37        2208.14
99        2158.37        2198.29
100        2158.37        2201.24
101        2150.32         2192.8
102        2150.32           2182
103        2148.42        2188.85
104        2130.09        2176.58
105        2130.09        2174.17
106        2130.09        2165.16
107        2127.41        2159.41
108        2121.47        2159.71
109        2109.25        2151.33
110        2106.42        2147.27
111        2103.43        2129.78
112        2099.31        2130.48
113        2099.31        2125.31
114        2099.31         2126.9
115        2098.31        2135.44
116        2097.51        2122.63
117        2092.25        2117.17
118        2087.28        2123.49
119        2080.75        2117.01
120        2080.75        2107.52
121        2080.75        2115.15
122        2077.69        2108.53
123        2073.58        2104.59
124        2073.58        2102.41
125        2046.61        2099.49
126        2046.61        2090.84
127        2046.47         2089.6
128        2046.47        2086.78
129        2044.95        2072.68
130        2042.62        2061.06
131        2042.62        2062.86
132        2033.89        2067.22
133        2033.89        2053.56
134        2031.89         2061.1
135        2025.22        2061.27
136        2022.34        2053.57
137        2022.34        2050.84
138         2020.8        2055.48
139         2020.8        2051.49
140        2017.42        2043.42
141        2017.42        2043.08
142        2014.36        2047.26
143        2014.36         2037.1
144        2014.36        2048.72
145        2014.36        2045.33
146        2013.52        2035.63
147        2009.49        2028.71
148        2009.49        2046.94
149        2009.49        2029.38
150        2002.54        2028.21
151        2002.54        2043.41
152        2002.54        2029.02
153        1997.26        2026.51
154        1997.26        2029.66
155        1993.29        2026.29
156        1993.29        2022.63
157        1993.29        2012.04
158        1991.19        2017.71
159        1991.19        2010.96
160        1991.19        2020.77
161        1990.41        2008.82
162        1990.41        2011.91
163        1985.79        2010.27
164        1985.79        2008.76
165        1985.04        2012.92
166        1985.04        2019.13
167        1985.04        2009.65
168        1979.09        2009.64
169        1979.09         2006.4
170        1979.09        2009.43
171         1976.1        2014.27
172         1976.1        2011.23
173         1976.1        2005.85
174        1974.34        2003.49
175        1971.93        2000.05
176         1970.1        1995.55
177         1970.1        1998.27
178         1968.7        2005.96
179         1968.7        1990.03
180         1968.7        2004.64
181        1965.42        1998.45
182        1965.42        1995.77
183        1965.42        1995.78
184        1964.01        1987.76
185        1963.24        1989.93
186        1957.03        1990.35
187        1957.03        2003.05
188        1957.03        1978.81
189        1957.03        1979.79
190        1957.03        1991.43
191        1957.03        1990.66
192        1955.21        1985.28
193        1953.32        1979.36
194        1953.32        1989.06
195        1948.83        1977.76
196        1947.26        1983.82
197        1947.26        1983.79
198        1947.26        1972.95
199        1947.26        1971.64
200         1944.4        1980.78
201         1944.4        1971.09
202        1941.46        1971.29
203        1941.46           1975
204        1939.49         1975.5
205        1939.49        1968.78
206        1939.49        1969.84
207        1939.49         1972.4
208        1937.64        1974.27
209        1928.07        1962.94
210        1928.07        1967.08
211        1927.11        1957.56
212        1927.11        1959.55
213        1926.37        1947.97
214        1922.54        1950.75
215        1921.34        1943.82
216        1921.34        1947.72
217        1921.27        1946.89
218        1921.27        1946.68
219        1921.27        1953.83
220        1919.65        1932.45
221         1918.2        1941.88
222         1918.2        1948.67
223        1915.66        1934.77
224        1915.66         1941.8
225        1915.66        1935.05
226        1915.66        1941.32
227        1915.66        1944.59
228        1913.51        1942.06
229        1913.51           1944
230        1913.51        1942.71
231        1913.51        1939.98
232        1913.51        1941.37
233        1913.51        1941.61
234        1913.51        1939.74
235        1912.56        1941.56
236        1907.87        1952.63
237        1902.06        1940.53
238        1902.06        1943.36
239        1902.06         1931.4
240        1902.06        1928.08
241        1900.19        1925.83
242        1900.19        1930.83
243        1900.14        1936.97
244        1897.16        1931.58
245        1896.42        1927.73
246        1892.28        1939.78
247        1892.28        1938.86
248        1892.28        1923.86
249         1888.9        1921.66
250         1888.9        1914.84
251         1888.9        1925.06
252         1888.9        1937.98
253        1885.95        1920.31
254        1885.95        1924.82
255        1885.95        1921.03
256        1885.85        1916.69
257        1885.57         1912.5
258        1885.57        1917.13
259        1881.05         1910.7
260        1881.05        1929.16
261        1881.05        1913.95
262        1875.89        1919.04
263        1875.89        1920.43
264        1875.46        1914.36
265        1874.42        1911.13
266        1874.42        1924.33
267        1874.42        1904.76
268        1874.42        1904.06
269        1874.42        1914.84
270        1874.42        1902.04
271        1872.69        1905.52
272        1872.69        1900.07
273        1872.69        1901.19
274        1872.69        1904.35
275        1872.31        1895.48
276        1872.31        1902.99
277        1872.31        1907.05
278        1872.31        1900.26
279        1872.31        1895.64
280        1872.31        1897.78
281        1872.31        1902.79
282        1872.31        1909.43
283        1872.31        1913.23
284        1872.31        1898.45
285        1872.31        1903.88
286        1872.31        1908.15
287        1872.31        1918.86
288        1872.31        1918.51
289        1872.31        1897.13
290        1872.31        1907.11
291        1872.31        1898.46
292        1871.69        1908.77
293         1869.6        1897.02
294        1865.18        1911.12
295        1865.18        1898.01
296        1865.18        1910.81
297        1865.18        1895.66
298        1865.18        1907.13
299        1865.18        1905.61
300        1865.18        1893.85
301        1865.18        1918.39
302        1865.18        1906.06
303        1862.29        1897.41
304        1862.29        1889.21
305        1862.29        1898.59
306        1862.29        1896.99
307        1862.29        1909.54
308        1862.29        1897.12
309        1862.29         1903.6
310        1862.29        1894.16
311        1862.29        1896.27
312        1862.29        1910.33
313        1861.36        1894.13
314        1860.14        1897.73
315        1860.14        1883.71
316        1860.14        1883.38
317        1858.26        1889.53
318        1858.26        1883.73
319        1858.26        1885.44
320        1858.26         1883.8
321        1858.26        1898.75
322        1857.48        1881.02
323        1857.48        1886.55
324        1855.76        1898.49
325        1855.76        1881.85
326        1855.76        1882.71
327        1855.76        1895.35
328        1855.76        1885.52
329        1855.76        1879.39
330        1855.76        1892.58
331        1855.76        1882.93
332        1855.76        1881.86
333        1855.76        1889.96
334        1855.76        1880.43
335        1853.17        1893.11
336        1853.17        1897.59
337        1853.17        1891.31
338        1853.17        1878.35
339        1853.17         1887.8
340        1853.17        1888.08
341        1853.17        1892.94
342        1853.17        1907.02
343        1853.17        1880.31
344        1850.59        1885.84
345        1850.59        1893.95
346        1850.59        1897.29
347        1850.59        1908.59
348        1850.59        1888.61
349        1850.23        1886.47
350        1850.23        1888.71
351        1850.23        1874.89
352        1850.23        1885.56
353        1850.19        1877.84
354        1850.19        1893.71
355        1850.19        1890.98
356        1850.19        1877.72
357        1850.19        1874.41
358        1850.19        1895.46
359        1849.86        1890.63
360        1849.86        1879.44
361        1849.86        1876.46
362        1849.86        1875.72
363        1849.37        1884.92
364        1849.37        1889.35
365        1849.28        1875.78
366        1848.01        1884.79
367        1846.28        1878.56
368        1846.28        1873.73
369        1846.28        1879.78
370        1846.28        1906.03
371        1843.53        1895.84
372        1843.53        1878.49
373        1843.53        1871.05
374        1843.53        1875.85
375        1843.53        1862.39
376        1843.53        1880.37
377        1840.81        1879.83
378        1840.81        1872.94
379        1840.81        1869.23
380        1840.81        1881.46
381        1840.03        1864.18
382        1840.03        1880.52
383        1835.88        1872.32
384        1835.88        1869.72
385        1835.88        1868.05
386        1835.88        1883.29
387        1835.83        1871.23
388        1835.58        1864.97
389        1835.58        1852.19
390        1835.58        1862.11
391        1835.58        1880.71
392        1835.58        1861.69
393        1835.58        1882.22
394        1835.58        1877.98
395        1835.02        1870.74
396        1835.02        1864.31
397        1835.02        1873.05
398        1834.69        1868.58
399        1834.69        1885.82
400        1834.69        1874.95
401        1834.69        1862.76
402        1834.69        1870.19
403        1834.69        1856.18
404        1834.69        1865.93
405        1833.86        1868.63
406        1833.86        1858.32
407        1833.86        1878.98
408        1833.86        1877.61
409        1833.05        1861.48
410        1831.31        1857.45
411        1831.31         1883.5
412        1831.31        1858.99
413        1831.31        1874.96
414        1831.31        1865.98
415        1831.31        1873.65
416        1831.31        1876.05
417        1831.31        1857.68
418        1831.31        1865.44
419        1831.31        1875.81
420        1831.31        1859.18
421        1831.31        1859.26
422        1831.31        1862.08
423        1831.28        1864.31
424        1831.28        1862.22
425        1831.28        1860.82
426        1827.67         1853.1
427        1827.67        1863.63
428        1827.67        1865.11
429        1827.67        1865.84
430        1827.67        1867.32
431        1827.22        1862.15
432        1827.22        1872.03
433        1827.22         1858.8
434        1827.22         1863.6
435        1827.22        1868.88
436        1825.48        1854.82
437        1825.48        1848.04
438         1823.8        1856.71
439         1823.8        1861.99
440         1823.8        1879.09
441         1823.8        1854.13
442         1823.8        1867.51
443         1823.8        1852.61
444        1823.42        1866.59
445        1823.42        1848.65
446        1823.42        1865.06
447        1823.42        1849.23
448        1823.42        1858.61
449        1822.61        1847.76
450         1821.3        1851.26
451         1821.3        1845.05
452         1821.3        1843.27
453         1821.3        1858.48
454         1821.3        1853.16
455        1821.11        1861.29
456        1820.87        1835.07
457        1820.87        1856.13
458        1820.87        1856.27
459        1820.87        1859.91
460        1820.87         1850.8
461        1820.87        1853.39
462        1820.87        1853.67
463        1820.87        1858.62
464        1820.87        1856.19
465        1820.87        1863.21
466        1820.87        1853.57
467        1820.87         1865.3
468        1820.87         1859.1
469        1820.87        1875.63
470        1820.87        1846.89
471        1820.87        1870.18
472        1820.87        1846.37
473        1819.51        1845.29
474        1819.51        1854.92
475        1819.51        1858.49
476           1819        1867.42
477           1819        1847.65
478           1819        1847.68
479           1819         1862.9
480        1817.84        1847.91
481        1817.84        1865.95
482        1817.84        1848.91
483        1817.84         1861.5
484        1817.84        1868.33
485        1817.84        1855.65
486        1817.84        1863.06
487        1817.84        1851.63
488        1817.71        1848.61
489        1817.71        1847.47
490        1817.71        1853.48
491        1817.71        1842.82
492         1817.5        1858.51
493         1817.5        1859.81
494        1816.43        1838.98
495        1816.43        1856.48
496        1816.43         1862.1
497        1816.43        1847.17
498        1816.43        1851.71
499        1816.43        1857.96
500        1816.43        1838.34
