GEN #         BEST_L         L_MEAN
1        4751.78        5015.91
2        4454.47        4764.08
3        4368.95        4523.52
4        4223.37        4397.27
5        4185.45        4299.42
6        4096.23         4200.5
7        4019.47         4129.4
8         3936.2        4042.94
9        3854.51        3972.01
10        3519.05        3873.24
11        3519.05        3694.97
12        3464.83        3539.58
13        3436.32        3498.69
14           3401        3451.42
15        3349.38        3414.67
16        3297.05        3379.69
17        3279.99        3331.29
18         3240.3        3301.68
19        3217.64        3267.71
20        3062.51        3223.53
21        3045.51        3143.99
22        3020.49        3073.37
23        2967.45        3050.39
24        2957.81        3018.66
25        2932.99        2996.46
26        2867.77        2961.41
27        2867.77        2945.58
28        2866.81        2913.78
29        2818.69        2883.79
30        2775.65        2862.16
31        2769.03        2837.75
32         2747.5        2799.56
33        2737.25        2778.68
34        2727.72        2768.27
35        2715.86        2746.84
36        2697.16        2735.81
37        2677.14        2721.38
38        2674.98        2708.04
39        2647.49        2692.31
40        2487.54        2660.78
41        2487.54        2578.86
42        2467.97        2517.06
43        2463.26        2488.41
44        2456.32        2481.46
45        2430.06        2471.89
46        2429.17        2466.82
47        2419.94        2457.26
48        2402.29        2450.52
49        2392.67        2436.88
50        2392.67        2429.54
51        2392.67        2420.88
52        2377.87        2406.14
53        2363.53        2400.47
54        2363.53        2392.95
55        2351.96        2388.39
56         2349.3        2378.78
57        2346.82        2380.92
58        2342.91        2372.85
59        2314.02        2355.48
60        2245.14        2341.69
61        2235.84        2314.34
62        2235.84        2280.29
63        2234.28        2253.62
64         2215.8        2247.07
65        2214.13        2237.51
66        2209.91        2244.65
67         2201.2        2230.27
68         2201.2        2226.08
69        2192.14         2222.7
70        2192.14        2219.53
71        2181.08        2212.94
72        2179.33        2208.94
73        2176.54        2205.08
74        2169.32        2199.55
75        2167.75        2197.38
76        2162.96        2190.56
77        2162.96        2183.04
78         2153.2        2187.38
79        2149.32        2176.92
80        2141.08        2171.86
81        2135.98        2165.96
82        2113.81        2153.91
83        2113.81        2162.08
84        2113.81        2165.68
85        2107.61        2132.01
86        2106.81        2131.11
87        2094.48        2128.29
88        2094.48        2130.45
89        2094.48        2126.88
90        2066.51        2112.38
91        2066.51        2112.54
92        2066.51         2101.4
93        2066.51        2102.59
94        2044.99        2098.12
95        2044.86        2088.37
96        2042.05        2081.71
97        2042.05        2075.07
98        2042.05        2081.23
99        2040.46        2077.44
100        2039.12        2064.63
101        2030.86        2070.96
102        2030.86        2070.31
103        2027.55        2065.04
104        2019.56        2056.01
105        2007.76        2065.71
106        2007.76        2042.43
107        2007.76        2050.55
108        2001.49        2038.39
109        2001.49        2042.58
110         2000.6         2034.7
111        2000.21        2019.51
112        1997.18        2037.04
113        1991.41        2034.48
114        1991.41        2020.56
115        1990.59        2013.05
116        1990.59        2022.75
117        1988.23        2021.09
118        1987.49        2008.99
119        1980.15        2009.17
120        1980.15        2001.23
121        1975.83        1999.53
122        1975.83        2009.56
123        1969.85        2002.07
124        1969.85        1992.14
125        1969.85        1993.96
126        1969.85         1990.3
127        1969.14         1998.6
128        1965.72        1994.29
129        1965.72        1997.63
130        1949.41        2001.05
131        1949.41        1993.84
132        1949.37        1981.52
133        1949.37        1985.69
134        1949.37         1981.1
135        1949.37        1977.84
136        1949.37         1985.1
137        1948.21        1972.67
138        1948.21        1974.53
139        1948.21        1988.87
140        1917.85        1968.54
141        1917.85        1963.34
142        1917.85        1946.29
143        1917.85        1947.52
144        1915.79        1951.78
145        1915.79        1949.84
146        1915.19        1939.59
147        1908.92        1949.22
148        1908.92        1927.64
149        1907.52        1936.07
150        1902.21        1924.97
151        1902.21        1932.55
152        1895.37        1932.47
153        1893.14        1926.35
154        1891.29         1923.2
155        1891.29        1921.72
156        1891.29        1926.14
157        1891.29        1920.94
158        1885.55        1911.69
159        1885.55        1916.87
160        1881.24        1915.18
161        1875.35         1915.3
162        1874.45        1904.75
163        1868.65        1904.24
164        1868.65        1899.41
165        1867.62        1909.25
166        1859.27           1895
167        1859.27        1889.57
168        1859.27        1890.08
169        1859.27        1895.77
170        1857.16        1898.28
171        1857.16        1888.84
172        1857.16         1886.9
173        1852.13        1875.18
174        1852.13        1882.39
175        1852.13        1878.99
176        1851.74        1881.89
177        1842.39        1874.86
178        1842.39        1875.26
179        1842.39        1868.25
180        1842.01        1858.98
181        1838.74        1863.85
182        1837.51        1886.51
183        1836.14        1861.53
184        1836.14        1868.05
185         1835.5        1846.81
186         1835.5        1854.62
187        1834.63        1854.08
188        1834.63        1852.25
189        1832.25        1859.47
190        1825.81        1849.69
191        1825.81        1854.13
192        1825.81         1847.5
193        1823.63        1849.39
194        1823.23        1858.19
195        1823.21        1841.67
196        1819.72        1862.69
197        1816.65        1847.27
198        1816.14        1846.32
199        1814.42        1859.87
200        1814.42        1831.52
201        1812.93        1840.83
202        1812.93        1841.17
203        1811.42        1833.07
204        1811.42        1840.02
205        1811.42        1831.19
206        1811.42        1841.02
207        1811.42        1840.94
208        1809.06        1837.26
209        1806.37        1826.31
210        1806.37        1846.72
211        1806.37        1848.28
212        1806.37        1833.49
213        1806.37        1833.77
214        1806.05        1841.54
215        1806.05         1833.4
216        1806.05        1840.41
217        1805.55        1829.88
218        1805.55        1838.08
219        1804.08        1828.14
220        1797.74        1831.02
221         1796.5         1825.8
222         1796.5        1836.29
223        1792.24         1819.2
224        1792.24        1820.79
225        1792.24        1821.05
226        1792.17        1820.43
227        1792.17        1821.31
228        1792.17        1829.15
229        1792.17        1811.22
230        1783.96        1814.57
231        1783.96        1807.06
232        1783.96        1814.22
233        1781.76        1802.41
234         1775.9        1802.06
235         1775.9        1797.78
236         1775.9        1804.63
237         1775.9        1803.29
238        1775.34         1799.7
239        1773.83        1795.58
240        1770.09        1791.15
241        1770.09        1800.16
242        1770.09        1814.34
243        1770.09        1792.13
244        1769.14        1803.22
245        1769.14        1789.59
246        1769.14        1790.93
247        1769.14        1815.66
248        1769.14        1805.01
249        1769.14        1801.08
250        1765.62         1805.8
251        1765.62        1791.79
252        1765.62        1797.04
253        1765.62        1796.17
254        1764.15        1789.87
255        1764.15         1796.9
256        1759.83        1793.92
257        1759.83        1790.17
258        1759.83        1787.37
259        1759.83        1789.76
260         1759.9        1788.95
261         1759.9        1787.68
262         1759.9        1802.79
263         1759.9        1790.98
264         1759.9         1794.8
265        1759.65        1789.56
266        1759.65        1797.52
267        1759.65         1791.4
268        1759.65         1785.9
269        1759.65        1788.03
270        1754.88        1785.41
271        1754.88        1791.13
272         1753.5        1781.94
273         1753.5        1768.67
274         1753.5         1783.8
275         1753.5        1789.92
276         1753.5        1776.54
277        1742.02        1775.63
278        1742.02        1783.08
279        1741.67        1769.73
280        1741.39        1768.46
281        1738.31        1769.43
282        1738.31        1766.66
283        1738.31        1769.92
284        1738.31        1768.15
285        1738.31        1762.22
286        1738.31        1756.48
287        1738.31        1760.45
288         1735.2        1757.74
289         1735.2        1757.23
290         1735.2        1758.02
291         1735.2        1755.11
292         1735.2        1776.34
293         1735.2        1756.96
294        1733.92        1768.92
295        1733.92         1767.5
296        1733.92        1755.57
297        1733.92        1752.08
298        1733.92        1770.39
299        1733.92        1753.81
300        1733.92        1759.87
301        1733.92        1759.49
302        1732.61        1758.01
303        1732.61        1764.63
304        1732.61         1770.6
305        1732.61         1766.7
306        1732.61        1764.34
307        1732.61        1755.68
308        1732.61        1755.79
309        1732.61        1752.61
310        1730.18        1759.08
311        1730.18        1771.31
312        1730.18        1770.14
313        1729.66        1756.17
314        1729.66        1762.89
315        1729.66        1765.86
316        1729.66        1763.88
317        1729.66        1754.88
318        1729.66        1754.77
319        1729.66        1775.35
320        1726.63        1755.72
321        1726.63        1754.89
322        1726.63        1750.85
323        1726.63         1758.7
324        1726.63        1756.58
325        1726.63        1756.45
326        1726.63        1754.86
327        1726.63        1751.35
328        1726.63        1759.67
329        1726.63        1747.95
330        1724.66        1755.05
331        1724.66        1762.69
332        1724.66        1744.49
333        1723.31        1760.98
334        1723.31        1747.68
335        1723.31        1757.22
336        1723.31        1749.04
337        1723.31        1756.92
338        1723.31        1744.58
339        1723.31        1758.71
340        1723.43        1760.27
341         1723.1        1748.77
342         1723.1        1761.13
343         1723.1         1755.3
344         1723.1        1759.85
345        1721.34         1753.4
346        1721.34        1750.75
347        1721.24        1739.01
348        1721.24        1751.53
349        1721.24        1746.09
350        1719.92         1743.3
351        1719.92        1739.87
352        1719.92        1754.91
353        1719.92        1758.27
354        1719.92        1744.73
355        1719.92        1745.08
356        1719.92        1740.63
357        1719.92        1749.84
358        1719.92        1742.72
359        1719.92        1758.86
360        1716.28        1745.78
361        1716.28        1739.96
362         1715.7        1747.17
363         1715.7        1733.39
364         1715.7        1751.25
365         1715.7        1748.43
366        1713.36        1737.04
367        1713.36        1737.06
368        1713.36        1734.42
369        1713.36        1735.84
370        1713.36        1745.41
371        1713.36        1741.24
372        1713.36        1738.71
373        1713.36        1740.24
374        1713.36         1745.6
375        1713.36        1741.21
376        1713.36         1745.5
377        1713.15        1737.85
378        1713.15        1730.19
379        1713.15        1736.11
380        1710.66        1743.07
381        1710.66        1745.21
382        1710.66        1734.98
383        1710.21        1731.44
384        1709.78        1728.35
385        1709.78        1734.17
386        1709.78        1739.77
387        1709.78        1736.91
388        1709.78        1731.67
389        1709.78        1727.46
390        1709.78         1739.6
391        1709.78        1727.12
392         1709.3        1736.94
393         1709.3        1729.02
394         1709.3         1730.6
395         1709.3        1734.63
396         1709.3        1727.43
397        1707.94        1725.65
398        1707.94        1728.12
399        1707.94        1723.73
400        1708.03        1747.05
401        1708.03        1737.62
402        1708.03         1741.5
403        1708.03        1726.96
404        1708.03        1734.39
405        1708.03        1725.36
406        1708.03        1735.74
407        1707.37        1734.89
408        1707.37        1727.81
409        1706.57        1734.78
410        1702.29        1732.84
411        1702.29        1740.69
412        1702.29        1739.74
413        1702.29        1727.28
414        1702.29         1728.6
415        1702.29        1739.15
416        1702.29        1727.91
417        1702.29        1741.81
418        1702.29        1746.47
419        1702.29        1733.76
420        1700.86        1728.37
421        1700.86        1736.09
422        1700.86        1719.03
423        1700.86        1729.96
424        1700.86        1723.91
425        1700.86        1730.28
426        1700.86        1729.65
427        1700.86        1745.33
428        1700.86        1730.83
429        1699.81        1727.74
430         1699.5        1723.69
431         1699.5        1723.65
432         1699.5         1730.2
433         1699.5         1729.1
434         1699.5        1733.28
435         1699.5        1734.49
436         1699.5        1723.22
437         1699.5         1741.8
438         1699.5        1725.17
439         1699.5        1721.79
440         1696.2        1724.14
441        1695.61         1725.1
442        1695.61        1733.51
443        1695.61        1723.33
444        1695.61        1722.12
445        1693.95        1723.54
446        1693.95        1718.61
447        1693.95         1718.5
448        1693.95        1717.83
449        1693.95        1723.23
450        1693.95        1726.15
451        1693.95        1715.56
452        1693.95           1720
453        1693.95        1719.67
454        1693.95        1727.79
455        1693.95        1723.77
456        1693.95        1720.86
457        1693.95        1740.19
458        1693.95        1716.84
459        1693.95        1726.12
460        1693.45        1729.97
461        1693.45        1725.62
462        1693.45        1709.84
463         1692.3        1714.52
464         1692.3        1721.32
465         1692.3        1712.75
466         1692.3        1739.71
467         1692.3         1725.1
468         1692.3        1718.17
469         1692.3        1726.57
470         1692.3         1710.7
471         1692.3        1719.46
472         1692.3        1723.32
473         1692.3        1731.36
474         1692.3        1717.37
475         1692.3        1709.87
476         1692.3        1720.89
477         1692.3         1707.4
478         1692.3        1709.63
479         1692.3           1716
480         1691.8        1721.54
481         1691.8        1727.31
482        1691.68        1711.17
483        1691.04        1722.05
484        1691.04        1719.55
485        1691.04        1704.85
486        1691.04        1724.66
487        1691.04        1728.54
488        1691.04        1719.99
489        1691.04        1715.97
490        1689.85        1711.81
491        1689.85        1715.94
492         1689.6        1715.57
493         1689.6        1727.48
494         1688.2        1715.96
495         1688.2        1725.76
496         1688.2        1720.19
497         1688.2        1724.21
498         1688.2        1726.08
499         1688.2        1725.94
500        1687.68        1715.09
