4125.44
4112.97
4002.89
3871.44
3744.18
3704.19
3641.99
3629.1
3514.87
3479.71
3421.16
3392.42
3317.29
3250.22
3192.12
3130.79
3045.9
2983.25
2983.25
2916.52
2870.59
2870.59
2843.91
2816.87
2803.13
2790.5
2772.09
2750.01
2727.08
2679.29
2650.22
2630.11
2593.97
2561.42
2555.69
2543.67
2521.55
2502.47
2487.54
2458.83
2446.44
2406.37
2401.42
2400.21
2384.19
2362.78
2362.78
2349.68
2348.56
2344.97
2331.22
2323.83
2311.66
2307.99
2295
2290.54
2281.65
2260.78
2245.14
2245.14
2235.84
2235.84
2234.28
2215.8
2214.13
2209.91
2201.2
2201.2
2192.14
2192.14
2181.08
2179.33
2176.54
2169.32
2167.75
2162.96
2158.73
2153.2
2149.32
2141.08
2134.44
2113.81
2110.48
2110.48
2107.61
2106.81
2094.48
2077.15
2066.51
2066.51
2066.51
2065.6
2064.95
2044.99
2044.86
2042.05
2041.89
2041.89
2040.26
2039.12
2025.94
2025.94
2025.94
2019.56
2007.76
2007.76
2007.76
2001.49
1999.55
1997.34
1997.34
1994.45
1991.41
1991.41
1990.59
1990.59
1984.97
1984.8
1975.43
1973.22
1965.91
1965.91
1943.58
1943.58
1943.58
1943.58
1939.14
1936.24
1936.24
1936.24
1934.68
1933.69
1928.05
1924.19
1916.03
1915.6
1914.78
1914.78
1905.55
1905.55
1905.55
1905.55
1904.76
1899.28
1899.28
1896.98
1896.98
1896.98
1895.83
1895.71
1892.04
1890.75
1887.3
1887.3
1886.52
1882.72
1881.1
1881.1
1881.1
1877.12
1873.34
1866.03
1866.03
1864.61
1861.06
1859.27
1859.27
1857.79
1857.79
1855.1
1855.1
1855.1
1852.13
1852.13
1849.2
1849.2
1842.39
1842.39
1842.39
1842.01
1836.4
1836.4
1836.14
1836.14
1833.24
1831.35
1825.84
1825.84
1825.81
1824.25
1821.56
1821.56
1821.56
1821.56
1821.56
1819.27
1816.65
1816.14
1814.42
1814.42
1809.39
1809.39
1808.43
1808.37
1805.45
1805.07
1805.07
1802.97
1802.97
1802.96
1800.54
1799.28
1799.28
1797.08
1797.08
1795.1
1790.19
1788.11
1788.11
1786.45
1786.45
1784.74
1782.57
1782.05
1782.05
1782.05
1780.82
1780.82
1780.82
1779.91
1779.91
1779.91
1779.91
1775.9
1775.9
1775.9
1775.9
1774.22
1773.83
1770.01
1770.01
1770.01
1765.62
1765.62
1765.62
1765.62
1765.62
1765.62
1765.62
1765.62
1758.54
1758
1757.48
1757.48
1757.48
1756.05
1756.05
1756.05
1756.05
1756.05
1756.05
1756.05
1756.05
1755.62
1753.68
1749.61
1749.61
1749.61
1747.82
1747.82
1747.82
1747.82
1747.82
1742.47
1742.47
1742.47
1742.02
1742.02
1741.67
1741.39
1738.31
1738.31
1738.31
1738.31
1738.31
1738.31
1738.31
1735.2
1735.2
1735.2
1735.2
1735.2
1735.2
1733.92
1733.92
1733.92
1732.98
1732.98
1732.98
1732.98
1732.98
1732.61
1731.74
1731.74
1731.74
1731.74
1728.81
1728.81
1728.81
1728.81
1728.81
1728.81
1728.81
1728.81
1728.81
1728.81
1728.72
1726.63
1726.63
1726.63
1726.63
1726.63
1726.63
1726.63
1726.24
1724.66
1724.66
1724.66
1722.93
1722.93
1722.93
1722.93
1722.93
1722.93
1722.93
1720.83
1720.83
1719.4
1719.4
1719.4
1719.4
1718
1718
1717.89
1717.89
1716.25
1716.25
1716.25
1716.25
1716.25
1716.25
1716.17
1715.54
1715.54
1714.95
1710.66
1710.66
1710.66
1710.66
1710.66
1710.31
1710.31
1710.31
1710.31
1710.31
1710.31
1710.31
1710.31
1710.31
1710.31
1710.31
1710.31
1710.31
1710.31
1710.31
1710.31
1710.31
1710.31
1710.31
1710.31
1710.31
1709.53
1709.53
1709.53
1709.17
1707.1
1707.1
1707.1
1707.1
1707.1
1707.1
1707.1
1707.1
1707.1
1705.28
1705.28
1704.67
1704.67
1704.67
1703.91
1701.68
1701.68
1701.68
1701.68
1701.68
1701.68
1701.68
1701.68
1701.68
1701.68
1701.68
1701.68
1701.68
1701.68
1701.09
1701.09
1701.09
1698.2
1698.2
1698.2
1698.2
1698.2
1698.2
1698.2
1698.01
1698.01
1698.01
1698.01
1698.01
1698.01
1698.01
1696.2
1694.88
1694.88
1694.88
1694.88
1694.88
1694.88
1694.88
1694.88
1694.88
1694.88
1694.88
1694.88
1693.95
1693.95
1693.95
1693.95
1693.73
1693.73
1693.73
1693.73
1693.73
1693.73
1693.73
1693.73
1693.73
1693.73
1693.73
1693.45
1693.45
1693.45
1692.3
1692.3
1692.3
1692.3
1692.3
1691.8
1691.76
1691.76
1691.76
1691.76
1691.76
1691.76
1691.15
1691.15
1691.15
1691.15
1691.15
1691.15
1691.15
1691.15
1689.29
1689.29
1689.29
1689.29
1689.29
1689.29
1689.29
1689.29
1689.29
1689.29
1689.29
1688.2
1688.2
1688.2
1688.2
1688.2
1688.2
1687.68
