BLK #        BLK_AVE    CURRENT_AVE          ERROR
1        4751.78           4751              0
2        4700.76           4725        112.477
3        4511.26           4654         90.233
4        4408.96           4592        100.447
5        4328.59           4539        97.7267
6        4266.51           4494        87.6493
7        4079.09           4434        100.376
8        3984.38           4378        102.283
9        3920.79           4327        104.562
10        3565.94           4251         120.16
11        3492.16           4182        128.779
12        3482.48           4123        133.221
13        3386.52           4067        133.359
14         3350.7           4015        135.565
15        3276.06           3966        134.927
16        3258.38           3922        133.294
17        3229.22           3881        132.129
18        3179.05           3842        130.538
19        3137.75           3805        128.813
20        3011.76           3765        128.998
21         3006.9           3729        127.756
22        2973.72           3695        126.095
23         2936.5           3662        124.948
24        2904.61           3630        124.284
25         2881.5           3600        122.985
26        2838.68           3571        121.403
27        2815.86           3543        120.158
28        2810.38           3516        119.619
29        2790.13           3491        118.071
30        2759.71           3467        116.257
31        2744.06           3444        114.516
32        2735.42           3421        113.903
33           2706           3400        111.872
34        2689.96           3379         110.63
35        2678.08           3359         109.25
36        2638.46           3339        108.029
37        2626.73           3319        107.463
38        2613.19           3301         105.75
39        2592.05           3283        104.447
40        2537.23           3264        103.783
41        2536.54           3246        102.966
42         2528.7           3229        101.865
43         2528.7           3213        100.575
44        2515.61           3197        99.6444
45        2475.08           3181        98.6859
46        2468.92           3165        98.1237
47        2466.29           3151        96.5449
48        2447.74           3136         95.884
49        2420.67           3121         95.309
50        2408.97           3107        94.3013
51        2392.25           3093        93.4805
52        2391.05           3079        92.9797
53        2367.64           3066        91.9204
54        2362.85           3053        91.1237
55        2340.53           3040        90.4134
56        2325.48           3027        89.8439
57        2325.48           3015        88.9217
58        2325.48           3003         88.247
59        2303.41           2991        87.6289
60         2291.7           2979        87.1409
61         2291.6           2968        86.2842
62        2271.29           2957        85.4873
63        2271.29           2946        84.8854
64        2265.08           2935        84.4225
65         2246.1           2925        83.4595
66         2246.1           2914        83.2119
67        2223.81           2904        82.4447
68        2223.81           2894        81.8354
69        2223.81           2884        81.3732
70         2221.7           2875          80.52
71         2215.5           2866        79.7715
72        2214.08           2856        79.6542
73        2203.99           2848        78.5942
74        2185.56           2839        78.0639
75        2180.83           2830        77.6251
76        2179.75           2821        77.2897
77        2155.17           2813        76.4552
78        2150.12           2804        76.1858
79        2150.12           2796         75.538
80        2135.15           2787        75.3906
81        2135.15           2779        74.8656
82        2135.15           2772        73.9696
83        2127.22           2764        73.5909
84        2127.22           2756        73.2938
85        2118.23           2749        72.5875
86        2118.21           2741        72.4095
87        2105.73           2734        71.8103
88        2105.73           2727        71.2864
89        2105.73           2720        70.8342
90        2062.43           2713          70.29
91        2062.43           2705         70.245
92        2062.43           2698        69.8341
93        2062.43           2692        69.0639
94        2057.39           2685        68.7626
95        2057.39           2678        68.5188
96        2057.39           2672        67.9166
97        2057.27           2665        67.7828
98         2051.3           2659        67.2725
99        2049.47           2653          66.81
100        2054.43           2647        66.4145
101        2054.43           2641        66.0681
102        2051.24           2635        65.7588
103        2047.13           2630        65.0873
104        2043.21           2624        64.8455
105        2042.94           2618        64.6447
106        2035.94           2613        64.0766
107        2035.94           2607        63.9375
108        2025.65           2602        63.4244
109        2025.65           2597        62.9521
110        2002.82           2591        62.8375
111        2002.82           2586        62.3813
112        2002.82           2581        61.9632
113        1996.04           2576        61.5642
114        1996.04           2571         61.201
115        1988.52           2565        61.2222
116        1983.74           2560        60.8946
117        1983.74           2556         60.235
118        1978.04           2551          59.96
119        1977.61           2546        59.7146
120        1955.74           2541         59.448
121        1955.74           2536         59.211
122         1943.2           2531        58.9744
123         1943.2           2526        58.7658
124        1942.12           2522        58.2309
125        1942.12           2517        58.0755
126        1942.12           2512         57.945
127         1938.7           2508        57.4862
128        1925.29           2503        57.3707
129        1924.79           2499        56.9353
130        1925.29           2494        56.8676
131        1925.29           2490        56.4829
132        1924.09           2486        56.1201
133        1922.09           2482        55.7769
134        1922.09           2477        55.7915
135         1921.5           2473        55.4912
136         1921.5           2469        55.2125
137         1921.5           2465        54.9547
138        1917.75           2461        54.7103
139        1917.75           2457        54.4856
140        1900.43           2453        54.2489
141        1898.22           2449        54.0274
142        1898.22           2445        53.8248
143        1893.53           2442        53.3105
144        1893.53           2438        53.1372
145        1893.53           2434        52.9811
146        1893.53           2430        52.8417
147        1887.59           2427        52.3922
148        1887.59           2423        52.2766
149        1887.59           2419        52.1763
150        1886.17           2416        51.7762
151        1884.44           2412         51.702
152        1884.44           2409        51.3317
153        1883.63           2405        51.2856
154        1874.13           2402        50.9303
155        1874.13           2399        50.5904
156        1874.13           2395        50.5721
157        1874.13           2392        50.2616
158        1874.13           2389        49.9653
159        1874.13           2385        49.9862
160        1874.13           2382        49.7173
161        1870.32           2379         49.456
162        1870.32           2376         49.208
163        1864.31           2373        48.9642
164        1864.31           2370        48.7332
165        1861.64           2366        48.8072
166        1861.64           2363        48.5961
167        1861.64           2360        48.3968
168        1861.64           2357        48.2091
169        1854.04           2354        48.0223
170        1856.21           2351        47.8495
171        1855.59           2349        47.3962
172        1854.77           2346        47.2442
173        1854.41           2343         47.102
174        1854.41           2340          46.97
175        1851.19           2337        46.8436
176        1848.48           2334        46.7234
177        1848.48           2332        46.3276
178        1848.48           2329        46.2273
179        1848.48           2326        46.1362
180        1839.84           2324        45.7602
181        1839.31           2321        45.6764
182        1838.04           2318        45.5996
183        1838.04           2316        45.2507
184        1838.04           2313        45.1918
185        1834.57           2310        45.1364
186        1834.57           2308        44.8113
187        1833.26           2305        44.7711
188        1833.26           2303        44.4621
189        1824.99           2300        44.4283
190        1821.19           2298        44.1227
191        1820.26           2295        44.0991
192        1820.26           2293        43.8091
193        1820.26           2290        43.8005
194        1820.26           2288        43.5268
195        1820.26           2285        43.5324
196        1820.26           2283        43.2743
197        1820.26           2281        43.0238
198        1820.26           2278        43.0504
199        1820.26           2276        42.8147
200         1812.7           2274        42.5782
201        1802.44           2271        42.6054
202        1802.44           2269        42.3723
203        1802.44           2267        42.1463
204        1802.44           2265        41.9272
205        1802.44           2262        41.9801
206        1802.44           2260        41.7744
207        1801.44           2258        41.5744
208        1800.18           2256        41.3796
209        1800.18           2253        41.4535
210        1800.18           2251        41.2711
211        1800.18           2249         41.095
212        1800.18           2247         40.925
213        1800.18           2245         40.761
214        1797.32           2243        40.6002
215        1797.32           2241        40.4451
216        1797.32           2239        40.2959
217        1795.18           2237        40.1502
218        1795.18           2235        40.0101
219        1793.29           2233        39.8737
220        1793.18           2231        39.7425
221        1793.18           2229        39.6167
222        1793.18           2227         39.496
223        1784.57           2225        39.3727
224        1784.57           2223        39.2544
225        1784.57           2221        39.1411
226        1784.57           2219        39.0327
227        1784.57           2217        38.9293
228        1781.64           2215        38.8279
229        1781.64           2213        38.7312
230         1781.5           2211         38.639
231         1781.5           2209        38.5514
232         1781.5           2207        38.4682
233         1781.5           2206        38.1408
234         1781.5           2204         38.067
235         1781.5           2202        37.9974
236         1780.8           2200        37.9313
237         1779.4           2198         37.868
238         1779.4           2197        37.5628
239        1778.36           2195        37.5074
240        1773.05           2193        37.4514
241        1773.05           2191        37.3993
242        1773.05           2190        37.1069
243        1773.05           2188        37.0631
244        1768.76           2186        37.0194
245        1768.76           2185        36.7363
246        1760.82           2183        36.6943
247           1759           2181        36.6544
248           1759           2179        36.6178
249           1759           2178         36.344
250        1758.87           2176         36.315
251        1756.51           2174        36.2875
252        1756.51           2173        36.0237
253        1756.51           2171        36.0035
254        1756.21           2169        35.9862
255        1756.21           2168        35.7339
256        1754.72           2166        35.7224
257        1754.72           2165        35.4763
258        1752.77           2163        35.4702
259        1752.77           2161        35.4669
260        1752.77           2160        35.2304
261        1752.77           2158        35.2336
262        1752.46           2157        35.0039
263        1752.46           2155        35.0131
264        1752.08           2154          34.79
265        1752.08           2152         34.805
266        1751.96           2151        34.5885
267        1751.96           2149        34.6093
268        1751.06           2148        34.3987
269        1751.06           2146        34.4245
270        1751.34           2145        34.2205
271        1751.34           2143         34.252
272        1751.34           2142        34.0543
273        1751.34           2140        34.0911
274        1747.32           2139        33.8967
275        1744.19           2137        33.9337
276        1744.19           2136        33.7431
277        1744.19           2135        33.5555
278        1744.19           2133        33.6005
279        1744.19           2132        33.4187
280         1743.1           2130        33.4678
281         1743.1           2129        33.2909
282         1743.1           2128        33.1167
283         1743.1           2126        33.1733
284         1743.1           2125        33.0047
285        1737.85           2124        32.8352
286        1737.85           2122        32.8954
287        1737.85           2121        32.7313
288        1737.85           2120        32.5698
289        1732.28           2118        32.6333
290        1732.28           2117        32.4734
291        1732.28           2116         32.316
292        1732.28           2114        32.3862
293        1732.28           2113        32.2338
294        1732.28           2112        32.0839
295        1732.28           2110        32.1604
296        1732.28           2109        32.0153
297        1731.25           2108         31.872
298        1731.25           2107         31.731
299         1730.9           2105        31.8149
300         1730.9           2104        31.6784
301         1730.9           2103        31.5441
302         1730.9           2102        31.4121
303         1730.9           2100        31.5038
304        1730.57           2099         31.376
305        1730.57           2098        31.2504
306         1730.5           2097        31.1269
307        1730.12           2095        31.2254
308        1729.27           2094        31.1054
309        1729.07           2093        30.9874
310        1725.82           2092        30.8695
311        1722.82           2091         30.752
312        1722.82           2090        30.6365
313        1722.64           2088        30.7415
314        1722.64           2087        30.6299
315        1722.64           2086        30.5203
316        1721.91           2085        30.4123
317        1721.37           2084        30.3059
318        1721.37           2083        30.2015
319        1721.37           2081        30.3156
320        1720.88           2080        30.2146
321        1720.88           2079        30.1155
322        1720.88           2078        30.0183
323        1719.24           2077        29.9219
324        1719.24           2076        29.8274
325        1719.24           2075        29.7347
326        1719.24           2074        29.6438
327        1719.24           2073        29.5547
328        1719.24           2071        29.6815
329        1718.01           2070         29.595
330        1719.39           2069         29.511
331        1719.39           2068        29.4287
332        1714.19           2067        29.3453
333        1714.12           2066        29.2636
334        1714.12           2065        29.1834
335        1714.12           2064         29.105
336        1713.41           2063        29.0278
337        1713.41           2062        28.9521
338        1713.14           2061         28.878
339        1711.73           2060        28.8047
340        1712.99           2059        28.7336
341        1712.99           2058        28.6641
342        1712.99           2057        28.5961
343        1712.99           2056        28.5297
344        1711.86           2055        28.4641
345         1711.3           2054        28.3997
346         1711.3           2053        28.3368
347        1709.53           2052        28.2746
348        1709.53           2051        28.2137
349        1709.53           2050        28.1542
350        1709.53           2049        28.0962
351        1709.53           2048        28.0396
352        1709.53           2047        27.9844
353        1709.53           2046        27.9305
354        1709.53           2045         27.878
355        1709.53           2044        27.8268
356        1709.53           2043         27.777
357        1709.53           2042        27.7285
358        1709.53           2041        27.6812
359        1709.53           2040        27.6352
360        1709.53           2039        27.5906
361        1709.43           2039        27.3408
362        1709.43           2038        27.2988
363        1709.43           2037        27.2581
364        1708.35           2036        27.2182
365        1708.35           2035        27.1794
366        1708.35           2034        27.1418
367        1708.35           2033        27.1054
368        1708.35           2032        27.0701
369        1708.35           2031         27.036
370        1707.26           2030        27.0025
371         1707.2           2030         26.766
372         1707.2           2029        26.7351
373         1707.2           2028        26.7053
374        1706.85           2027        26.6764
375        1706.45           2026        26.6485
376        1706.45           2025        26.6216
377        1706.08           2024        26.5955
378        1706.08           2024        26.3678
379        1706.08           2023        26.3442
380        1702.03           2022        26.3199
381        1702.03           2021        26.2966
382        1702.03           2020        26.2742
383        1702.03           2019        26.2529
384        1702.03           2019        26.0309
385        1702.03           2018         26.012
386        1702.03           2017         25.994
387        1702.03           2016        25.9769
388        1702.03           2015        25.9608
389        1702.03           2015        25.7447
390        1702.03           2014         25.731
391        1702.03           2013         25.718
392        1702.03           2012         25.706
393        1702.03           2011        25.6949
394         1701.8           2011        25.4846
395        1701.13           2010        25.4753
396        1701.13           2009        25.4668
397        1701.13           2008        25.4592
398        1701.13           2007        25.4523
399        1701.13           2007        25.2474
400        1700.92           2006        25.2426
401        1700.92           2005        25.2387
402        1700.92           2004        25.2354
403        1700.92           2004        25.0347
404        1700.82           2003        25.0335
405        1700.82           2002        25.0331
406        1700.82           2001        25.0334
407        1700.82           2001        24.8368
408        1700.82           2000        24.8391
409        1700.82           1999        24.8421
410        1700.82           1998        24.8458
411        1700.61           1998        24.6533
412        1700.61           1997        24.6588
413        1700.61           1996         24.665
414        1700.58           1996        24.4752
415        1700.58           1995        24.4834
416        1700.58           1994        24.4921
417        1700.58           1993        24.5014
418        1700.58           1993        24.3157
419        1698.37           1992         24.326
420        1697.05           1991        24.3363
421        1697.05           1991        24.1519
422        1697.05           1990        24.1641
423        1697.05           1989        24.1768
424        1697.05           1989        23.9951
425        1697.05           1988        24.0096
426        1697.05           1987        24.0247
427        1697.05           1986        24.0403
428        1697.05           1986        23.8624
429        1697.05           1985        23.8797
430         1697.5           1984        23.8977
431         1697.5           1984        23.7225
432         1697.5           1983        23.7422
433         1697.5           1982        23.7624
434         1697.2           1982        23.5896
435         1697.2           1981        23.6113
436         1697.2           1980        23.6334
437         1697.2           1980        23.4633
438         1697.2           1979        23.4869
439         1697.2           1979        23.3182
440        1696.61           1978        23.3432
441        1696.61           1977        23.3686
442        1696.61           1977        23.2021
443        1696.61           1976        23.2291
444        1696.61           1975        23.2564
445        1696.61           1975        23.0924
446        1696.61           1974        23.1212
447        1696.41           1973        23.1503
448        1696.41           1973        22.9886
449        1696.41           1972        23.0192
450        1696.41           1972        22.8588
451        1696.41           1971        22.8908
452        1696.41           1970        22.9231
453        1696.41           1970        22.7651
454        1696.41           1969        22.7988
455        1696.41           1969        22.6421
456        1696.41           1968        22.6771
457        1696.41           1967        22.7124
458        1696.41           1967         22.558
459        1696.41           1966        22.5947
460        1695.94           1966        22.4414
461        1695.94           1965        22.4792
462        1695.94           1964        22.5172
463        1695.94           1964        22.3662
464        1695.94           1963        22.4055
465        1695.94           1963        22.2558
466        1695.94           1962        22.2963
467        1695.94           1962        22.1478
468        1695.94           1961        22.1895
469        1695.94           1960        22.2314
470        1694.96           1960        22.0848
471        1694.78           1959        22.1275
472        1694.78           1959         21.982
473        1694.78           1958        22.0259
474        1694.78           1958        21.8816
475        1694.78           1957        21.9267
476        1694.78           1956        21.9718
477        1694.78           1956        21.8297
478        1694.78           1955         21.876
479        1694.78           1955         21.735
480        1692.66           1954        21.7817
481        1692.66           1954        21.6413
482        1692.66           1953         21.689
483        1692.66           1953        21.5496
484        1692.66           1952        21.5984
485        1692.66           1952        21.4602
486        1692.66           1951        21.5101
487        1692.66           1951         21.373
488         1692.1           1950        21.4237
489         1692.1           1949        21.4745
490         1692.1           1949        21.3393
491         1692.1           1948        21.3911
492         1692.1           1948         21.257
493         1692.1           1947        21.3097
494         1692.1           1947        21.1768
495         1692.1           1946        21.2305
496        1687.68           1946        21.0972
497        1687.68           1945        21.1503
498        1687.68           1945        21.0182
499        1687.68           1944        21.0723
500        1687.68           1944        20.9412
