         1.05517       0.0420135         1.64233
        0.691761         2.48527        -2.42943
        0.695773       -0.104706         2.12432
       -0.280221        0.556387         1.08844
         1.14599         1.03236         2.14914
       -0.477098       -0.240116         1.18127
        -2.43236        0.311892        -1.42648
         1.44404        0.262141        -1.86774
       -0.946761        -1.00381        0.343146
       0.0740248       -0.116353          1.1633
         1.02794         1.48969      -0.0807937
       -0.984991       -0.698935        0.467327
        0.456387         2.46539        0.063268
        0.539735       -0.336445        -0.17678
       -0.700936        -1.21313       -0.995314
       0.0536384        0.673365       0.0704341
       -0.254697        -1.04723        0.221464
       -0.349628        -1.74996        0.466754
        -1.24155         2.40765      -0.0554752
      0.00579249        0.919835         1.39092
         2.14484        0.302921         1.98027
        -2.23906       -0.351817       -0.852028
         -2.3336       -0.709678        0.127537
         0.65434       -0.379379        -0.90643
        0.509083       -0.148267       -0.855961
        0.431433       -0.204099         -0.4456
         1.14495        0.648746         0.97294
        -2.32946        0.376666         2.03123
       -0.320128        0.336295        0.521055
        0.328628        0.302161         0.44846
       0.0351022         1.40474        -1.14401
        -2.03203       -0.397842        0.854019
       -0.188294        -1.03083        0.603235
         2.20847       -0.762267       -0.859559
       -0.367235         1.60993         1.64793
        0.380199        -1.03872        0.897913
        -1.59947      -0.0243438       -0.718361
        0.647487        0.660222       -0.211391
        -2.08885         1.74021       -0.452237
        -1.40467          1.2759       -0.968208
       -0.466492       -0.428986        0.680992
         1.51231        -1.27556        -2.22029
        0.951363      0.00587763       -0.747638
       -0.498571         1.49838       0.0250006
        0.570504       -0.109031        -1.65942
        0.884675       -0.574222         1.93433
        0.117094        -2.79231        -1.27621
        -1.21554       -0.769073        0.402292
         1.19874        0.141272        -1.16337
       -0.837769        0.663862        0.594391
       -0.426086        -1.86619        0.276273
       -0.381762       -0.352135       -0.845513
        -2.38461         -1.0799        -2.03012
        0.514176         1.53373        -0.68593
       0.0926593       -0.761411       -0.216562
         1.01678      -0.0419412        -1.79959
         1.40651         1.76855         -1.0084
        -1.08239       -0.939875        -2.32502
       -0.577779       -0.284184         1.31777
       0.0138427        -1.46011        0.822711
       -0.666818       -0.163157       -0.978392
        0.351681        -1.67713        0.809767
        -1.40679       -0.151401         0.36848
       0.0162134        -0.54104       -0.277363
         1.11975         0.35352        -1.58866
       -0.354386        -2.00897       -0.363929
        -1.37793        -1.92062        0.392648
         2.33344         1.88054        0.911143
        0.849097        0.761781        -1.11153
        -1.05895         1.41325        0.767322
       -0.420048       -0.221755        -1.64212
         1.00749       -0.914139         1.46342
        0.853196         1.15777         1.07397
       -0.797182        0.704803        0.315554
       0.0477047        0.375541         1.25291
       -0.669207        -0.54926       -0.810522
         1.51132       -0.516276        0.284108
        0.586744       -0.756488        0.585647
        -0.33511       -0.302276        -1.25442
        -0.15403        0.709182        -2.04289
        -1.04181        0.876524        0.487631
        -0.14645        -1.55405         2.50354
        -0.32317        0.494161        -1.81151
        0.300768        0.514627        0.297179
        0.711931       -0.422237        0.107478
        -1.20548        -2.46697         1.85753
        0.246392       -0.122016        0.668687
        0.641772         0.27879       0.0510479
         1.64609       -0.238037       -0.209869
         0.61999         -1.0218         3.09989
        -1.71137        -1.08591       -0.102552
         2.06753       -0.438966        -1.16882
        0.705102        0.123446       -0.286587
       -0.254724         1.07099        -1.87305
       -0.934965         1.09881         1.15452
         0.53178        0.100102       -0.614149
      0.00908492         0.41976        -1.25945
        0.518498       -0.904808       -0.461627
       0.0455171        0.991943       -0.946465
        0.322593       0.0812945       -0.887362
         1.11938        0.655891         1.16616
         1.26527         1.30776        -1.22423
        0.181426       -0.583761       0.0486413
        -1.65345        -1.21686          1.8237
        0.425216       -0.180775        0.649674
        0.685231          1.1179         1.55042
        0.724048       -0.471088         -1.3029
       -0.443789         1.31878        0.440731
