       -0.402341       -0.913652        0.173066
        0.939631        0.142303        -1.25292
         2.68974        0.358839        0.842591
        -1.73785        -1.68404          0.3069
       -0.840001       -0.880601        0.715476
        -1.04738       -0.472039     -0.00432088
        -2.30623      -0.0682994        0.560357
        0.631699        0.489772       -0.606154
        -1.31199        -2.13252         1.85505
       -0.471599        -1.21106       -0.232937
        -1.05349        -1.73772       -0.403391
         1.15463         1.17968        0.632189
         2.42397        0.573389       -0.252085
        0.103918       -0.712218        0.696874
       -0.528449        -1.83958          -1.096
        -1.80119        -1.66246       -0.140372
       -0.413002        0.116797       0.0863461
       -0.681882        -1.63725        0.656668
        -1.04416        -2.27311       -0.127805
         1.37607         2.18268        -1.88906
        0.611898       -0.318816          1.1061
       -0.477051        -1.23914         1.29162
        0.377253         1.24583        -1.87357
        0.405186        -1.22016       -0.797154
        -1.62206        -1.96246       -0.488657
         2.06285        0.491904        -1.29012
         1.78909       -0.326002        -1.40551
         1.38032        0.881876        0.646021
         0.20649      -0.0834129       -0.574492
          1.3898         1.92072        0.282588
        -1.22014        -1.15886        -1.12645
         1.08324       -0.247738       -0.716843
       -0.236155       -0.613976        0.464032
         1.41073        -1.10649        -2.09043
         1.23864         2.45321         1.92267
        -1.62593        0.761255        0.756053
        -2.29896         1.79892        -1.07674
        -0.63433       -0.522551         1.29177
         1.69825         1.27711       0.0164159
       -0.278823         1.79998         1.41454
        -1.30895        -1.04217        0.940492
        0.997393        0.432781        0.214631
        -1.78081        0.502429     -0.00121304
         1.98864        0.749133          -1.762
       -0.243595         1.05967       -0.677239
        0.633451       -0.390553       -0.305224
        0.402409       -0.645705        0.160896
      0.00975193       -0.969455        -0.36467
         2.42754       -0.425815       -0.720556
        -0.23293        0.626942       -0.412796
        -2.06936       -0.388134        0.354296
       -0.150779        -1.24053        0.643801
        0.634022        0.973059       -0.416631
        0.789808       -0.119624         1.34245
       -0.261725       -0.211709        -2.12081
       -0.719592      -0.0194373       -0.567558
        0.374957       -0.048103         2.20803
      -0.0424312         1.12776         0.62485
       -0.332847        0.927159        -1.27793
        -1.86935        0.366114        0.747789
        -1.89302       -0.780423       -0.246292
        0.320523        0.213036       -0.168417
       -0.262262        0.811834         1.00906
       -0.122783        0.847626       -0.673679
        -0.86727         1.96369        -1.16846
        -1.10899        -1.42317        0.336413
        -2.27633       -0.542374        -1.08268
         0.77523        0.339015        -2.51026
       -0.301992       0.0508775      -0.0602025
         1.11233       -0.895816       -0.656916
        0.912539        -1.16085         1.67432
       -0.563262        0.573816        0.223693
        -1.08079       -0.183139         1.15147
       -0.876889       -0.190349         0.94784
       0.0387445       -0.181395        0.641446
       -0.174527       -0.550382       -0.426192
        0.335269        0.517924        0.500617
        0.350495         1.50563        0.468833
         0.20449        0.163265        -1.49887
        0.323508         0.18058        0.804343
         1.49441       -0.921351       -0.486634
       0.0609746        -1.73894       -0.160446
         1.35292         1.35241       -0.649932
        0.535102        0.549176        0.876803
        -1.85029       -0.406881        0.589141
        -1.13608        0.497688        -1.85412
        0.915749       -0.508797        0.328527
        0.238256        -1.12166         1.01217
        0.564305       -0.497977       -0.672639
        0.538744         1.28414        -1.37838
       -0.847481        0.364163        0.483363
         1.44806        -1.54437        0.271101
        -1.60252         2.17178       0.0896252
       -0.956323        0.855987        0.781169
        -1.20911       -0.414599        -1.08208
        0.825408         1.33485         1.72151
         1.56571       -0.125902       -0.060401
        0.924757        0.287691      -0.0990754
        0.674768        -1.32222         1.33086
        0.077508       -0.521723         1.42264
        -1.40325         2.03067         1.32841
       -0.328811        0.919888       0.0814089
       -0.175515         1.62359         1.17871
       -0.406642         1.95274       -0.686453
         1.03789       -0.288652        -2.44119
         0.57837        0.143119          0.9137
        0.399263       -0.580588        0.404667
         1.65285        0.452446        0.608529
