       -0.615521        0.439826         1.54757
       -0.187878       -0.106341       0.0742421
       0.0366801        -1.61684        0.109819
        -1.98374        -1.54168      -0.0561306
        0.115528       -0.173163        0.103646
          1.0793        0.116943        0.741199
       -0.406604      -0.0664321        0.513894
        0.447767       -0.477626        0.636888
        0.111862         1.43476       -0.458049
        0.559228         -1.2566       0.0350622
        -1.17252        0.648431       -0.921594
       -0.239982        0.145782        0.782239
       -0.448098        0.948355        0.526795
        0.413564        -0.95034        -1.45903
      -0.0680007        0.642442        -1.11858
       -0.149016        0.873717       -0.753993
       -0.813345         1.54844         1.12258
        0.087839       -0.987785        -1.14268
         1.24887       -0.418114       -0.259086
       -0.631248       -0.713034       -0.307914
       -0.505035       -0.536097        -1.55545
        -1.31433        0.395527       -0.834391
        0.772114       -0.160143         1.42776
         1.85419         1.52235        0.893447
        0.813326        -1.59034        -1.35613
       -0.553184        0.360833       -0.576538
       -0.831813       0.0317701       -0.249063
          1.4702        -1.02605          0.4124
        0.128999        0.955847         0.76068
       -0.229216         1.73713        0.285603
        -1.83136        -1.25685         1.36546
         1.64503         2.62761       -0.401066
         0.21526        -2.04233       -0.556561
       0.0371613       -0.209002       -0.596897
         1.06609        -1.57085        -1.25528
        0.461076       -0.177705        0.432381
          2.3872         1.65576       -0.261269
        -1.43979       -0.371007        -1.76889
        0.301319        -1.98644        0.419006
       -0.493364       -0.336951        -0.56021
        0.628337        0.139563       -0.215239
        -1.44907         -2.7798        0.505201
        -1.78304        0.936449      -0.0635664
       0.0307679       -0.310377        0.215869
         1.36375       -0.519653        -2.24503
        -1.95183        0.437716         1.65055
       -0.704249        -2.28273       -0.631659
        -1.24718        0.653137        0.262448
        0.781494        -0.19876       -0.834037
       -0.834005        -1.99778         2.02248
       -0.443605        0.507659        0.967203
       -0.355599        0.469048        -2.29757
        0.938812         1.70681       -0.620943
       -0.346899       -0.930401        0.184936
       -0.502018    -3.01479e-05        0.685114
        0.410728         1.45415       -0.948786
         1.95693         0.25375          1.0012
        0.274725        0.271855         1.57373
        -1.79078        0.907954         1.01824
        0.338219         1.17144        0.766024
       -0.506562        0.990793        -0.80374
        -1.76281      -0.0114334        0.507786
         1.72372         1.00182        -1.40574
        0.325761       -0.258108       -0.855239
      -0.0820331        -2.73036        0.780887
        0.619011         1.89997         1.62345
       -0.465711        0.754947        0.192125
       -0.395243        0.634218        -1.36102
       0.0266844        -1.95461        -1.26732
       -0.435403       -0.162368        -2.38674
      -0.0646408         -1.3159        0.946366
       -0.398526        -1.07367         1.34692
        0.301541       -0.887226        0.625574
        0.436689         1.58338        0.183373
        -1.06088       -0.125728         1.14647
        0.586844          -0.141         2.43373
        0.131732        0.760595        0.154325
       -0.121543        -0.47247         0.12357
       -0.273499       -0.423529        0.509174
         1.65757        0.253398       -0.794213
       -0.214716       -0.669211        -1.02286
        0.285706         1.30026        0.142666
       0.0682628       -0.360327       -0.921008
        0.530395       -0.614357        0.391641
       -0.739068       -0.644562       -0.312088
        0.953194       -0.529043        -1.21247
        0.322409       -0.365155        0.332545
        0.180387         1.29459      -0.0128828
       -0.355731        0.558049        0.515116
      -0.0822974        0.218238        0.272548
        0.154789         1.29793       -0.629844
        0.586865        0.730005       -0.832313
        -1.97829       -0.530568        0.371583
        0.922984        -0.83846        0.833731
        0.191734         1.61105        -1.09923
        -1.61289         1.65497          0.2161
         1.43216       -0.697599        0.734694
         1.59181        0.742959        0.848148
         2.73867        0.206621        0.326657
         1.06358         1.06655        0.156079
        -0.72921        0.471014        -1.15305
       -0.774173        0.544975        0.739171
        0.123097        0.547432        0.229319
        0.406599       -0.522728       0.0356156
       -0.449589         2.22461          -0.958
       -0.809412       -0.815092       -0.514231
        0.623149        -1.65791         1.52203
        -1.32717       -0.950811        0.562522
