0.506394           0
0.505419 0.000975434
0.506531  0.00124642
0.50366  0.00300341
0.502191  0.00275126
0.500854   0.0026139
0.503536  0.00347441
0.504052  0.00305291
0.503583  0.00273295
0.501214  0.00340415
0.499985  0.00331548
0.50016  0.00303163
0.500513  0.00281098
0.500319  0.00260967
0.500069  0.00244235
0.502089  0.00305001
0.501955  0.00286812
0.50203  0.00270512
0.50241  0.00258682
0.502239  0.00245996
0.502193  0.00234034
0.502628  0.00227343
0.501909  0.00228835
0.501397  0.00224989
0.501469  0.00215921
0.500565  0.00226315
0.500407  0.00218344
0.500215   0.0021127
0.500182  0.00203881
0.500143  0.00197007
0.499822  0.00193239
0.499685  0.00187603
0.499734  0.00181896
0.499716  0.00176474
0.500207   0.0017823
0.500321  0.00173589
0.500405   0.0016904
0.500574  0.00165397
0.500453  0.00161558
0.500522  0.00157619
0.500891  0.00158104
0.501175  0.00156888
0.501354  0.00154233
0.501247  0.00151063
0.501008  0.00149589
0.501151  0.00146997
0.501207  0.00143943
0.501334  0.00141484
0.501198   0.0013923
0.501583  0.00141746
0.501586  0.00138939
0.501462    0.001368
0.501321  0.00134934
0.501434  0.00132893
0.501337  0.00130813
0.501292  0.00128536
0.501591  0.00129766
0.501867   0.0013045
0.501889  0.00128239
0.501892  0.00126084
0.502039  0.00124871
0.50228   0.0012519
0.502342  0.00123343
0.502278  0.00121571
0.502368  0.00120021
0.502462  0.00118565
0.502576  0.00117338
0.502263  0.00119766
0.502119  0.00118891
0.502078  0.00117254
0.502065  0.00115597
0.501637  0.00121758
0.501591  0.00120166
0.501591  0.00118531
0.501622  0.00116982
0.501501  0.00116064
0.501553  0.00114663
0.501685  0.00113951
0.501712  0.00112533
0.501896  0.00112621
0.501825  0.00111448
0.50158  0.00112763
0.501557  0.00111419
0.501375  0.00111586
0.501241  0.00111073
0.501197  0.00109864
0.501336  0.00109486
0.501387  0.00108355
0.501342  0.00107226
0.501367  0.00106056
0.501434  0.00105099
0.501335  0.00104414
0.501397  0.00103467
0.501369  0.00102399
0.501288  0.00101635
0.501285  0.00100571
0.501435  0.00100652
0.501277  0.00100858
0.50149  0.00102079
0.501438  0.00101189
0.501351  0.00100556
0.501327 0.000995951
0.501245 0.000989638
0.501351 0.000985831
0.501361 0.000976446
0.501184 0.000983247
0.501172 0.000974081
0.501065 0.000970929
0.501064 0.000961981
0.501204  0.00096347
0.50124 0.000955423
0.501203 0.000947586
0.50117 0.000939734
0.501284 0.000938341
0.501258  0.00093051
0.501 0.000957862
0.500975 0.000949946
0.50095 0.000942203
0.501036 0.000938182
0.501002 0.000930956
0.501019 0.000923385
0.501077 0.000917626
0.501103 0.000910523
0.50095 0.000916099
0.50104 0.000913154
0.501046 0.000905903
0.501087 0.000899676
0.501179 0.000897296
0.501301 0.000898685
0.501198 0.000897752
0.50128 0.000894635
0.501308 0.000888302
0.501332 0.000881921
0.501418 0.000879462
0.501396 0.000873184
0.501323 0.000869842
0.501218 0.000869781
0.501259 0.000864407
0.501202 0.000860057
0.501178 0.000854218
0.501201 0.000848454
0.501304  0.00084875
0.501249 0.000844592
0.501193  0.00084057
0.501188 0.000834771
0.501143 0.000830232
0.501102 0.000825613
0.500999  0.00082638
0.500998 0.000820818
0.50097 0.000815808
0.500866 0.000816917
0.500807 0.000813677
0.50082 0.000808437
0.500742 0.000806954
0.500675 0.000804491
0.500597 0.000803149
0.500581 0.000798177
0.500611 0.000793693
0.500612 0.000788686
0.500629 0.000783917
0.500727 0.000785167
0.500772 0.000781612
0.500703 0.000779838
0.500632  0.00077835
0.500641 0.000773674
0.50056  0.00077321
0.500558 0.000768569
0.500548 0.000764041
0.500638 0.000764726
0.500749 0.000768259
0.500697 0.000765515
0.500671 0.000761477
0.500633 0.000758019
0.50057 0.000756306
0.500565 0.000751988
0.500522 0.000748938
0.500507 0.000744838
0.500567 0.000743044
0.500602 0.000739709
0.500627 0.000735999
0.500696 0.000735239
0.500731 0.000731989
0.50069 0.000729113
0.500717 0.000725653
0.500681 0.000722624
0.500638  0.00072003
0.500713  0.00072012
0.500769 0.000718487
0.50076 0.000714732
0.500728 0.000711677
0.500738    0.000708
0.500756 0.000704549
0.500749 0.000700924
0.500797 0.000698929
0.50079 0.000695375
0.500794 0.000691829
0.500864 0.000691851
0.50085 0.000688486
0.500806  0.00068639
0.500841  0.00068382
0.500773  0.00068381
0.50078  0.00068046
0.50085 0.000680612
0.500901 0.000679228
0.500859 0.000677212
0.500811 0.000675644
0.500887 0.000676677
0.500888 0.000673417
0.500887 0.000670188
0.500899 0.000667107
0.500943 0.000665342
0.500886 0.000664636
0.500876 0.000661579
0.50082 0.000660877
0.50079 0.000658464
0.500823 0.000656244
0.500843 0.000653509
0.500899 0.000652893
0.500898 0.000649906
0.500856 0.000648273
0.500756 0.000653073
0.500737 0.000650391
0.500735 0.000647472
0.500773 0.000645708
0.500764 0.000642898
0.500732 0.000640868
0.500737 0.000638058
0.500698  0.00063644
0.500633 0.000636925
0.500542 0.000640731
0.500576 0.000638879
0.500577 0.000636121
0.500574 0.000633392
0.500582  0.00063073
0.500566 0.000628251
0.500551 0.000625774
0.500497 0.000625415
0.500551 0.000625093
0.500565 0.000622635
0.500632 0.000623646
0.500639 0.000621091
0.500683 0.000620086
0.50064 0.000618999
0.500663 0.000616883
0.500689 0.000614888
0.500757 0.000616151
0.500753 0.000613661
0.500772 0.000611479
0.500783  0.00060911
0.500811 0.000607303
0.50088 0.000608806
0.500854 0.000606918
0.500875 0.000604866
0.500842   0.0006034
0.500827 0.000601214
0.500757  0.00060291
0.500736 0.000600928
0.500743 0.000598634
0.500748 0.000596339
0.500758 0.000594124
0.500816 0.000594687
0.500817 0.000592414
0.500822 0.000590182
0.500865 0.000589494
0.500898 0.000588168
0.500873 0.000586474
0.500955 0.000589999
0.501023 0.000591752
0.501016  0.00058959
0.50103 0.000587556
0.500982 0.000587303
0.500994 0.000585246
0.501064 0.000587362
0.501061  0.00058522
0.501119 0.000585923
0.501203 0.000589774
0.501182 0.000588026
0.501202 0.000586276
0.501213 0.000584263
0.501211 0.000582177
0.501192 0.000580413
0.501141 0.000580537
0.501107 0.000579521
0.501118 0.000577592
0.501169 0.000577807
0.501202 0.000576746
0.501242 0.000576096
0.501239 0.000574098
0.501193 0.000573975
0.501216 0.000572446
0.501216 0.000570476
0.501228 0.000568649
0.501171 0.000569549
0.501197 0.000568204
0.501231  0.00056727
0.501214 0.000565588
0.501258 0.000565352
0.501176 0.000569352
0.501149 0.000568058
0.501149 0.000566162
0.501105 0.000566043
0.501086 0.000564486
0.501105 0.000562957
0.501115 0.000561188
0.501155 0.000560772
0.501151 0.000558952
0.501144 0.000557162
0.501162 0.000555615
0.501146 0.000554035
0.501156  0.00055233
0.501193 0.000551844
0.501129  0.00055382
0.501179 0.000554306
0.501167 0.000552665
0.501096 0.000555428
0.501074 0.000554136
0.501058 0.000552598
0.501025 0.000551853
0.501056 0.000550956
0.501044 0.000549348
0.501032 0.000547766
0.501014 0.000546356
0.50098 0.000545728
0.500969 0.000544151
0.500894 0.000547736
0.500888 0.000546083
0.50091 0.000544862
0.500889 0.000543592
0.500872 0.000542208
0.500895 0.000541055
0.500881 0.000539607
0.500844 0.000539272
0.500834 0.000537736
0.500838 0.000536138
0.50084  0.00053454
0.50085 0.000533037
0.50084 0.000531547
0.500839 0.000529973
0.500797 0.000530122
0.500811 0.000528761
0.500808  0.00052722
0.500805  0.00052568
0.500775 0.000525001
0.500762 0.000523651
0.500719 0.000523914
0.500694 0.000522989
0.500729 0.000522663
0.500746 0.000521452
0.50073 0.000520207
0.500698 0.000519738
0.500726 0.000519054
0.500758  0.00051853
0.500769 0.000517173
0.500767 0.000515712
0.500759 0.000514328
0.50076 0.000512881
0.500758 0.000511446
0.50078 0.000510481
0.500771 0.000509125
0.500753 0.000508041
0.500748  0.00050666
0.50074 0.000505323
0.500761   0.0005044
0.50074 0.000503467
0.500761 0.000502526
0.500759 0.000501153
0.500737 0.000500307
0.500748 0.000499072
0.500785 0.000499075
0.500844 0.000501204
0.500875 0.000500861
0.500877 0.000499517
0.500867 0.000498273
0.500836 0.000497904
0.500828 0.000496646
0.500815 0.000495489
0.500832 0.000494467
0.500871 0.000494662
0.500826  0.00049541
0.500838 0.000494247
0.500848 0.000493068
0.500901 0.000494601
0.500948 0.000495477
0.500953 0.000494211
0.500958  0.00049295
0.500977 0.000492074
0.500975 0.000490808
0.50094 0.000490773
0.50092 0.000489915
0.500927 0.000488707
0.500955 0.000488266
0.500975 0.000487425
0.500983  0.00048625
0.50096 0.000485546
0.500989 0.000485183
0.50098 0.000484039
0.500945 0.000484117
0.500923 0.000483414
0.500899  0.00048278
0.50089 0.000481653
0.500925 0.000481692
0.500931  0.00048053
0.50094 0.000479431
0.500937 0.000478254
0.500917 0.000477513
0.500913 0.000476346
0.500934 0.000475628
0.500934  0.00047446
0.500948 0.000473491
0.500921 0.000473065
0.50094 0.000472268
0.500986 0.000473407
0.500959 0.000473019
0.500935 0.000472513
0.500921 0.000471564
0.500916 0.000470462
0.500926 0.000469436
0.500922 0.000468324
0.500945 0.000467769
0.500949 0.000466666
0.500952 0.000465566
0.50097 0.000464839
0.500975  0.00046376
0.500967 0.000462737
0.50096 0.000461701
0.500938 0.000461133
0.500932 0.000460086
0.500905 0.000459823
0.500922 0.000459083
0.500905 0.000458322
0.500881 0.000457927
0.500865 0.000457137
0.500849 0.000456348
0.500851   0.0004553
0.500817 0.000455542
0.500795 0.000455043
0.500811 0.000454279
0.500831 0.000453672
0.500822 0.000452717
0.500779 0.000453698
0.500813 0.000453883
0.500801 0.000453005
0.500833 0.000453137
0.500843 0.000452217
0.500858  0.00045144
0.500841  0.00045074
0.500847 0.000449772
0.500847 0.000448767
0.500878 0.000448832
0.500906 0.000448716
0.50092 0.000447919
0.500926 0.000446967
0.50092 0.000446018
0.500903 0.000445355
0.500919 0.000444659
0.500898 0.000444165
0.500847 0.000446162
0.500879  0.00044636
0.500856 0.000445964
0.50087 0.000445197
0.500828 0.000446195
0.500814 0.000445441
0.500807 0.000444539
0.500809 0.000443587
0.500816 0.000442689
0.500813 0.000441753
0.500813 0.000440806
0.500801 0.000440005
0.500746 0.000442539
0.500767 0.000442087
0.500754 0.000441331
0.500755 0.000440396
0.500738 0.000439812
0.500687  0.00044185
0.500674  0.00044111
0.500651  0.00044078
0.500662 0.000440015
0.500633 0.000440052
0.500622 0.000439277
0.50061 0.000438522
0.500578 0.000438835
0.500551 0.000438742
0.500535 0.000438119
0.500539 0.000437229
0.500537 0.000436329
0.50053 0.000435483
0.500556 0.000435336
0.500571 0.000434721
0.500572 0.000433832
0.50058 0.000433015
0.500591 0.000432279
0.500574 0.000431751
0.500592 0.000431259
0.500604 0.000430533
0.500613  0.00042976
0.500618 0.000428926
0.500613 0.000428096
0.50062 0.000427294
0.500619 0.000426438
0.5006 0.000426017
0.500578 0.000425728
0.500604 0.000425709
0.500557 0.000427527
0.500545 0.000426843
0.500562 0.000426356
0.500551 0.000425666
0.500553 0.000424832
0.500542  0.00042414
0.500527 0.000423568
0.500519 0.000422808
0.500506  0.00042219
0.500486 0.000421852
0.500506 0.000421505
0.500517 0.000420837
0.500531 0.000420246
0.500577 0.000421961
0.500578 0.000421145
0.500555  0.00042096
0.50054 0.000420415
0.50053 0.000419726
0.50053  0.00041892
0.500551 0.000418651
0.500569 0.000418219
0.500567 0.000417423
0.500548 0.000417041
0.500563 0.000416488
0.500546 0.000416009
0.500535 0.000415368
0.500527 0.000414666
0.500524 0.000413894
0.500507 0.000413456
0.500506  0.00041268
0.50049 0.000412199
0.50048 0.000411546
0.500491 0.000410924
0.500481 0.000410301
0.500467 0.000409755
0.500481 0.000409228
0.500456  0.00040921
0.500427 0.000409476
0.500423 0.000408742
0.50041 0.000408184
0.500409 0.000407433
0.500405 0.000406705
0.500434 0.000406992
0.500439  0.00040628
0.500436 0.000405549
0.500429 0.000404867
0.500446 0.000404475
0.500456 0.000403854
0.500469 0.000403322
0.500479 0.000402731
0.500489 0.000402125
0.500469 0.000401895
0.500479 0.000401297
0.500458 0.000401106
0.500471 0.000400571
0.500467 0.000399869
0.500479 0.000399332
0.500468 0.000398764
0.500467 0.000398055
0.500443 0.000398073
0.500452  0.00039748
0.500465 0.000396988
0.500468 0.000396295
0.50044 0.000396628
0.50045 0.000396055
0.500437 0.000395548
0.500459 0.000395445
0.500461 0.000394758
0.500448  0.00039429
0.500425  0.00039429
0.500436 0.000393752
0.500444 0.000393149
0.500453 0.000392574
0.500445 0.000391977
0.500447   0.0003913
0.500428 0.000391048
0.500423 0.000390414
0.500454 0.000391028
0.500431 0.000391059
0.500446 0.000390676
0.500444  0.00039001
0.500457 0.000389544
0.500469  0.00038906
0.500463 0.000388429
0.500459 0.000387787
0.500466 0.000387182
0.50045 0.000386844
0.500478 0.000387169
0.500497 0.000386992
0.500503 0.000386383
0.500509 0.000385771
0.500484 0.000385872
0.500482 0.000385231
0.50046 0.000385238
0.500434 0.000385445
0.500409 0.000385607
0.500427 0.000385396
0.500454 0.000385669
0.500454 0.000385027
0.500463  0.00038449
0.500453    0.000384
0.500435 0.000383766
0.500443 0.000383218
0.500442 0.000382587
0.500425 0.000382333
0.500417 0.000381801
0.500404  0.00038138
0.50039 0.000381023
0.50039 0.000380399
0.500375 0.000380042
0.500403  0.00038046
0.500386  0.00038022
0.50038 0.000379663
0.500382 0.000379054
0.500346 0.000380127
0.500327 0.000379977
0.500341 0.000379594
0.500353   0.0003792
0.500347 0.000378642
0.500347 0.000378034
0.500341 0.000377467
0.500331 0.000376987
0.500322 0.000376502
0.500313 0.000375996
0.500321 0.000375466
0.500298 0.000375524
0.500288  0.00037507
0.500303 0.000374773
0.500287 0.000374535
0.500263 0.000374711
0.500268 0.000374156
0.500276 0.000373656
0.500278 0.000373071
0.500297 0.000372976
0.500295 0.000372395
0.500302 0.000371881
0.50028 0.000371978
0.500273 0.000371453
0.500278 0.000370906
0.500268  0.00037047
0.500271 0.000369903
0.500268 0.000369337
0.500255 0.000369016
0.50024 0.000368749
0.500238 0.000368184
0.500225 0.000367843
0.500201  0.00036801
0.500216 0.000367726
0.500216  0.00036716
0.50022 0.000366626
0.500234 0.000366305
0.500215 0.000366203
0.500214 0.000365644
0.50022 0.000365123
0.500232 0.000364795
0.500223 0.000364361
0.500213 0.000363958
0.500221 0.000363499
0.500199 0.000363618
0.500198 0.000363069
0.500178 0.000363123
0.500186  0.00036268
0.500191 0.000362162
0.500192  0.00036162
0.50018 0.000361283
0.500182  0.00036075
0.500183 0.000360212
0.500193 0.000359813
0.500172 0.000359932
0.50019 0.000359867
0.500189 0.000359332
0.500215 0.000359702
0.500232 0.000359561
0.500248 0.000359401
0.50025 0.000358874
0.500246 0.000358361
0.500239 0.000357907
0.500247 0.000357474
0.500263 0.000357296
0.500249 0.000357043
0.500236 0.000356762
0.500223 0.000356463
0.500222 0.000355944
0.500227  0.00035546
0.500245 0.000355388
0.500241  0.00035489
0.500234 0.000354451
0.500218 0.000354275
0.50021 0.000353848
0.500228 0.000353765
0.500237 0.000353385
0.500276 0.000354962
0.500284 0.000354551
0.500302 0.000354469
0.500288 0.000354233
0.500294 0.000353781
0.500289 0.000353315
0.500281 0.000352884
0.500271 0.000352529
0.500272 0.000352026
0.500257 0.000351831
0.500265 0.000351423
0.500264 0.000350926
0.500275 0.000350625
0.500274  0.00035013
0.500278 0.000349654
0.50029 0.000349359
0.500292 0.000348877
0.500268 0.000349226
0.500286 0.000349196
0.500286 0.000348705
0.500288 0.000348221
0.50028 0.000347824
0.500277 0.000347347
0.500293 0.000347218
0.500303  0.00034689
0.500304 0.000346407
0.500306 0.000345932
0.500323  0.00034589
0.500323 0.000345411
0.500346  0.00034572
0.50034 0.000345292
0.500351 0.000344981
0.500348 0.000344515
0.500343 0.000344082
0.500329 0.000343874
0.500323 0.000343467
0.50032 0.000343004
0.500324 0.000342552
0.500324 0.000342083
0.500318 0.000341659
0.500329  0.00034137
0.500336  0.00034097
0.500332 0.000340535
0.500325 0.000340132
0.500315 0.000339837
0.500329 0.000339675
0.500335 0.000339269
0.500341 0.000338869
0.500332 0.000338553
0.500341 0.000338239
0.500334 0.000337856
0.500337 0.000337415
0.500325  0.00033717
0.500332 0.000336787
0.500332 0.000336336
0.500329 0.000335902
0.500334 0.000335504
0.500321 0.000335318
0.500337 0.000335258
0.50034 0.000334821
0.50035 0.000334546
0.500349 0.000334104
0.500355 0.000333705
0.500364 0.000333385
0.500361 0.000332959
0.500343 0.000332991
0.500324 0.000333112
0.500308 0.000333019
0.500303 0.000332628
0.500296 0.000332258
0.500288 0.000331919
0.500291 0.000331496
0.500306 0.000331414
0.50031 0.000331001
0.500314 0.000330594
0.500312 0.000330167
0.500308 0.000329769
0.500293 0.000329663
0.500312 0.000329792
0.500314  0.00032937
0.500317 0.000328959
0.500321 0.000328563
0.500315 0.000328203
0.500308 0.000327849
0.500291 0.000327898
0.500303 0.000327718
0.500291 0.000327547
0.50031 0.000327687
0.500295   0.0003276
0.500281  0.00032746
0.500293 0.000327253
0.5003 0.000326912
0.500281 0.000327075
0.500265  0.00032704
0.500248 0.000327075
0.500249 0.000326664
0.500246  0.00032627
0.500226 0.000326472
0.500236 0.000326235
0.500229  0.00032592
0.500253 0.000326437
0.500274 0.000326662
0.500274 0.000326251
0.500272 0.000325845
0.500259 0.000325713
0.500248 0.000325492
0.500256 0.000325206
0.500281 0.000325715
0.500276 0.000325339
0.500257 0.000325488
0.500248 0.000325207
0.500233 0.000325158
0.500234 0.000324754
0.500239 0.000324394
0.500245 0.000324046
0.50026 0.000324013
0.500268 0.000323701
0.500266 0.000323308
0.500266  0.00032291
0.500221 0.000325644
0.50021 0.000325442
0.500207 0.000325056
0.500209 0.000324669
0.500218  0.00032438
0.500221 0.000323998
0.500218 0.000323615
0.50023 0.000323451
0.500218 0.000323263
0.500222 0.000322884
0.500222 0.000322492
0.500214 0.000322194
0.500207  0.00032187
0.500198 0.000321607
0.500196 0.000321223
0.500189 0.000320932
0.500189 0.000320545
0.500198 0.000320286
0.500207 0.000320033
0.500204  0.00031967
0.500189 0.000319617
0.500186 0.000319249
0.500191 0.000318899
0.500176 0.000318828
0.500181 0.000318484
0.500158 0.000318958
0.500156 0.000318584
0.500161 0.000318241
0.500143 0.000318352
0.500143 0.000317974
0.500153 0.000317747
0.500166  0.00031762
0.500155 0.000317443
0.500166 0.000317259
0.500161 0.000316917
0.500131  0.00031794
0.500131 0.000317566
0.500109  0.00031794
0.500105 0.000317586
0.500117 0.000317438
0.500122 0.000317102
0.500109 0.000317012
0.500097 0.000316849
0.500078 0.000317061
0.500066 0.000316932
0.50007 0.000316589
0.500066 0.000316249
0.500071 0.000315922
0.500067 0.000315572
0.500055 0.000315455
0.500055  0.00031509
0.500069 0.000315037
0.500069 0.000314673
0.500082 0.000314571
0.500095 0.000314482
0.500095  0.00031412
0.500099 0.000313784
0.500102 0.000313441
0.500091 0.000313274
0.500089 0.000312923
0.500093 0.000312586
0.5001 0.000312309
0.500097 0.000311971
0.500107 0.000311803
0.500093  0.00031179
0.500093 0.000311435
0.500095  0.00031109
0.500101 0.000310791
0.500093 0.000310533
0.50009 0.000310197
0.500097 0.000309929
0.500103 0.000309623
0.500104 0.000309277
0.500108 0.000308948
0.500104 0.000308625
0.500112 0.000308381
0.500106 0.000308095
0.5001 0.000307796
0.50011 0.000307601
0.500101 0.000307377
0.500095 0.000307089
0.500078 0.000307233
0.500081 0.000306904
0.50008 0.000306562
0.500068 0.000306461
0.500069 0.000306121
0.500064 0.000305819
0.500059 0.000305522
0.50005  0.00030532
0.500047 0.000304994
0.500056 0.000304788
0.500068 0.000304679
0.500081 0.000304651
0.5001 0.000304848
0.500104 0.000304542
0.500108  0.00030424
0.500129 0.000304608
0.500129 0.000304273
0.500113 0.000304383
0.500117 0.000304077
0.500113 0.000303767
0.500118 0.000303478
0.500125 0.000303218
0.500118 0.000302961
0.500121 0.000302639
0.500116 0.000302346
0.500119 0.000302031
0.500126 0.000301794
0.500132 0.000301521
0.500128 0.000301226
0.500114 0.000301197
0.500119 0.000300911
0.500118 0.000300588
0.5001 0.000300794
0.500099 0.000300472
0.500082 0.000300647
0.500093 0.000300546
0.500098 0.000300261
0.500102 0.000299968
0.500096 0.000299703
0.500103 0.000299452
0.500103 0.000299132
0.500104 0.000298814
0.500106   0.0002985
0.500091 0.000298556
0.500094 0.000298252
0.500109 0.000298331
0.500107 0.000298027
0.50011 0.000297729
0.500124 0.000297747
0.500131 0.000297517
0.500136 0.000297246
0.500139 0.000296943
0.500138  0.00029663
0.500134  0.00029635
0.500142  0.00029614
0.500136 0.000295873
0.500127 0.000295711
0.50014   0.0002957
0.500132 0.000295521
0.500127 0.000295241
0.500145 0.000295443
0.500171 0.000296329
0.500175 0.000296042
0.500179 0.000295755
0.500182 0.000295464
0.500185 0.000295172
0.500184 0.000294868
0.500174 0.000294722
0.500185  0.00029463
0.500186 0.000294327
0.500179 0.000294109
0.500182  0.00029382
0.500182 0.000293516
0.500166 0.000293659
0.500157 0.000293497
0.500149 0.000293292
0.500144 0.000293038
0.500152 0.000292842
0.500163 0.000292775
0.500176 0.000292755
0.500162 0.000292779
0.500134 0.000293837
0.500143 0.000293669
0.500144  0.00029337
0.50014 0.000293099
0.500121 0.000293401
0.500144 0.000293986
0.500143 0.000293689
0.500148 0.000293425
0.500139 0.000293243
0.500133 0.000293016
0.50013 0.000292729
0.500139 0.000292552
0.50015 0.000292468
0.500139 0.000292371
0.500127 0.000292321
0.500119 0.000292131
0.500118  0.00029184
0.500117 0.000291548
0.500118 0.000291258
0.500122  0.00029099
0.500115 0.000290782
0.500105 0.000290661
0.50011 0.000290409
0.500116 0.000290181
0.500105 0.000290103
0.500114 0.000289979
