2.92322    0.101353
2.95321    0.065752
2.94218    0.047784
2.93982   0.0370882
2.93736   0.0303824
2.94819   0.0278689
2.95561   0.0252488
2.9441   0.0250646
2.93955   0.0228765
2.92885   0.0232944
2.92809   0.0212784
2.93162   0.0198891
2.92777   0.0188122
2.92272   0.0182261
2.92154   0.0170899
2.92301   0.0161207
2.92078   0.0153613
2.91402   0.0160263
2.91702   0.0154966
2.91296   0.0152879
2.91112   0.0146918
2.90945   0.0141385
2.90812    0.013601
2.90988   0.0131633
2.91385   0.0132563
2.91008   0.0133026
2.90929   0.0128427
2.91096   0.0125029
2.90865   0.0122962
2.90699   0.0120084
2.91193   0.0126338
2.91466   0.0125446
2.91608   0.0122527
2.91773   0.0120119
2.91735   0.0116799
2.916   0.0114398
2.91782   0.0112821
2.91983   0.0111716
2.92009   0.0108919
2.92061   0.0106354
2.91909   0.0104885
2.92011   0.0102923
2.91644   0.0107046
2.91699   0.0104784
2.91799   0.0102967
2.9167   0.0101581
2.92247   0.0114965
2.92155   0.0112964
2.9213    0.011071
2.92005   0.0109244
2.91778   0.0109498
2.91812   0.0107466
2.91926   0.0106068
2.91897    0.010416
2.91724   0.0103742
2.91655   0.0102142
2.91633   0.0100389
2.91675  0.00987628
2.91584  0.00975266
2.91582  0.00959148
2.91462  0.00951049
2.91454  0.00935873
2.91324  0.00930148
2.91367  0.00916734
2.91274  0.00907553
2.9108  0.00914762
2.91093  0.00901305
2.91121  0.00888595
2.90876  0.00909426
2.90768  0.00903045
2.90785  0.00890571
2.90765  0.00878512
2.90738  0.00866962
2.90671  0.00857944
2.90717  0.00847793
2.90632  0.00840991
2.90575  0.00832059
2.9056   0.0082161
2.90518  0.00812327
2.90472  0.00803592
2.90549  0.00797529
2.90522  0.00788332
2.90578  0.00780882
2.90473  0.00778692
2.90454  0.00769828
2.90314  0.00773727
2.90256  0.00767084
2.90287  0.00759061
2.90203  0.00755317
2.90136  0.00749885
2.90088  0.00743245
2.90132  0.00736485
2.9035  0.00760693
2.90264  0.00757532
2.90322  0.00751774
2.90569  0.00784112
2.90514  0.00777998
2.90492  0.00770428
2.9037  0.00772429
