        0.741595        0.820921        0.403377
         1.63567        -2.11274       -0.252374
        -1.28462        0.613331       -0.279391
       -0.528249        -2.12936        0.162589
        -1.64573        0.723925       -0.962588
       -0.403847        0.664103        -1.15345
         0.37805        0.716328        -1.71621
       -0.438433       -0.555491        0.392221
       -0.745731          -1.485        0.079686
       -0.527844       -0.934527       -0.262894
        0.202482         2.42342        0.682352
       -0.987623       -0.457741        -2.67984
       -0.251014        0.976751        0.481481
       -0.354358       -0.533457      -0.0868177
       -0.175315        0.406504     -0.00656343
         1.02714       -0.430106        -1.48749
        -0.75345        0.460218        0.770347
       -0.685068        0.596038        0.372184
         1.83208        0.735516       -0.989922
        0.762085        0.244065         1.09643
       -0.130075        0.656075       -0.164114
       -0.507206      -0.0176332         1.45998
        -1.11665         1.32826       0.0891099
       -0.286375         0.43546        -2.51452
        0.886068        0.819595         1.13058
        -1.80747         1.16696        0.268823
       -0.289103        -1.36279       -0.500939
       -0.576824       -0.263756         1.50592
       -0.731636       -0.191131       -0.661579
        -1.60989        0.164079        -1.13477
        0.842147       -0.495646        0.129466
        -1.72047        -2.14652         1.23334
        0.305965       -0.329238         1.44892
        -2.18497        -1.25289         1.40137
         -2.1614         1.44146       -0.777126
        0.733105       -0.229171        0.290588
       -0.055284          1.6087        -0.57395
       -0.669277       -0.697749        -0.26965
       0.0753329       -0.694844       -0.332489
        -0.90296       -0.702507         1.72587
       -0.160405         0.48156        -1.45761
        0.863882        -0.55812        -0.76036
        -1.20687        -1.12974       -0.854226
       -0.198425        0.150229       -0.382992
       0.0940888       -0.762427       -0.130861
       -0.275967        -0.36272         2.37753
       -0.192949         1.94553       -0.480603
        0.271193       -0.723908       -0.786578
         0.36801        0.438042         1.30625
       0.0362199        -1.49157        0.636672
        0.287263       0.0164689      -0.0533685
       -0.344451       -0.508937         0.60126
         1.82146        -2.87431        -0.36801
       -0.342676          0.3866        -1.60939
       0.0802496         1.04037        0.497631
        -1.22734        0.722726       -0.528712
         2.09632        0.190041         -0.2412
         1.42816        -2.64523        0.333623
        -1.63596        0.515104         2.27431
        0.925107       -0.227193     -0.00266411
         2.07452         0.43241       -0.919267
       -0.613654           1.043       -0.354914
       -0.291665       -0.140805       -0.721743
      -0.0898013         1.26344        0.458904
        0.580115      -0.0208193         1.58071
           1.738        -1.38836       -0.694729
        -0.43461        0.627174        -1.12841
      -0.0766994         0.37712       0.0143774
         1.22676       -0.948413         2.58215
        0.846002        0.969462        -1.30354
       0.0977894        0.422208        -1.39437
       -0.083127       -0.805595         1.93151
        0.401177        -1.35775       0.0363343
       -0.510262         1.83439        0.108607
       0.0653825        0.989084        0.941559
         1.79462       -0.466887        0.596951
        0.514735         1.14113        0.364291
         -1.7618         -1.7247        0.812074
        0.279984       -0.255839        0.777814
        0.562577         1.71713       -0.376357
        0.207535         1.11505        0.373852
        0.399278         1.30381         1.24686
        0.130841         1.77734        0.569567
         1.19805          1.4448        -0.47739
        -1.70368       -0.201215        -1.49455
        -2.06526        0.229603         -0.3124
       -0.950444        -1.37087       -0.105439
        0.148079          1.3705       -0.709067
         1.43942        0.460595       -0.288769
         1.40905        -2.18337        0.467066
         1.46158        -1.55691        -2.78958
        0.763146        0.510418        -0.19391
        -2.02333        -1.83176       -0.453114
       -0.834838       -0.226794         -1.3545
        0.282942         1.17654        -1.74587
         1.23459       -0.128942       -0.933131
        0.568737       -0.508605         1.97389
       -0.664721        0.466279       -0.013287
        0.204184        0.642395         1.30068
       0.0390377        -2.44213        0.471533
         1.25934        -1.38726        -1.23946
         1.32413         1.66255          2.0516
        -1.17891       -0.192017      -0.0439466
        0.884501         0.70157        0.449734
        -1.11897        0.762929        -1.85384
         1.25764       -0.445226         1.34982
       -0.516519        0.473665        0.577515
         1.94678       0.0877326          1.1755
